

############################################################################
############################################################################

          ██████╗ ███╗   ███╗██╗ ██████╗██████╗  ██████╗ ███╗   ██╗
         ██╔═══██╗████╗ ████║██║██╔════╝██╔══██╗██╔═══██╗████╗  ██║
         ██║   ██║██╔████╔██║██║██║     ██████╔╝██║   ██║██╔██╗ ██║
         ██║   ██║██║╚██╔╝██║██║██║     ██╔══██╗██║   ██║██║╚██╗██║
         ╚██████╔╝██║ ╚═╝ ██║██║╚██████╗██║  ██║╚██████╔╝██║ ╚████║
          ╚═════╝ ╚═╝     ╚═╝╚═╝ ╚═════╝╚═╝  ╚═╝ ╚═════╝ ╚═╝  ╚═══╝
                                                            2.4.2
############################################################################
############################################################################


file : /home/hongyin.chen/Full_Dev/CCSNet/L1/parameters/parameters-0.txt		ok
ffl::ffl: detect file format
ffl::Convert2Ffl: FFL conversion
ffl::Reset: reset ffl
ffl::LoadFrameFile: load FFL file
ffl::LoadFrameFile: extract frame information
ffl::LoadFrameFile: check frame information
Streams::MakeLVDetector: this stream is now a LV detector: L1 detindex=3
Sample::SetFrequencies: new native sampling frequency (1024Hz)
Sample::SetFrequencies: new working sampling frequency (1024Hz)
Otile::Otile: creating 5 Q-planes
MakeTriggers::InitUserMetaData: init user-defined metadata fields
>>>>>>>>>> (19:02:17 (UTC) [+7s]: Omicron has been successfully initiated <<<<<<<<<<
Omicron::InitSegments: initiate data segments...
Omicron::MakeDirectories: make directory structure...
>>>>>>>>>> (19:02:17 (UTC) [+7s]: Start looping over chunks and channels <<<<<<<<<<
Omicron::NewChunk: call a new chunk...
Omicron::NewChannel: load a new channel...
Omicron::LoadData: load data vector...
Sample::SetFrequencies: new native sampling frequency (16384Hz)
Omicron::Condition: condition data vector...
Sample::Transform: remove DC...
Sample::Transform: resample input data...
Sample::Resample: apply anti-aliasing filters
Sample::Resample: decimate time-series
Spectrum::LoadData: compute PSD
Spectrum::LoadData: compute PSD
Omicron::Project: project data onto the tiles...
Omicron::WriteOutput: write chunk output...
Otile::SaveTriggers: Saving triggers for L1:DCS-CALIB_STRAIN_CLEAN_C01 chunk centered on 1263592020...
Triggers::SortTriggers: sorting triggers
Triggers::Clusterize: cluster 0 triggers...
MakeTriggers::Write: writing /home/hongyin.chen/Full_Dev/CCSNet/L1/triggers/L1:DCS-CALIB_STRAIN_CLEAN_C01/L1-DCS_CALIB_STRAIN_CLEAN_C01_OMICRON-1263591990-60.xml
MakeTriggers::Write: writing /home/hongyin.chen/Full_Dev/CCSNet/L1/triggers/L1:DCS-CALIB_STRAIN_CLEAN_C01/L1-DCS_CALIB_STRAIN_CLEAN_C01_OMICRON-1263591990-60.h5
MakeTriggers::Write: writing /home/hongyin.chen/Full_Dev/CCSNet/L1/triggers/L1:DCS-CALIB_STRAIN_CLEAN_C01/L1-DCS_CALIB_STRAIN_CLEAN_C01_OMICRON-1263591990-60.root
MakeTriggers::Reset: reset all
Omicron::NewChannel: load a new channel...
Omicron::NewChunk: call a new chunk...
Omicron::NewChannel: load a new channel...
Omicron::LoadData: load data vector...
Omicron::Condition: condition data vector...
Sample::Transform: remove DC...
Sample::Transform: resample input data...
Sample::Resample: apply anti-aliasing filters
Sample::Resample: decimate time-series
Spectrum::LoadData: compute PSD
Spectrum::LoadData: compute PSD
Omicron::Project: project data onto the tiles...
Omicron::WriteOutput: write chunk output...
Otile::SaveTriggers: Saving triggers for L1:DCS-CALIB_STRAIN_CLEAN_C01 chunk centered on 1263592080...
Triggers::SortTriggers: sorting triggers
Triggers::Clusterize: cluster 0 triggers...
MakeTriggers::Write: writing /home/hongyin.chen/Full_Dev/CCSNet/L1/triggers/L1:DCS-CALIB_STRAIN_CLEAN_C01/L1-DCS_CALIB_STRAIN_CLEAN_C01_OMICRON-1263592050-60.xml
MakeTriggers::Write: writing /home/hongyin.chen/Full_Dev/CCSNet/L1/triggers/L1:DCS-CALIB_STRAIN_CLEAN_C01/L1-DCS_CALIB_STRAIN_CLEAN_C01_OMICRON-1263592050-60.h5
MakeTriggers::Write: writing /home/hongyin.chen/Full_Dev/CCSNet/L1/triggers/L1:DCS-CALIB_STRAIN_CLEAN_C01/L1-DCS_CALIB_STRAIN_CLEAN_C01_OMICRON-1263592050-60.root
MakeTriggers::Reset: reset all
Omicron::NewChannel: load a new channel...
Omicron::NewChunk: call a new chunk...
Omicron::NewChannel: load a new channel...
Omicron::LoadData: load data vector...
Omicron::Condition: condition data vector...
Sample::Transform: remove DC...
Sample::Transform: resample input data...
Sample::Resample: apply anti-aliasing filters
Sample::Resample: decimate time-series
Spectrum::LoadData: compute PSD
Spectrum::LoadData: compute PSD
Omicron::Project: project data onto the tiles...
Omicron::WriteOutput: write chunk output...
Otile::SaveTriggers: Saving triggers for L1:DCS-CALIB_STRAIN_CLEAN_C01 chunk centered on 1263592140...
Triggers::SortTriggers: sorting triggers
Triggers::Clusterize: cluster 347 triggers...
MakeTriggers::Write: writing /home/hongyin.chen/Full_Dev/CCSNet/L1/triggers/L1:DCS-CALIB_STRAIN_CLEAN_C01/L1-DCS_CALIB_STRAIN_CLEAN_C01_OMICRON-1263592110-60.xml
MakeTriggers::Write: writing /home/hongyin.chen/Full_Dev/CCSNet/L1/triggers/L1:DCS-CALIB_STRAIN_CLEAN_C01/L1-DCS_CALIB_STRAIN_CLEAN_C01_OMICRON-1263592110-60.h5
MakeTriggers::Write: writing /home/hongyin.chen/Full_Dev/CCSNet/L1/triggers/L1:DCS-CALIB_STRAIN_CLEAN_C01/L1-DCS_CALIB_STRAIN_CLEAN_C01_OMICRON-1263592110-60.root
MakeTriggers::Reset: reset all
Omicron::NewChannel: load a new channel...
Omicron::NewChunk: call a new chunk...
Omicron::NewChannel: load a new channel...
Omicron::LoadData: load data vector...
Omicron::Condition: condition data vector...
Sample::Transform: remove DC...
Sample::Transform: resample input data...
Sample::Resample: apply anti-aliasing filters
Sample::Resample: decimate time-series
Spectrum::LoadData: compute PSD
Spectrum::LoadData: compute PSD
Omicron::Project: project data onto the tiles...
Omicron::WriteOutput: write chunk output...
Otile::SaveTriggers: Saving triggers for L1:DCS-CALIB_STRAIN_CLEAN_C01 chunk centered on 1263592200...
Triggers::SortTriggers: sorting triggers
Triggers::Clusterize: cluster 0 triggers...
MakeTriggers::Write: writing /home/hongyin.chen/Full_Dev/CCSNet/L1/triggers/L1:DCS-CALIB_STRAIN_CLEAN_C01/L1-DCS_CALIB_STRAIN_CLEAN_C01_OMICRON-1263592170-60.xml
MakeTriggers::Write: writing /home/hongyin.chen/Full_Dev/CCSNet/L1/triggers/L1:DCS-CALIB_STRAIN_CLEAN_C01/L1-DCS_CALIB_STRAIN_CLEAN_C01_OMICRON-1263592170-60.h5
MakeTriggers::Write: writing /home/hongyin.chen/Full_Dev/CCSNet/L1/triggers/L1:DCS-CALIB_STRAIN_CLEAN_C01/L1-DCS_CALIB_STRAIN_CLEAN_C01_OMICRON-1263592170-60.root
MakeTriggers::Reset: reset all
Omicron::NewChannel: load a new channel...
Omicron::NewChunk: call a new chunk...
Omicron::NewChannel: load a new channel...
Omicron::LoadData: load data vector...
Omicron::Condition: condition data vector...
Sample::Transform: remove DC...
Sample::Transform: resample input data...
Sample::Resample: apply anti-aliasing filters
Sample::Resample: decimate time-series
Spectrum::LoadData: compute PSD
Spectrum::LoadData: compute PSD
Omicron::Project: project data onto the tiles...
Omicron::WriteOutput: write chunk output...
Otile::SaveTriggers: Saving triggers for L1:DCS-CALIB_STRAIN_CLEAN_C01 chunk centered on 1263592260...
Triggers::SortTriggers: sorting triggers
Triggers::Clusterize: cluster 0 triggers...
MakeTriggers::Write: writing /home/hongyin.chen/Full_Dev/CCSNet/L1/triggers/L1:DCS-CALIB_STRAIN_CLEAN_C01/L1-DCS_CALIB_STRAIN_CLEAN_C01_OMICRON-1263592230-60.xml
MakeTriggers::Write: writing /home/hongyin.chen/Full_Dev/CCSNet/L1/triggers/L1:DCS-CALIB_STRAIN_CLEAN_C01/L1-DCS_CALIB_STRAIN_CLEAN_C01_OMICRON-1263592230-60.h5
MakeTriggers::Write: writing /home/hongyin.chen/Full_Dev/CCSNet/L1/triggers/L1:DCS-CALIB_STRAIN_CLEAN_C01/L1-DCS_CALIB_STRAIN_CLEAN_C01_OMICRON-1263592230-60.root
MakeTriggers::Reset: reset all
Omicron::NewChannel: load a new channel...
Omicron::NewChunk: call a new chunk...
Omicron::NewChannel: load a new channel...
Omicron::LoadData: load data vector...
Omicron::Condition: condition data vector...
Sample::Transform: remove DC...
Sample::Transform: resample input data...
Sample::Resample: apply anti-aliasing filters
Sample::Resample: decimate time-series
Spectrum::LoadData: compute PSD
Spectrum::LoadData: compute PSD
Omicron::Project: project data onto the tiles...
Omicron::WriteOutput: write chunk output...
Otile::SaveTriggers: Saving triggers for L1:DCS-CALIB_STRAIN_CLEAN_C01 chunk centered on 1263592320...
Triggers::SortTriggers: sorting triggers
Triggers::Clusterize: cluster 0 triggers...
MakeTriggers::Write: writing /home/hongyin.chen/Full_Dev/CCSNet/L1/triggers/L1:DCS-CALIB_STRAIN_CLEAN_C01/L1-DCS_CALIB_STRAIN_CLEAN_C01_OMICRON-1263592290-60.xml
MakeTriggers::Write: writing /home/hongyin.chen/Full_Dev/CCSNet/L1/triggers/L1:DCS-CALIB_STRAIN_CLEAN_C01/L1-DCS_CALIB_STRAIN_CLEAN_C01_OMICRON-1263592290-60.h5
MakeTriggers::Write: writing /home/hongyin.chen/Full_Dev/CCSNet/L1/triggers/L1:DCS-CALIB_STRAIN_CLEAN_C01/L1-DCS_CALIB_STRAIN_CLEAN_C01_OMICRON-1263592290-60.root
MakeTriggers::Reset: reset all
Omicron::NewChannel: load a new channel...
Omicron::NewChunk: call a new chunk...
Omicron::NewChannel: load a new channel...
Omicron::LoadData: load data vector...
Omicron::Condition: condition data vector...
Sample::Transform: remove DC...
Sample::Transform: resample input data...
Sample::Resample: apply anti-aliasing filters
Sample::Resample: decimate time-series
Spectrum::LoadData: compute PSD
Spectrum::LoadData: compute PSD
Omicron::Project: project data onto the tiles...
Omicron::WriteOutput: write chunk output...
Otile::SaveTriggers: Saving triggers for L1:DCS-CALIB_STRAIN_CLEAN_C01 chunk centered on 1263592360...
Triggers::SortTriggers: sorting triggers
Triggers::Clusterize: cluster 0 triggers...
MakeTriggers::Write: writing /home/hongyin.chen/Full_Dev/CCSNet/L1/triggers/L1:DCS-CALIB_STRAIN_CLEAN_C01/L1-DCS_CALIB_STRAIN_CLEAN_C01_OMICRON-1263592350-40.xml
MakeTriggers::Write: writing /home/hongyin.chen/Full_Dev/CCSNet/L1/triggers/L1:DCS-CALIB_STRAIN_CLEAN_C01/L1-DCS_CALIB_STRAIN_CLEAN_C01_OMICRON-1263592350-40.h5
MakeTriggers::Write: writing /home/hongyin.chen/Full_Dev/CCSNet/L1/triggers/L1:DCS-CALIB_STRAIN_CLEAN_C01/L1-DCS_CALIB_STRAIN_CLEAN_C01_OMICRON-1263592350-40.root
MakeTriggers::Reset: reset all
Omicron::NewChannel: load a new channel...
Omicron::NewChunk: call a new chunk...
>>>>>>>>>> (19:02:25 (UTC) [+15s]: Omicron processing is over <<<<<<<<<<

************* Omicron status info *************
requested start         = 1263591988
requested end           = 1263592392
requested livetime      = 404s
number of loaded chunks = 7

*** L1:DCS-CALIB_STRAIN_CLEAN_C01
number of calls                = 7
number of data calls           = 7
number of conditioning calls   = 7
number of projection calls     = 7
number of write calls          = 7
start_out           = 1263591990
end_out             = 1263592390
trigger livetime    = 400s (99.00990%)
***********************************************

ffl::Reset: reset ffl
