10/14/22 12:01:35 ******************************************************
10/14/22 12:01:35 ** condor_scheduniv_exec.16844084.0 (CONDOR_DAGMAN) STARTING UP
10/14/22 12:01:35 ** /usr/bin/condor_dagman
10/14/22 12:01:35 ** SubsystemInfo: name=DAGMAN type=DAGMAN(10) class=CLIENT(2)
10/14/22 12:01:35 ** Configuration: subsystem:DAGMAN local:<NONE> class:CLIENT
10/14/22 12:01:35 ** $CondorVersion: 9.0.17 Sep 29 2022 BuildID: 607845 PackageID: 9.0.17-1 $
10/14/22 12:01:35 ** $CondorPlatform: x86_64_CentOS7 $
10/14/22 12:01:35 ** PID = 3945862
10/14/22 12:01:35 ** Log last touched time unavailable (No such file or directory)
10/14/22 12:01:35 ******************************************************
10/14/22 12:01:35 Using config source: /etc/condor/condor_config
10/14/22 12:01:35 Using local config sources: 
10/14/22 12:01:35    /etc/condor/config.d/00-htcondor-9.0.config
10/14/22 12:01:35    /etc/condor/config.d/00-ldas
10/14/22 12:01:35    /etc/condor/config.d/02-scheduler
10/14/22 12:01:35    /etc/condor/config.d/10-cgroup
10/14/22 12:01:35    /etc/condor/config.d/10-security
10/14/22 12:01:35    /etc/condor/config.d/30-scratch-mount
10/14/22 12:01:35    /etc/condor/config.d/40-vault-credmon.conf
10/14/22 12:01:35    /etc/condor/config.d/50-transfer-limits
10/14/22 12:01:35    /etc/condor/config.d/90-singularity-osg
10/14/22 12:01:35    /etc/condor/config.d/90-singularity-shm
10/14/22 12:01:35    /etc/condor/config.d/99-memory
10/14/22 12:01:35    /etc/condor/config.d/99-request-disk
10/14/22 12:01:35    /etc/condor/config.d/99-transform
10/14/22 12:01:35    /etc/condor/config.d/99-transform-matchos
10/14/22 12:01:35    /etc/condor/condor_config.local
10/14/22 12:01:35 config Macros = 168, Sorted = 168, StringBytes = 8082, TablesBytes = 6200
10/14/22 12:01:35 CLASSAD_CACHING is ENABLED
10/14/22 12:01:35 Daemon Log is logging: D_ALWAYS D_ERROR
10/14/22 12:01:35 DaemonCore: No command port requested.
10/14/22 12:01:35 DAGMAN_USE_STRICT setting: 1
10/14/22 12:01:35 DAGMAN_VERBOSITY setting: 3
10/14/22 12:01:35 DAGMAN_DEBUG_CACHE_SIZE setting: 5242880
10/14/22 12:01:35 DAGMAN_DEBUG_CACHE_ENABLE setting: True
10/14/22 12:01:35 DAGMAN_SUBMIT_DELAY setting: 0
10/14/22 12:01:35 DAGMAN_MAX_SUBMIT_ATTEMPTS setting: 6
10/14/22 12:01:35 DAGMAN_STARTUP_CYCLE_DETECT setting: False
10/14/22 12:01:35 DAGMAN_MAX_SUBMITS_PER_INTERVAL setting: 100
10/14/22 12:01:35 DAGMAN_AGGRESSIVE_SUBMIT setting: False
10/14/22 12:01:35 DAGMAN_USER_LOG_SCAN_INTERVAL setting: 5
10/14/22 12:01:35 DAGMAN_QUEUE_UPDATE_INTERVAL setting: 300
10/14/22 12:01:35 DAGMAN_DEFAULT_PRIORITY setting: 0
10/14/22 12:01:35 DAGMAN_SUPPRESS_NOTIFICATION setting: True
10/14/22 12:01:35 allow_events (DAGMAN_ALLOW_EVENTS) setting: 114
10/14/22 12:01:35 DAGMAN_RETRY_SUBMIT_FIRST setting: True
10/14/22 12:01:35 DAGMAN_RETRY_NODE_FIRST setting: False
10/14/22 12:01:35 DAGMAN_MAX_JOBS_IDLE setting: 1000
10/14/22 12:01:35 DAGMAN_MAX_JOBS_SUBMITTED setting: 12000
10/14/22 12:01:35 DAGMAN_MAX_PRE_SCRIPTS setting: 20
10/14/22 12:01:35 DAGMAN_MAX_POST_SCRIPTS setting: 20
10/14/22 12:01:35 DAGMAN_MAX_HOLD_SCRIPTS setting: 20
10/14/22 12:01:35 DAGMAN_MUNGE_NODE_NAMES setting: True
10/14/22 12:01:35 DAGMAN_PROHIBIT_MULTI_JOBS setting: False
10/14/22 12:01:35 DAGMAN_SUBMIT_DEPTH_FIRST setting: True
10/14/22 12:01:35 DAGMAN_ALWAYS_RUN_POST setting: False
10/14/22 12:01:35 DAGMAN_CONDOR_SUBMIT_EXE setting: /usr/bin/condor_submit
10/14/22 12:01:35 DAGMAN_USE_CONDOR_SUBMIT setting: True
10/14/22 12:01:35 DAGMAN_ABORT_DUPLICATES setting: True
10/14/22 12:01:35 DAGMAN_ABORT_ON_SCARY_SUBMIT setting: True
10/14/22 12:01:35 DAGMAN_PENDING_REPORT_INTERVAL setting: 600
10/14/22 12:01:35 DAGMAN_AUTO_RESCUE setting: True
10/14/22 12:01:35 DAGMAN_MAX_RESCUE_NUM setting: 100
10/14/22 12:01:35 DAGMAN_WRITE_PARTIAL_RESCUE setting: True
10/14/22 12:01:35 DAGMAN_DEFAULT_NODE_LOG setting: @(DAG_DIR)/@(DAG_FILE).nodes.log
10/14/22 12:01:35 DAGMAN_GENERATE_SUBDAG_SUBMITS setting: True
10/14/22 12:01:35 DAGMAN_MAX_JOB_HOLDS setting: 100
10/14/22 12:01:35 DAGMAN_HOLD_CLAIM_TIME setting: 20
10/14/22 12:01:35 ALL_DEBUG setting: 
10/14/22 12:01:35 DAGMAN_DEBUG setting: 
10/14/22 12:01:35 DAGMAN_SUPPRESS_JOB_LOGS setting: False
10/14/22 12:01:35 DAGMAN_REMOVE_NODE_JOBS setting: True
10/14/22 12:01:35 DAGMAN will adjust edges after parsing
10/14/22 12:01:35 Enabling log line cache for increased NFS performance.
10/14/22 12:01:35 argv[0] == "condor_scheduniv_exec.16844084.0"
10/14/22 12:01:35 argv[1] == "-Lockfile"
10/14/22 12:01:35 argv[2] == "/home/hongyin.chen/Full_Dev/CCSNet/L1/condor/omicron.dag.lock"
10/14/22 12:01:35 argv[3] == "-AutoRescue"
10/14/22 12:01:35 argv[4] == "1"
10/14/22 12:01:35 argv[5] == "-DoRescueFrom"
10/14/22 12:01:35 argv[6] == "0"
10/14/22 12:01:35 argv[7] == "-Dag"
10/14/22 12:01:35 argv[8] == "/home/hongyin.chen/Full_Dev/CCSNet/L1/condor/omicron.dag"
10/14/22 12:01:35 argv[9] == "-Suppress_notification"
10/14/22 12:01:35 argv[10] == "-CsdVersion"
10/14/22 12:01:35 argv[11] == "$CondorVersion: 9.0.17 Sep 29 2022 BuildID: 607845 PackageID: 9.0.17-1 $"
10/14/22 12:01:35 argv[12] == "-Force"
10/14/22 12:01:35 argv[13] == "-Dagman"
10/14/22 12:01:35 argv[14] == "/usr/bin/condor_dagman"
10/14/22 12:01:35 Can't open directory "/etc/condor/passwords.d" as PRIV_ROOT, errno: 13 (Permission denied)
10/14/22 12:01:35 Can't open directory "/etc/condor/passwords.d" as PRIV_ROOT, errno: 13 (Permission denied)
10/14/22 12:01:35 Workflow batch-id: <16844084.0>
10/14/22 12:01:35 Workflow batch-name: <omicron.dag+16844084>
10/14/22 12:01:35 Workflow accounting_group: <>
10/14/22 12:01:35 Workflow accounting_group_user: <>
10/14/22 12:01:35 Warning: failed to get attribute DAGNodeName
10/14/22 12:01:35 DAGMAN_LOG_ON_NFS_IS_ERROR setting: False
10/14/22 12:01:35 Default node log file is: </home/hongyin.chen/Full_Dev/CCSNet/L1/condor/omicron.dag.nodes.log>
10/14/22 12:01:35 DAG Lockfile will be written to /home/hongyin.chen/Full_Dev/CCSNet/L1/condor/omicron.dag.lock
10/14/22 12:01:35 DAG Input file is /home/hongyin.chen/Full_Dev/CCSNet/L1/condor/omicron.dag
10/14/22 12:01:35 Parsing 1 dagfiles
10/14/22 12:01:35 Parsing /home/hongyin.chen/Full_Dev/CCSNet/L1/condor/omicron.dag ...
10/14/22 12:01:35 Adjusting edges
10/14/22 12:01:35 Warning: category postprocessing has no throttle value set
10/14/22 12:01:35 Warning: category omicron has no throttle value set
10/14/22 12:01:35 Dag contains 9 total jobs
10/14/22 12:01:35 Bootstrapping...
10/14/22 12:01:35 Number of pre-completed nodes: 0
10/14/22 12:01:35 MultiLogFiles: truncating log file /home/hongyin.chen/Full_Dev/CCSNet/L1/condor/omicron.dag.nodes.log
10/14/22 12:01:35 DAG status: 0 (DAG_STATUS_OK)
10/14/22 12:01:35 Of 9 nodes total:
10/14/22 12:01:35  Done     Pre   Queued    Post   Ready   Un-Ready   Failed
10/14/22 12:01:35   ===     ===      ===     ===     ===        ===      ===
10/14/22 12:01:35     0       0        0       0       7          2        0
10/14/22 12:01:35 0 job proc(s) currently held
10/14/22 12:01:35 DAGMan Runtime Statistics: [ EventCycleTimeCount = 0.0; EventCycleTimeSum = 0.0; LogProcessCycleTimeCount = 0.0; LogProcessCycleTimeSum = 0.0; SleepCycleTimeCount = 0.0; SleepCycleTimeSum = 0.0; SubmitCycleTimeCount = 0.0; SubmitCycleTimeSum = 0.0; ]
10/14/22 12:01:35 Registering condor_event_timer...
10/14/22 12:01:36 Submitting HTCondor Node 061e73cabe9bde47e351ef54aa5bd6ae job(s)...
10/14/22 12:01:36 Adding a DAGMan workflow log /home/hongyin.chen/Full_Dev/CCSNet/L1/condor/omicron.dag.nodes.log
10/14/22 12:01:36 Masking the events recorded in the DAGMAN workflow log
10/14/22 12:01:36 Mask for workflow log is 0,1,2,4,5,7,9,10,11,12,13,16,17,24,27,35,36
10/14/22 12:01:36 submitting: /usr/bin/condor_submit -a dag_node_name' '=' '061e73cabe9bde47e351ef54aa5bd6ae -a +DAGManJobId' '=' '16844084 -a DAGManJobId' '=' '16844084 -batch-name omicron.dag+16844084 -batch-id 16844084.0 -a submit_event_notes' '=' 'DAG' 'Node:' '061e73cabe9bde47e351ef54aa5bd6ae -a dagman_log' '=' '/home/hongyin.chen/Full_Dev/CCSNet/L1/condor/omicron.dag.nodes.log -a +DAGManNodesMask' '=' '"0,1,2,4,5,7,9,10,11,12,13,16,17,24,27,35,36" -a JOB=061e73cabe9bde47e351ef54aa5bd6ae -a macroargument0' '=' '1263591988 -a macroargument1' '=' '1263592392 -a macroargument2' '=' '/home/hongyin.chen/Full_Dev/CCSNet/L1/parameters/parameters-0.txt -a DAG_STATUS' '=' '0 -a FAILED_COUNT' '=' '0 -a +KeepClaimIdle' '=' '20 -a notification' '=' 'never -a +DAGParentNodeNames' '=' '"" /home/hongyin.chen/Full_Dev/CCSNet/L1/condor/omicron.sub
10/14/22 12:01:36 From submit: /usr/bin/condor_submit: /home/hongyin.chen/miniconda3/lib/libuuid.so.1: no version information available (required by /usr/lib64/libcondor_utils_9_0_17.so)
10/14/22 12:01:36 From submit: Submitting job(s).
10/14/22 12:01:36 From submit: 1 job(s) submitted to cluster 16844085.
10/14/22 12:01:36 From submit: WARNING: the line 'JOB = 061e73cabe9bde47e351ef54aa5bd6ae' was unused by condor_submit. Is it a typo?
10/14/22 12:01:36 	assigned HTCondor ID (16844085.0.0)
10/14/22 12:01:36 Submitting HTCondor Node c77a9671d5270e3186908c442755cb3d job(s)...
10/14/22 12:01:36 Adding a DAGMan workflow log /home/hongyin.chen/Full_Dev/CCSNet/L1/condor/omicron.dag.nodes.log
10/14/22 12:01:36 Masking the events recorded in the DAGMAN workflow log
10/14/22 12:01:36 Mask for workflow log is 0,1,2,4,5,7,9,10,11,12,13,16,17,24,27,35,36
10/14/22 12:01:36 submitting: /usr/bin/condor_submit -a dag_node_name' '=' 'c77a9671d5270e3186908c442755cb3d -a +DAGManJobId' '=' '16844084 -a DAGManJobId' '=' '16844084 -batch-name omicron.dag+16844084 -batch-id 16844084.0 -a submit_event_notes' '=' 'DAG' 'Node:' 'c77a9671d5270e3186908c442755cb3d -a dagman_log' '=' '/home/hongyin.chen/Full_Dev/CCSNet/L1/condor/omicron.dag.nodes.log -a +DAGManNodesMask' '=' '"0,1,2,4,5,7,9,10,11,12,13,16,17,24,27,35,36" -a JOB=c77a9671d5270e3186908c442755cb3d -a macroargument0' '=' '1263591388 -a macroargument1' '=' '1263591992 -a macroargument2' '=' '/home/hongyin.chen/Full_Dev/CCSNet/L1/parameters/parameters-0.txt -a DAG_STATUS' '=' '0 -a FAILED_COUNT' '=' '0 -a +KeepClaimIdle' '=' '20 -a notification' '=' 'never -a +DAGParentNodeNames' '=' '"" /home/hongyin.chen/Full_Dev/CCSNet/L1/condor/omicron.sub
10/14/22 12:01:36 From submit: /usr/bin/condor_submit: /home/hongyin.chen/miniconda3/lib/libuuid.so.1: no version information available (required by /usr/lib64/libcondor_utils_9_0_17.so)
10/14/22 12:01:36 From submit: Submitting job(s).
10/14/22 12:01:36 From submit: 1 job(s) submitted to cluster 16844086.
10/14/22 12:01:36 From submit: WARNING: the line 'JOB = c77a9671d5270e3186908c442755cb3d' was unused by condor_submit. Is it a typo?
10/14/22 12:01:36 	assigned HTCondor ID (16844086.0.0)
10/14/22 12:01:36 Submitting HTCondor Node f56b62cffbff9da728ccc905880c1d24 job(s)...
10/14/22 12:01:36 Adding a DAGMan workflow log /home/hongyin.chen/Full_Dev/CCSNet/L1/condor/omicron.dag.nodes.log
10/14/22 12:01:36 Masking the events recorded in the DAGMAN workflow log
10/14/22 12:01:36 Mask for workflow log is 0,1,2,4,5,7,9,10,11,12,13,16,17,24,27,35,36
10/14/22 12:01:36 submitting: /usr/bin/condor_submit -a dag_node_name' '=' 'f56b62cffbff9da728ccc905880c1d24 -a +DAGManJobId' '=' '16844084 -a DAGManJobId' '=' '16844084 -batch-name omicron.dag+16844084 -batch-id 16844084.0 -a submit_event_notes' '=' 'DAG' 'Node:' 'f56b62cffbff9da728ccc905880c1d24 -a dagman_log' '=' '/home/hongyin.chen/Full_Dev/CCSNet/L1/condor/omicron.dag.nodes.log -a +DAGManNodesMask' '=' '"0,1,2,4,5,7,9,10,11,12,13,16,17,24,27,35,36" -a JOB=f56b62cffbff9da728ccc905880c1d24 -a macroargument0' '=' '1263590788 -a macroargument1' '=' '1263591392 -a macroargument2' '=' '/home/hongyin.chen/Full_Dev/CCSNet/L1/parameters/parameters-0.txt -a DAG_STATUS' '=' '0 -a FAILED_COUNT' '=' '0 -a +KeepClaimIdle' '=' '20 -a notification' '=' 'never -a +DAGParentNodeNames' '=' '"" /home/hongyin.chen/Full_Dev/CCSNet/L1/condor/omicron.sub
10/14/22 12:01:36 From submit: /usr/bin/condor_submit: /home/hongyin.chen/miniconda3/lib/libuuid.so.1: no version information available (required by /usr/lib64/libcondor_utils_9_0_17.so)
10/14/22 12:01:36 From submit: Submitting job(s).
10/14/22 12:01:36 From submit: 1 job(s) submitted to cluster 16844087.
10/14/22 12:01:36 From submit: WARNING: the line 'JOB = f56b62cffbff9da728ccc905880c1d24' was unused by condor_submit. Is it a typo?
10/14/22 12:01:36 	assigned HTCondor ID (16844087.0.0)
10/14/22 12:01:36 Submitting HTCondor Node 34a686739c2b06815d1fc3912110d35b job(s)...
10/14/22 12:01:36 Adding a DAGMan workflow log /home/hongyin.chen/Full_Dev/CCSNet/L1/condor/omicron.dag.nodes.log
10/14/22 12:01:36 Masking the events recorded in the DAGMAN workflow log
10/14/22 12:01:36 Mask for workflow log is 0,1,2,4,5,7,9,10,11,12,13,16,17,24,27,35,36
10/14/22 12:01:36 submitting: /usr/bin/condor_submit -a dag_node_name' '=' '34a686739c2b06815d1fc3912110d35b -a +DAGManJobId' '=' '16844084 -a DAGManJobId' '=' '16844084 -batch-name omicron.dag+16844084 -batch-id 16844084.0 -a submit_event_notes' '=' 'DAG' 'Node:' '34a686739c2b06815d1fc3912110d35b -a dagman_log' '=' '/home/hongyin.chen/Full_Dev/CCSNet/L1/condor/omicron.dag.nodes.log -a +DAGManNodesMask' '=' '"0,1,2,4,5,7,9,10,11,12,13,16,17,24,27,35,36" -a JOB=34a686739c2b06815d1fc3912110d35b -a macroargument0' '=' '1263590188 -a macroargument1' '=' '1263590792 -a macroargument2' '=' '/home/hongyin.chen/Full_Dev/CCSNet/L1/parameters/parameters-0.txt -a DAG_STATUS' '=' '0 -a FAILED_COUNT' '=' '0 -a +KeepClaimIdle' '=' '20 -a notification' '=' 'never -a +DAGParentNodeNames' '=' '"" /home/hongyin.chen/Full_Dev/CCSNet/L1/condor/omicron.sub
10/14/22 12:01:36 From submit: /usr/bin/condor_submit: /home/hongyin.chen/miniconda3/lib/libuuid.so.1: no version information available (required by /usr/lib64/libcondor_utils_9_0_17.so)
10/14/22 12:01:36 From submit: Submitting job(s).
10/14/22 12:01:36 From submit: 1 job(s) submitted to cluster 16844088.
10/14/22 12:01:36 From submit: WARNING: the line 'JOB = 34a686739c2b06815d1fc3912110d35b' was unused by condor_submit. Is it a typo?
10/14/22 12:01:36 	assigned HTCondor ID (16844088.0.0)
10/14/22 12:01:36 Submitting HTCondor Node 606619c0c92d4d999c779ed9a4bc782b job(s)...
10/14/22 12:01:36 Adding a DAGMan workflow log /home/hongyin.chen/Full_Dev/CCSNet/L1/condor/omicron.dag.nodes.log
10/14/22 12:01:36 Masking the events recorded in the DAGMAN workflow log
10/14/22 12:01:36 Mask for workflow log is 0,1,2,4,5,7,9,10,11,12,13,16,17,24,27,35,36
10/14/22 12:01:36 submitting: /usr/bin/condor_submit -a dag_node_name' '=' '606619c0c92d4d999c779ed9a4bc782b -a +DAGManJobId' '=' '16844084 -a DAGManJobId' '=' '16844084 -batch-name omicron.dag+16844084 -batch-id 16844084.0 -a submit_event_notes' '=' 'DAG' 'Node:' '606619c0c92d4d999c779ed9a4bc782b -a dagman_log' '=' '/home/hongyin.chen/Full_Dev/CCSNet/L1/condor/omicron.dag.nodes.log -a +DAGManNodesMask' '=' '"0,1,2,4,5,7,9,10,11,12,13,16,17,24,27,35,36" -a JOB=606619c0c92d4d999c779ed9a4bc782b -a macroargument0' '=' '1263589588 -a macroargument1' '=' '1263590192 -a macroargument2' '=' '/home/hongyin.chen/Full_Dev/CCSNet/L1/parameters/parameters-0.txt -a DAG_STATUS' '=' '0 -a FAILED_COUNT' '=' '0 -a +KeepClaimIdle' '=' '20 -a notification' '=' 'never -a +DAGParentNodeNames' '=' '"" /home/hongyin.chen/Full_Dev/CCSNet/L1/condor/omicron.sub
10/14/22 12:01:36 From submit: /usr/bin/condor_submit: /home/hongyin.chen/miniconda3/lib/libuuid.so.1: no version information available (required by /usr/lib64/libcondor_utils_9_0_17.so)
10/14/22 12:01:36 From submit: Submitting job(s).
10/14/22 12:01:36 From submit: 1 job(s) submitted to cluster 16844089.
10/14/22 12:01:36 From submit: WARNING: the line 'JOB = 606619c0c92d4d999c779ed9a4bc782b' was unused by condor_submit. Is it a typo?
10/14/22 12:01:36 	assigned HTCondor ID (16844089.0.0)
10/14/22 12:01:36 Submitting HTCondor Node c534e0e5002117f597c161df49d23c84 job(s)...
10/14/22 12:01:36 Adding a DAGMan workflow log /home/hongyin.chen/Full_Dev/CCSNet/L1/condor/omicron.dag.nodes.log
10/14/22 12:01:36 Masking the events recorded in the DAGMAN workflow log
10/14/22 12:01:36 Mask for workflow log is 0,1,2,4,5,7,9,10,11,12,13,16,17,24,27,35,36
10/14/22 12:01:36 submitting: /usr/bin/condor_submit -a dag_node_name' '=' 'c534e0e5002117f597c161df49d23c84 -a +DAGManJobId' '=' '16844084 -a DAGManJobId' '=' '16844084 -batch-name omicron.dag+16844084 -batch-id 16844084.0 -a submit_event_notes' '=' 'DAG' 'Node:' 'c534e0e5002117f597c161df49d23c84 -a dagman_log' '=' '/home/hongyin.chen/Full_Dev/CCSNet/L1/condor/omicron.dag.nodes.log -a +DAGManNodesMask' '=' '"0,1,2,4,5,7,9,10,11,12,13,16,17,24,27,35,36" -a JOB=c534e0e5002117f597c161df49d23c84 -a macroargument0' '=' '1263588988 -a macroargument1' '=' '1263589592 -a macroargument2' '=' '/home/hongyin.chen/Full_Dev/CCSNet/L1/parameters/parameters-0.txt -a DAG_STATUS' '=' '0 -a FAILED_COUNT' '=' '0 -a +KeepClaimIdle' '=' '20 -a notification' '=' 'never -a +DAGParentNodeNames' '=' '"" /home/hongyin.chen/Full_Dev/CCSNet/L1/condor/omicron.sub
10/14/22 12:01:36 From submit: /usr/bin/condor_submit: /home/hongyin.chen/miniconda3/lib/libuuid.so.1: no version information available (required by /usr/lib64/libcondor_utils_9_0_17.so)
10/14/22 12:01:36 From submit: Submitting job(s).
10/14/22 12:01:36 From submit: 1 job(s) submitted to cluster 16844090.
10/14/22 12:01:36 From submit: WARNING: the line 'JOB = c534e0e5002117f597c161df49d23c84' was unused by condor_submit. Is it a typo?
10/14/22 12:01:36 	assigned HTCondor ID (16844090.0.0)
10/14/22 12:01:36 Submitting HTCondor Node 2a5fd63b265638180b0afdc7b7275e43 job(s)...
10/14/22 12:01:36 Adding a DAGMan workflow log /home/hongyin.chen/Full_Dev/CCSNet/L1/condor/omicron.dag.nodes.log
10/14/22 12:01:36 Masking the events recorded in the DAGMAN workflow log
10/14/22 12:01:36 Mask for workflow log is 0,1,2,4,5,7,9,10,11,12,13,16,17,24,27,35,36
10/14/22 12:01:36 submitting: /usr/bin/condor_submit -a dag_node_name' '=' '2a5fd63b265638180b0afdc7b7275e43 -a +DAGManJobId' '=' '16844084 -a DAGManJobId' '=' '16844084 -batch-name omicron.dag+16844084 -batch-id 16844084.0 -a submit_event_notes' '=' 'DAG' 'Node:' '2a5fd63b265638180b0afdc7b7275e43 -a dagman_log' '=' '/home/hongyin.chen/Full_Dev/CCSNet/L1/condor/omicron.dag.nodes.log -a +DAGManNodesMask' '=' '"0,1,2,4,5,7,9,10,11,12,13,16,17,24,27,35,36" -a JOB=2a5fd63b265638180b0afdc7b7275e43 -a macroargument0' '=' '1263588388 -a macroargument1' '=' '1263588992 -a macroargument2' '=' '/home/hongyin.chen/Full_Dev/CCSNet/L1/parameters/parameters-0.txt -a DAG_STATUS' '=' '0 -a FAILED_COUNT' '=' '0 -a +KeepClaimIdle' '=' '20 -a notification' '=' 'never -a +DAGParentNodeNames' '=' '"" /home/hongyin.chen/Full_Dev/CCSNet/L1/condor/omicron.sub
10/14/22 12:01:36 From submit: /usr/bin/condor_submit: /home/hongyin.chen/miniconda3/lib/libuuid.so.1: no version information available (required by /usr/lib64/libcondor_utils_9_0_17.so)
10/14/22 12:01:36 From submit: Submitting job(s).
10/14/22 12:01:36 From submit: 1 job(s) submitted to cluster 16844091.
10/14/22 12:01:36 From submit: WARNING: the line 'JOB = 2a5fd63b265638180b0afdc7b7275e43' was unused by condor_submit. Is it a typo?
10/14/22 12:01:36 	assigned HTCondor ID (16844091.0.0)
10/14/22 12:01:36 Just submitted 7 jobs this cycle...
10/14/22 12:01:36 DAG status: 0 (DAG_STATUS_OK)
10/14/22 12:01:36 Of 9 nodes total:
10/14/22 12:01:36  Done     Pre   Queued    Post   Ready   Un-Ready   Failed
10/14/22 12:01:36   ===     ===      ===     ===     ===        ===      ===
10/14/22 12:01:36     0       0        7       0       0          2        0
10/14/22 12:01:36 0 job proc(s) currently held
10/14/22 12:01:36 DAGMan Runtime Statistics: [ EventCycleTimeCount = 0.0; EventCycleTimeSum = 0.0; LogProcessCycleTimeCount = 0.0; LogProcessCycleTimeSum = 0.0; SleepCycleTimeCount = 0.0; SleepCycleTimeSum = 0.0; SubmitCycleTimeAvg = 0.3565351963043213; SubmitCycleTimeCount = 1.0; SubmitCycleTimeMax = 0.3565351963043213; SubmitCycleTimeMin = 0.3565351963043213; SubmitCycleTimeStd = 0.3565351963043213; SubmitCycleTimeSum = 0.3565351963043213; ]
10/14/22 12:01:41 Currently monitoring 1 HTCondor log file(s)
10/14/22 12:01:41 Reassigning the id of job 061e73cabe9bde47e351ef54aa5bd6ae from (16844085.0.0) to (16844085.0.0)
10/14/22 12:01:41 Event: ULOG_SUBMIT for HTCondor Node 061e73cabe9bde47e351ef54aa5bd6ae (16844085.0.0) {10/14/22 12:01:36}
10/14/22 12:01:41 Number of idle job procs: 1
10/14/22 12:01:41 Reassigning the id of job c77a9671d5270e3186908c442755cb3d from (16844086.0.0) to (16844086.0.0)
10/14/22 12:01:41 Event: ULOG_SUBMIT for HTCondor Node c77a9671d5270e3186908c442755cb3d (16844086.0.0) {10/14/22 12:01:36}
10/14/22 12:01:41 Number of idle job procs: 2
10/14/22 12:01:41 Reassigning the id of job f56b62cffbff9da728ccc905880c1d24 from (16844087.0.0) to (16844087.0.0)
10/14/22 12:01:41 Event: ULOG_SUBMIT for HTCondor Node f56b62cffbff9da728ccc905880c1d24 (16844087.0.0) {10/14/22 12:01:36}
10/14/22 12:01:41 Number of idle job procs: 3
10/14/22 12:01:41 Reassigning the id of job 34a686739c2b06815d1fc3912110d35b from (16844088.0.0) to (16844088.0.0)
10/14/22 12:01:41 Event: ULOG_SUBMIT for HTCondor Node 34a686739c2b06815d1fc3912110d35b (16844088.0.0) {10/14/22 12:01:36}
10/14/22 12:01:41 Number of idle job procs: 4
10/14/22 12:01:41 Reassigning the id of job 606619c0c92d4d999c779ed9a4bc782b from (16844089.0.0) to (16844089.0.0)
10/14/22 12:01:41 Event: ULOG_SUBMIT for HTCondor Node 606619c0c92d4d999c779ed9a4bc782b (16844089.0.0) {10/14/22 12:01:36}
10/14/22 12:01:41 Number of idle job procs: 5
10/14/22 12:01:41 Reassigning the id of job c534e0e5002117f597c161df49d23c84 from (16844090.0.0) to (16844090.0.0)
10/14/22 12:01:41 Event: ULOG_SUBMIT for HTCondor Node c534e0e5002117f597c161df49d23c84 (16844090.0.0) {10/14/22 12:01:36}
10/14/22 12:01:41 Number of idle job procs: 6
10/14/22 12:01:41 Reassigning the id of job 2a5fd63b265638180b0afdc7b7275e43 from (16844091.0.0) to (16844091.0.0)
10/14/22 12:01:41 Event: ULOG_SUBMIT for HTCondor Node 2a5fd63b265638180b0afdc7b7275e43 (16844091.0.0) {10/14/22 12:01:36}
10/14/22 12:01:41 Number of idle job procs: 7
10/14/22 12:02:11 Currently monitoring 1 HTCondor log file(s)
10/14/22 12:02:11 Event: ULOG_EXECUTE for HTCondor Node f56b62cffbff9da728ccc905880c1d24 (16844087.0.0) {10/14/22 12:02:09}
10/14/22 12:02:11 Number of idle job procs: 6
10/14/22 12:02:11 Event: ULOG_EXECUTE for HTCondor Node 061e73cabe9bde47e351ef54aa5bd6ae (16844085.0.0) {10/14/22 12:02:09}
10/14/22 12:02:11 Number of idle job procs: 5
10/14/22 12:02:11 Event: ULOG_EXECUTE for HTCondor Node 606619c0c92d4d999c779ed9a4bc782b (16844089.0.0) {10/14/22 12:02:09}
10/14/22 12:02:11 Number of idle job procs: 4
10/14/22 12:02:11 Event: ULOG_EXECUTE for HTCondor Node 34a686739c2b06815d1fc3912110d35b (16844088.0.0) {10/14/22 12:02:09}
10/14/22 12:02:11 Number of idle job procs: 3
10/14/22 12:02:11 Event: ULOG_EXECUTE for HTCondor Node c77a9671d5270e3186908c442755cb3d (16844086.0.0) {10/14/22 12:02:09}
10/14/22 12:02:11 Number of idle job procs: 2
10/14/22 12:02:11 Event: ULOG_EXECUTE for HTCondor Node 2a5fd63b265638180b0afdc7b7275e43 (16844091.0.0) {10/14/22 12:02:09}
10/14/22 12:02:11 Number of idle job procs: 1
10/14/22 12:02:11 Event: ULOG_EXECUTE for HTCondor Node c534e0e5002117f597c161df49d23c84 (16844090.0.0) {10/14/22 12:02:09}
10/14/22 12:02:11 Number of idle job procs: 0
10/14/22 12:02:26 Currently monitoring 1 HTCondor log file(s)
10/14/22 12:02:26 Event: ULOG_JOB_TERMINATED for HTCondor Node 061e73cabe9bde47e351ef54aa5bd6ae (16844085.0.0) {10/14/22 12:02:25}
10/14/22 12:02:26 Number of idle job procs: 0
10/14/22 12:02:26 Node 061e73cabe9bde47e351ef54aa5bd6ae job proc (16844085.0.0) completed successfully.
10/14/22 12:02:26 Node 061e73cabe9bde47e351ef54aa5bd6ae job completed
10/14/22 12:02:26 Event: ULOG_JOB_TERMINATED for HTCondor Node f56b62cffbff9da728ccc905880c1d24 (16844087.0.0) {10/14/22 12:02:26}
10/14/22 12:02:26 Number of idle job procs: 0
10/14/22 12:02:26 Node f56b62cffbff9da728ccc905880c1d24 job proc (16844087.0.0) completed successfully.
10/14/22 12:02:26 Node f56b62cffbff9da728ccc905880c1d24 job completed
10/14/22 12:02:26 DAG status: 0 (DAG_STATUS_OK)
10/14/22 12:02:26 Of 9 nodes total:
10/14/22 12:02:26  Done     Pre   Queued    Post   Ready   Un-Ready   Failed
10/14/22 12:02:26   ===     ===      ===     ===     ===        ===      ===
10/14/22 12:02:26     2       0        5       0       0          2        0
10/14/22 12:02:26 0 job proc(s) currently held
10/14/22 12:02:26 DAGMan Runtime Statistics: [ EventCycleTimeAvg = 0.03681690692901611; EventCycleTimeCount = 10.0; EventCycleTimeMax = 0.3567628860473633; EventCycleTimeMin = 5.507469177246094E-05; EventCycleTimeStd = 0.1124355963512932; EventCycleTimeSum = 0.3681690692901611; LogProcessCycleTimeAvg = 0.0005550384521484375; LogProcessCycleTimeCount = 3.0; LogProcessCycleTimeMax = 0.0007419586181640625; LogProcessCycleTimeMin = 0.0004432201385498047; LogProcessCycleTimeStd = 0.0001629152723899983; LogProcessCycleTimeSum = 0.001665115356445312; SleepCycleTimeAvg = 5.004679870605469; SleepCycleTimeCount = 10.0; SleepCycleTimeMax = 5.005208015441895; SleepCycleTimeMin = 5.004248857498169; SleepCycleTimeStd = 0.0003347482841304344; SleepCycleTimeSum = 50.04679870605469; SubmitCycleTimeAvg = 0.03274664011868564; SubmitCycleTimeCount = 11.0; SubmitCycleTimeMax = 0.3565351963043213; SubmitCycleTimeMin = 2.598762512207031E-05; SubmitCycleTimeStd = 0.1073900233065856; SubmitCycleTimeSum = 0.360213041305542; ]
10/14/22 12:02:31 Currently monitoring 1 HTCondor log file(s)
10/14/22 12:02:31 Event: ULOG_JOB_TERMINATED for HTCondor Node 34a686739c2b06815d1fc3912110d35b (16844088.0.0) {10/14/22 12:02:28}
10/14/22 12:02:31 Number of idle job procs: 0
10/14/22 12:02:31 Node 34a686739c2b06815d1fc3912110d35b job proc (16844088.0.0) completed successfully.
10/14/22 12:02:31 Node 34a686739c2b06815d1fc3912110d35b job completed
10/14/22 12:02:31 DAG status: 0 (DAG_STATUS_OK)
10/14/22 12:02:31 Of 9 nodes total:
10/14/22 12:02:31  Done     Pre   Queued    Post   Ready   Un-Ready   Failed
10/14/22 12:02:31   ===     ===      ===     ===     ===        ===      ===
10/14/22 12:02:31     3       0        4       0       0          2        0
10/14/22 12:02:31 0 job proc(s) currently held
10/14/22 12:02:31 DAGMan Runtime Statistics: [ EventCycleTimeAvg = 0.03354592756791548; EventCycleTimeCount = 11.0; EventCycleTimeMax = 0.3567628860473633; EventCycleTimeMin = 5.507469177246094E-05; EventCycleTimeStd = 0.1072160405908186; EventCycleTimeSum = 0.3690052032470703; LogProcessCycleTimeAvg = 0.0004885196685791016; LogProcessCycleTimeCount = 4.0; LogProcessCycleTimeMax = 0.0007419586181640625; LogProcessCycleTimeMin = 0.0002889633178710938; LogProcessCycleTimeStd = 0.0001881309426670199; LogProcessCycleTimeSum = 0.001954078674316406; SleepCycleTimeAvg = 5.004632798108188; SleepCycleTimeCount = 11.0; SleepCycleTimeMax = 5.005208015441895; SleepCycleTimeMin = 5.004162073135376; SleepCycleTimeStd = 0.000353871156652818; SleepCycleTimeSum = 55.05096077919006; SubmitCycleTimeAvg = 0.03004833062489827; SubmitCycleTimeCount = 12.0; SubmitCycleTimeMax = 0.3565351963043213; SubmitCycleTimeMin = 2.598762512207031E-05; SubmitCycleTimeStd = 0.1028181300082347; SubmitCycleTimeSum = 0.3605799674987793; ]
10/14/22 12:02:36 Currently monitoring 1 HTCondor log file(s)
10/14/22 12:02:36 Event: ULOG_JOB_TERMINATED for HTCondor Node c534e0e5002117f597c161df49d23c84 (16844090.0.0) {10/14/22 12:02:31}
10/14/22 12:02:36 Number of idle job procs: 0
10/14/22 12:02:36 Node c534e0e5002117f597c161df49d23c84 job proc (16844090.0.0) completed successfully.
10/14/22 12:02:36 Node c534e0e5002117f597c161df49d23c84 job completed
10/14/22 12:02:36 Event: ULOG_JOB_TERMINATED for HTCondor Node 606619c0c92d4d999c779ed9a4bc782b (16844089.0.0) {10/14/22 12:02:32}
10/14/22 12:02:36 Number of idle job procs: 0
10/14/22 12:02:36 Node 606619c0c92d4d999c779ed9a4bc782b job proc (16844089.0.0) completed successfully.
10/14/22 12:02:36 Node 606619c0c92d4d999c779ed9a4bc782b job completed
10/14/22 12:02:36 Event: ULOG_JOB_TERMINATED for HTCondor Node 2a5fd63b265638180b0afdc7b7275e43 (16844091.0.0) {10/14/22 12:02:32}
10/14/22 12:02:36 Number of idle job procs: 0
10/14/22 12:02:36 Node 2a5fd63b265638180b0afdc7b7275e43 job proc (16844091.0.0) completed successfully.
10/14/22 12:02:36 Node 2a5fd63b265638180b0afdc7b7275e43 job completed
10/14/22 12:02:36 DAG status: 0 (DAG_STATUS_OK)
10/14/22 12:02:36 Of 9 nodes total:
10/14/22 12:02:36  Done     Pre   Queued    Post   Ready   Un-Ready   Failed
10/14/22 12:02:36   ===     ===      ===     ===     ===        ===      ===
10/14/22 12:02:36     6       0        1       0       0          2        0
10/14/22 12:02:36 0 job proc(s) currently held
10/14/22 12:02:36 DAGMan Runtime Statistics: [ EventCycleTimeAvg = 0.03082966804504395; EventCycleTimeCount = 12.0; EventCycleTimeMax = 0.3567628860473633; EventCycleTimeMin = 5.507469177246094E-05; EventCycleTimeStd = 0.1026586126594259; EventCycleTimeSum = 0.3699560165405273; LogProcessCycleTimeAvg = 0.0004870414733886719; LogProcessCycleTimeCount = 5.0; LogProcessCycleTimeMax = 0.0007419586181640625; LogProcessCycleTimeMin = 0.0002889633178710938; LogProcessCycleTimeStd = 0.0001629597005295825; LogProcessCycleTimeSum = 0.002435207366943359; SleepCycleTimeAvg = 5.004584232966105; SleepCycleTimeCount = 12.0; SleepCycleTimeMax = 5.005208015441895; SleepCycleTimeMin = 5.004050016403198; SleepCycleTimeStd = 0.0003770193545476671; SleepCycleTimeSum = 60.05501079559326; SubmitCycleTimeAvg = 0.02774821794950045; SubmitCycleTimeCount = 13.0; SubmitCycleTimeMax = 0.3565351963043213; SubmitCycleTimeMin = 2.598762512207031E-05; SubmitCycleTimeStd = 0.0987895774277069; SubmitCycleTimeSum = 0.3607268333435059; ]
10/14/22 12:02:56 Currently monitoring 1 HTCondor log file(s)
10/14/22 12:02:56 Event: ULOG_JOB_TERMINATED for HTCondor Node c77a9671d5270e3186908c442755cb3d (16844086.0.0) {10/14/22 12:02:54}
10/14/22 12:02:56 Number of idle job procs: 0
10/14/22 12:02:56 Node c77a9671d5270e3186908c442755cb3d job proc (16844086.0.0) completed successfully.
10/14/22 12:02:56 Node c77a9671d5270e3186908c442755cb3d job completed
10/14/22 12:02:56 DAG status: 0 (DAG_STATUS_OK)
10/14/22 12:02:56 Of 9 nodes total:
10/14/22 12:02:56  Done     Pre   Queued    Post   Ready   Un-Ready   Failed
10/14/22 12:02:56   ===     ===      ===     ===     ===        ===      ===
10/14/22 12:02:56     7       0        0       0       1          1        0
10/14/22 12:02:56 0 job proc(s) currently held
10/14/22 12:02:56 DAGMan Runtime Statistics: [ EventCycleTimeAvg = 0.02321089804172516; EventCycleTimeCount = 16.0; EventCycleTimeMax = 0.3567628860473633; EventCycleTimeMin = 4.410743713378906E-05; EventCycleTimeStd = 0.08896202909755634; EventCycleTimeSum = 0.3713743686676025; LogProcessCycleTimeAvg = 0.0004588762919108073; LogProcessCycleTimeCount = 6.0; LogProcessCycleTimeMax = 0.0007419586181640625; LogProcessCycleTimeMin = 0.0002889633178710938; LogProcessCycleTimeStd = 0.0001612586614214542; LogProcessCycleTimeSum = 0.002753257751464844; SleepCycleTimeAvg = 5.004662588238716; SleepCycleTimeCount = 16.0; SleepCycleTimeMax = 5.005208015441895; SleepCycleTimeMin = 5.004050016403198; SleepCycleTimeStd = 0.0003544523452089101; SleepCycleTimeSum = 80.07460141181946; SubmitCycleTimeAvg = 0.02122573291554171; SubmitCycleTimeCount = 17.0; SubmitCycleTimeMax = 0.3565351963043213; SubmitCycleTimeMin = 2.193450927734375E-05; SubmitCycleTimeStd = 0.08640857078461299; SubmitCycleTimeSum = 0.360837459564209; ]
10/14/22 12:03:01 Submitting HTCondor Node e31d0a1e644c7f62a45b0a7c2ca01f24 job(s)...
10/14/22 12:03:01 Adding a DAGMan workflow log /home/hongyin.chen/Full_Dev/CCSNet/L1/condor/omicron.dag.nodes.log
10/14/22 12:03:01 Masking the events recorded in the DAGMAN workflow log
10/14/22 12:03:01 Mask for workflow log is 0,1,2,4,5,7,9,10,11,12,13,16,17,24,27,35,36
10/14/22 12:03:01 submitting: /usr/bin/condor_submit -a dag_node_name' '=' 'e31d0a1e644c7f62a45b0a7c2ca01f24 -a +DAGManJobId' '=' '16844084 -a DAGManJobId' '=' '16844084 -batch-name omicron.dag+16844084 -batch-id 16844084.0 -a submit_event_notes' '=' 'DAG' 'Node:' 'e31d0a1e644c7f62a45b0a7c2ca01f24 -a dagman_log' '=' '/home/hongyin.chen/Full_Dev/CCSNet/L1/condor/omicron.dag.nodes.log -a +DAGManNodesMask' '=' '"0,1,2,4,5,7,9,10,11,12,13,16,17,24,27,35,36" -a JOB=e31d0a1e644c7f62a45b0a7c2ca01f24 -a macroargument0' '=' '/home/hongyin.chen/Full_Dev/CCSNet/L1/condor/post-process-0-1263588388-1263592392.sh -a DAG_STATUS' '=' '0 -a FAILED_COUNT' '=' '0 -a +KeepClaimIdle' '=' '20 -a notification' '=' 'never -a +DAGParentNodeNames' '=' '"2a5fd63b265638180b0afdc7b7275e43,c534e0e5002117f597c161df49d23c84,606619c0c92d4d999c779ed9a4bc782b,34a686739c2b06815d1fc3912110d35b,f56b62cffbff9da728ccc905880c1d24,c77a9671d5270e3186908c442755cb3d,061e73cabe9bde47e351ef54aa5bd6ae" /home/hongyin.chen/Full_Dev/CCSNet/L1/condor/post-processing.sub
10/14/22 12:03:01 From submit: /usr/bin/condor_submit: /home/hongyin.chen/miniconda3/lib/libuuid.so.1: no version information available (required by /usr/lib64/libcondor_utils_9_0_17.so)
10/14/22 12:03:01 From submit: Submitting job(s).
10/14/22 12:03:01 From submit: 1 job(s) submitted to cluster 16844092.
10/14/22 12:03:01 From submit: WARNING: the line 'JOB = e31d0a1e644c7f62a45b0a7c2ca01f24' was unused by condor_submit. Is it a typo?
10/14/22 12:03:01 	assigned HTCondor ID (16844092.0.0)
10/14/22 12:03:01 Just submitted 1 job this cycle...
10/14/22 12:03:01 DAG status: 0 (DAG_STATUS_OK)
10/14/22 12:03:01 Of 9 nodes total:
10/14/22 12:03:01  Done     Pre   Queued    Post   Ready   Un-Ready   Failed
10/14/22 12:03:01   ===     ===      ===     ===     ===        ===      ===
10/14/22 12:03:01     7       0        1       0       0          1        0
10/14/22 12:03:01 0 job proc(s) currently held
10/14/22 12:03:01 DAGMan Runtime Statistics: [ EventCycleTimeAvg = 0.02188361392301671; EventCycleTimeCount = 17.0; EventCycleTimeMax = 0.3567628860473633; EventCycleTimeMin = 4.410743713378906E-05; EventCycleTimeStd = 0.08631078189063342; EventCycleTimeSum = 0.3720214366912842; LogProcessCycleTimeAvg = 0.0004588762919108073; LogProcessCycleTimeCount = 6.0; LogProcessCycleTimeMax = 0.0007419586181640625; LogProcessCycleTimeMin = 0.0002889633178710938; LogProcessCycleTimeStd = 0.0001612586614214542; LogProcessCycleTimeSum = 0.002753257751464844; SleepCycleTimeAvg = 5.004702736349667; SleepCycleTimeCount = 17.0; SleepCycleTimeMax = 5.005345106124878; SleepCycleTimeMin = 5.004050016403198; SleepCycleTimeStd = 0.0003810327978084371; SleepCycleTimeSum = 85.07994651794434; SubmitCycleTimeAvg = 0.02495079570346408; SubmitCycleTimeCount = 18.0; SubmitCycleTimeMax = 0.3565351963043213; SubmitCycleTimeMin = 2.193450927734375E-05; SubmitCycleTimeStd = 0.08530538293113353; SubmitCycleTimeSum = 0.4491143226623535; ]
10/14/22 12:03:06 Currently monitoring 1 HTCondor log file(s)
10/14/22 12:03:06 Reassigning the id of job e31d0a1e644c7f62a45b0a7c2ca01f24 from (16844092.0.0) to (16844092.0.0)
10/14/22 12:03:06 Event: ULOG_SUBMIT for HTCondor Node e31d0a1e644c7f62a45b0a7c2ca01f24 (16844092.0.0) {10/14/22 12:03:01}
10/14/22 12:03:06 Number of idle job procs: 1
10/14/22 12:03:21 Currently monitoring 1 HTCondor log file(s)
10/14/22 12:03:21 Event: ULOG_EXECUTE for HTCondor Node e31d0a1e644c7f62a45b0a7c2ca01f24 (16844092.0.0) {10/14/22 12:03:19}
10/14/22 12:03:21 Number of idle job procs: 0
10/14/22 12:03:41 Currently monitoring 1 HTCondor log file(s)
10/14/22 12:03:41 Event: ULOG_JOB_TERMINATED for HTCondor Node e31d0a1e644c7f62a45b0a7c2ca01f24 (16844092.0.0) {10/14/22 12:03:41}
10/14/22 12:03:41 Number of idle job procs: 0
10/14/22 12:03:41 Node e31d0a1e644c7f62a45b0a7c2ca01f24 job proc (16844092.0.0) completed successfully.
10/14/22 12:03:41 Node e31d0a1e644c7f62a45b0a7c2ca01f24 job completed
10/14/22 12:03:41 DAG status: 0 (DAG_STATUS_OK)
10/14/22 12:03:41 Of 9 nodes total:
10/14/22 12:03:41  Done     Pre   Queued    Post   Ready   Un-Ready   Failed
10/14/22 12:03:41   ===     ===      ===     ===     ===        ===      ===
10/14/22 12:03:41     8       0        0       0       1          0        0
10/14/22 12:03:41 0 job proc(s) currently held
10/14/22 12:03:41 DAGMan Runtime Statistics: [ EventCycleTimeAvg = 0.02236355781555176; EventCycleTimeCount = 25.0; EventCycleTimeMax = 0.3567628860473633; EventCycleTimeMin = 4.410743713378906E-05; EventCycleTimeStd = 0.07404038698425527; EventCycleTimeSum = 0.5590889453887939; LogProcessCycleTimeAvg = 0.0003839333852132161; LogProcessCycleTimeCount = 9.0; LogProcessCycleTimeMax = 0.0007419586181640625; LogProcessCycleTimeMin = 0.0001790523529052734; LogProcessCycleTimeStd = 0.0001732615471584119; LogProcessCycleTimeSum = 0.003455400466918945; SleepCycleTimeAvg = 5.005956478118897; SleepCycleTimeCount = 25.0; SleepCycleTimeMax = 5.033591032028198; SleepCycleTimeMin = 5.004050016403198; SleepCycleTimeStd = 0.005773273546185493; SleepCycleTimeSum = 125.1489119529724; SubmitCycleTimeAvg = 0.020889190527109; SubmitCycleTimeCount = 26.0; SubmitCycleTimeMax = 0.3565351963043213; SubmitCycleTimeMin = 2.193450927734375E-05; SubmitCycleTimeStd = 0.0726426198845295; SubmitCycleTimeSum = 0.543118953704834; ]
10/14/22 12:03:46 Submitting HTCondor Node 15666e8a1bb11c5bf77bb0cbed652a94 job(s)...
10/14/22 12:03:46 Adding a DAGMan workflow log /home/hongyin.chen/Full_Dev/CCSNet/L1/condor/omicron.dag.nodes.log
10/14/22 12:03:46 Masking the events recorded in the DAGMAN workflow log
10/14/22 12:03:46 Mask for workflow log is 0,1,2,4,5,7,9,10,11,12,13,16,17,24,27,35,36
10/14/22 12:03:46 submitting: /usr/bin/condor_submit -a dag_node_name' '=' '15666e8a1bb11c5bf77bb0cbed652a94 -a +DAGManJobId' '=' '16844084 -a DAGManJobId' '=' '16844084 -batch-name omicron.dag+16844084 -batch-id 16844084.0 -a submit_event_notes' '=' 'DAG' 'Node:' '15666e8a1bb11c5bf77bb0cbed652a94 -a dagman_log' '=' '/home/hongyin.chen/Full_Dev/CCSNet/L1/condor/omicron.dag.nodes.log -a +DAGManNodesMask' '=' '"0,1,2,4,5,7,9,10,11,12,13,16,17,24,27,35,36" -a JOB=15666e8a1bb11c5bf77bb0cbed652a94 -a DAG_STATUS' '=' '0 -a FAILED_COUNT' '=' '0 -a notification' '=' 'never -a +DAGParentNodeNames' '=' '"e31d0a1e644c7f62a45b0a7c2ca01f24" /home/hongyin.chen/Full_Dev/CCSNet/L1/condor/post-processing-rm.sub
10/14/22 12:03:46 From submit: /usr/bin/condor_submit: /home/hongyin.chen/miniconda3/lib/libuuid.so.1: no version information available (required by /usr/lib64/libcondor_utils_9_0_17.so)
10/14/22 12:03:46 From submit: Submitting job(s).
10/14/22 12:03:46 From submit: 1 job(s) submitted to cluster 16844093.
10/14/22 12:03:46 From submit: WARNING: the line 'JOB = 15666e8a1bb11c5bf77bb0cbed652a94' was unused by condor_submit. Is it a typo?
10/14/22 12:03:46 	assigned HTCondor ID (16844093.0.0)
10/14/22 12:03:46 Just submitted 1 job this cycle...
10/14/22 12:03:46 DAG status: 0 (DAG_STATUS_OK)
10/14/22 12:03:46 Of 9 nodes total:
10/14/22 12:03:46  Done     Pre   Queued    Post   Ready   Un-Ready   Failed
10/14/22 12:03:46   ===     ===      ===     ===     ===        ===      ===
10/14/22 12:03:46     8       0        1       0       0          0        0
10/14/22 12:03:46 0 job proc(s) currently held
10/14/22 12:03:46 DAGMan Runtime Statistics: [ EventCycleTimeAvg = 0.02152841824751634; EventCycleTimeCount = 26.0; EventCycleTimeMax = 0.3567628860473633; EventCycleTimeMin = 4.410743713378906E-05; EventCycleTimeStd = 0.07266934470007078; EventCycleTimeSum = 0.5597388744354248; LogProcessCycleTimeAvg = 0.0003839333852132161; LogProcessCycleTimeCount = 9.0; LogProcessCycleTimeMax = 0.0007419586181640625; LogProcessCycleTimeMin = 0.0001790523529052734; LogProcessCycleTimeStd = 0.0001732615471584119; LogProcessCycleTimeSum = 0.003455400466918945; SleepCycleTimeAvg = 5.005893881504353; SleepCycleTimeCount = 26.0; SleepCycleTimeMax = 5.033591032028198; SleepCycleTimeMin = 5.004050016403198; SleepCycleTimeStd = 0.005665627651135636; SleepCycleTimeSum = 130.1532409191132; SubmitCycleTimeAvg = 0.02288966708713108; SubmitCycleTimeCount = 27.0; SubmitCycleTimeMax = 0.3565351963043213; SubmitCycleTimeMin = 2.193450927734375E-05; SubmitCycleTimeStd = 0.07198640200978634; SubmitCycleTimeSum = 0.6180210113525391; ]
10/14/22 12:03:51 Currently monitoring 1 HTCondor log file(s)
10/14/22 12:03:51 Reassigning the id of job 15666e8a1bb11c5bf77bb0cbed652a94 from (16844093.0.0) to (16844093.0.0)
10/14/22 12:03:51 Event: ULOG_SUBMIT for HTCondor Node 15666e8a1bb11c5bf77bb0cbed652a94 (16844093.0.0) {10/14/22 12:03:46}
10/14/22 12:03:51 Number of idle job procs: 1
10/14/22 12:03:51 Event: ULOG_EXECUTE for HTCondor Node 15666e8a1bb11c5bf77bb0cbed652a94 (16844093.0.0) {10/14/22 12:03:47}
10/14/22 12:03:51 Number of idle job procs: 0
10/14/22 12:03:51 Event: ULOG_JOB_TERMINATED for HTCondor Node 15666e8a1bb11c5bf77bb0cbed652a94 (16844093.0.0) {10/14/22 12:03:47}
10/14/22 12:03:51 Number of idle job procs: 0
10/14/22 12:03:51 Node 15666e8a1bb11c5bf77bb0cbed652a94 job proc (16844093.0.0) completed successfully.
10/14/22 12:03:51 Node 15666e8a1bb11c5bf77bb0cbed652a94 job completed
10/14/22 12:03:51 DAG status: 0 (DAG_STATUS_OK)
10/14/22 12:03:51 Of 9 nodes total:
10/14/22 12:03:51  Done     Pre   Queued    Post   Ready   Un-Ready   Failed
10/14/22 12:03:51   ===     ===      ===     ===     ===        ===      ===
10/14/22 12:03:51     9       0        0       0       0          0        0
10/14/22 12:03:51 0 job proc(s) currently held
10/14/22 12:03:51 DAGMan Runtime Statistics: [ EventCycleTimeAvg = 0.02352400179262515; EventCycleTimeCount = 27.0; EventCycleTimeMax = 0.3567628860473633; EventCycleTimeMin = 4.410743713378906E-05; EventCycleTimeStd = 0.07200866768491511; EventCycleTimeSum = 0.6351480484008789; LogProcessCycleTimeAvg = 0.0003933429718017578; LogProcessCycleTimeCount = 10.0; LogProcessCycleTimeMax = 0.0007419586181640625; LogProcessCycleTimeMin = 0.0001790523529052734; LogProcessCycleTimeStd = 0.0001660405367402345; LogProcessCycleTimeSum = 0.003933429718017578; SleepCycleTimeAvg = 5.005845590874001; SleepCycleTimeCount = 27.0; SleepCycleTimeMax = 5.033591032028198; SleepCycleTimeMin = 5.004050016403198; SleepCycleTimeStd = 0.005561268776215687; SleepCycleTimeSum = 135.157830953598; SubmitCycleTimeAvg = 0.02207364354814802; SubmitCycleTimeCount = 28.0; SubmitCycleTimeMax = 0.3565351963043213; SubmitCycleTimeMin = 2.193450927734375E-05; SubmitCycleTimeStd = 0.0707725909779597; SubmitCycleTimeSum = 0.6180620193481445; ]
10/14/22 12:03:51 All jobs Completed!
10/14/22 12:03:51 Note: 0 total job deferrals because of -MaxJobs limit (12000)
10/14/22 12:03:51 Note: 0 total job deferrals because of -MaxIdle limit (1000)
10/14/22 12:03:51 Note: 0 total job deferrals because of node category throttles
10/14/22 12:03:51 Note: 0 total PRE script deferrals because of -MaxPre limit (20) or DEFER
10/14/22 12:03:51 Note: 0 total POST script deferrals because of -MaxPost limit (20) or DEFER
10/14/22 12:03:51 Note: 0 total HOLD script deferrals because of -MaxHold limit (20) or DEFER
10/14/22 12:03:51 DAG status: 0 (DAG_STATUS_OK)
10/14/22 12:03:51 Of 9 nodes total:
10/14/22 12:03:51  Done     Pre   Queued    Post   Ready   Un-Ready   Failed
10/14/22 12:03:51   ===     ===      ===     ===     ===        ===      ===
10/14/22 12:03:51     9       0        0       0       0          0        0
10/14/22 12:03:51 0 job proc(s) currently held
10/14/22 12:03:51 DAGMan Runtime Statistics: [ EventCycleTimeAvg = 0.02352400179262515; EventCycleTimeCount = 27.0; EventCycleTimeMax = 0.3567628860473633; EventCycleTimeMin = 4.410743713378906E-05; EventCycleTimeStd = 0.07200866768491511; EventCycleTimeSum = 0.6351480484008789; LogProcessCycleTimeAvg = 0.0003933429718017578; LogProcessCycleTimeCount = 10.0; LogProcessCycleTimeMax = 0.0007419586181640625; LogProcessCycleTimeMin = 0.0001790523529052734; LogProcessCycleTimeStd = 0.0001660405367402345; LogProcessCycleTimeSum = 0.003933429718017578; SleepCycleTimeAvg = 5.005845590874001; SleepCycleTimeCount = 27.0; SleepCycleTimeMax = 5.033591032028198; SleepCycleTimeMin = 5.004050016403198; SleepCycleTimeStd = 0.005561268776215687; SleepCycleTimeSum = 135.157830953598; SubmitCycleTimeAvg = 0.02207364354814802; SubmitCycleTimeCount = 28.0; SubmitCycleTimeMax = 0.3565351963043213; SubmitCycleTimeMin = 2.193450927734375E-05; SubmitCycleTimeStd = 0.0707725909779597; SubmitCycleTimeSum = 0.6180620193481445; ]
10/14/22 12:03:52 Wrote metrics file /home/hongyin.chen/Full_Dev/CCSNet/L1/condor/omicron.dag.metrics.
10/14/22 12:03:52 DAGMan Runtime Statistics: [ EventCycleTimeAvg = 0.02352400179262515; EventCycleTimeCount = 27.0; EventCycleTimeMax = 0.3567628860473633; EventCycleTimeMin = 4.410743713378906E-05; EventCycleTimeStd = 0.07200866768491511; EventCycleTimeSum = 0.6351480484008789; LogProcessCycleTimeAvg = 0.0003933429718017578; LogProcessCycleTimeCount = 10.0; LogProcessCycleTimeMax = 0.0007419586181640625; LogProcessCycleTimeMin = 0.0001790523529052734; LogProcessCycleTimeStd = 0.0001660405367402345; LogProcessCycleTimeSum = 0.003933429718017578; SleepCycleTimeAvg = 5.005845590874001; SleepCycleTimeCount = 27.0; SleepCycleTimeMax = 5.033591032028198; SleepCycleTimeMin = 5.004050016403198; SleepCycleTimeStd = 0.005561268776215687; SleepCycleTimeSum = 135.157830953598; SubmitCycleTimeAvg = 0.02207364354814802; SubmitCycleTimeCount = 28.0; SubmitCycleTimeMax = 0.3565351963043213; SubmitCycleTimeMin = 2.193450927734375E-05; SubmitCycleTimeStd = 0.0707725909779597; SubmitCycleTimeSum = 0.6180620193481445; ]
10/14/22 12:03:52 **** condor_scheduniv_exec.16844084.0 (condor_DAGMAN) pid 3945862 EXITING WITH STATUS 0
