

############################################################################
############################################################################

          ██████╗ ███╗   ███╗██╗ ██████╗██████╗  ██████╗ ███╗   ██╗
         ██╔═══██╗████╗ ████║██║██╔════╝██╔══██╗██╔═══██╗████╗  ██║
         ██║   ██║██╔████╔██║██║██║     ██████╔╝██║   ██║██╔██╗ ██║
         ██║   ██║██║╚██╔╝██║██║██║     ██╔══██╗██║   ██║██║╚██╗██║
         ╚██████╔╝██║ ╚═╝ ██║██║╚██████╗██║  ██║╚██████╔╝██║ ╚████║
          ╚═════╝ ╚═╝     ╚═╝╚═╝ ╚═════╝╚═╝  ╚═╝ ╚═════╝ ╚═╝  ╚═══╝
                                                            2.4.2
############################################################################
############################################################################


file : /home/hongyin.chen/Full_Dev/CCSNet/L1/parameters/parameters-0.txt		ok
ffl::ffl: detect file format
ffl::Convert2Ffl: FFL conversion
ffl::Reset: reset ffl
ffl::LoadFrameFile: load FFL file
ffl::LoadFrameFile: extract frame information
ffl::LoadFrameFile: check frame information
Streams::MakeLVDetector: this stream is now a LV detector: L1 detindex=3
Sample::SetFrequencies: new native sampling frequency (1024Hz)
Sample::SetFrequencies: new working sampling frequency (1024Hz)
Otile::Otile: creating 5 Q-planes
MakeTriggers::InitUserMetaData: init user-defined metadata fields
>>>>>>>>>> (19:02:41 (UTC) [+31s]: Omicron has been successfully initiated <<<<<<<<<<
Omicron::InitSegments: initiate data segments...
Omicron::MakeDirectories: make directory structure...
>>>>>>>>>> (19:02:41 (UTC) [+31s]: Start looping over chunks and channels <<<<<<<<<<
Omicron::NewChunk: call a new chunk...
Omicron::NewChannel: load a new channel...
Omicron::LoadData: load data vector...
Sample::SetFrequencies: new native sampling frequency (16384Hz)
Omicron::Condition: condition data vector...
Sample::Transform: remove DC...
Sample::Transform: resample input data...
Sample::Resample: apply anti-aliasing filters
Sample::Resample: decimate time-series
Spectrum::LoadData: compute PSD
Spectrum::LoadData: compute PSD
Omicron::Project: project data onto the tiles...
Omicron::WriteOutput: write chunk output...
Otile::SaveTriggers: Saving triggers for L1:DCS-CALIB_STRAIN_CLEAN_C01 chunk centered on 1263591420...
Triggers::SortTriggers: sorting triggers
Triggers::Clusterize: cluster 0 triggers...
MakeTriggers::Write: writing /home/hongyin.chen/Full_Dev/CCSNet/L1/triggers/L1:DCS-CALIB_STRAIN_CLEAN_C01/L1-DCS_CALIB_STRAIN_CLEAN_C01_OMICRON-1263591390-60.xml
MakeTriggers::Write: writing /home/hongyin.chen/Full_Dev/CCSNet/L1/triggers/L1:DCS-CALIB_STRAIN_CLEAN_C01/L1-DCS_CALIB_STRAIN_CLEAN_C01_OMICRON-1263591390-60.h5
MakeTriggers::Write: writing /home/hongyin.chen/Full_Dev/CCSNet/L1/triggers/L1:DCS-CALIB_STRAIN_CLEAN_C01/L1-DCS_CALIB_STRAIN_CLEAN_C01_OMICRON-1263591390-60.root
MakeTriggers::Reset: reset all
Omicron::NewChannel: load a new channel...
Omicron::NewChunk: call a new chunk...
Omicron::NewChannel: load a new channel...
Omicron::LoadData: load data vector...
Omicron::Condition: condition data vector...
Sample::Transform: remove DC...
Sample::Transform: resample input data...
Sample::Resample: apply anti-aliasing filters
Sample::Resample: decimate time-series
Spectrum::LoadData: compute PSD
Spectrum::LoadData: compute PSD
Omicron::Project: project data onto the tiles...
Omicron::WriteOutput: write chunk output...
Otile::SaveTriggers: Saving triggers for L1:DCS-CALIB_STRAIN_CLEAN_C01 chunk centered on 1263591480...
Triggers::SortTriggers: sorting triggers
Triggers::Clusterize: cluster 83 triggers...
MakeTriggers::Write: writing /home/hongyin.chen/Full_Dev/CCSNet/L1/triggers/L1:DCS-CALIB_STRAIN_CLEAN_C01/L1-DCS_CALIB_STRAIN_CLEAN_C01_OMICRON-1263591450-60.xml
MakeTriggers::Write: writing /home/hongyin.chen/Full_Dev/CCSNet/L1/triggers/L1:DCS-CALIB_STRAIN_CLEAN_C01/L1-DCS_CALIB_STRAIN_CLEAN_C01_OMICRON-1263591450-60.h5
MakeTriggers::Write: writing /home/hongyin.chen/Full_Dev/CCSNet/L1/triggers/L1:DCS-CALIB_STRAIN_CLEAN_C01/L1-DCS_CALIB_STRAIN_CLEAN_C01_OMICRON-1263591450-60.root
MakeTriggers::Reset: reset all
Omicron::NewChannel: load a new channel...
Omicron::NewChunk: call a new chunk...
Omicron::NewChannel: load a new channel...
Omicron::LoadData: load data vector...
Omicron::Condition: condition data vector...
Sample::Transform: remove DC...
Sample::Transform: resample input data...
Sample::Resample: apply anti-aliasing filters
Sample::Resample: decimate time-series
Spectrum::LoadData: compute PSD
Spectrum::LoadData: compute PSD
Omicron::Project: project data onto the tiles...
Omicron::WriteOutput: write chunk output...
Otile::SaveTriggers: Saving triggers for L1:DCS-CALIB_STRAIN_CLEAN_C01 chunk centered on 1263591540...
Triggers::SortTriggers: sorting triggers
Triggers::Clusterize: cluster 20 triggers...
MakeTriggers::Write: writing /home/hongyin.chen/Full_Dev/CCSNet/L1/triggers/L1:DCS-CALIB_STRAIN_CLEAN_C01/L1-DCS_CALIB_STRAIN_CLEAN_C01_OMICRON-1263591510-60.xml
MakeTriggers::Write: writing /home/hongyin.chen/Full_Dev/CCSNet/L1/triggers/L1:DCS-CALIB_STRAIN_CLEAN_C01/L1-DCS_CALIB_STRAIN_CLEAN_C01_OMICRON-1263591510-60.h5
MakeTriggers::Write: writing /home/hongyin.chen/Full_Dev/CCSNet/L1/triggers/L1:DCS-CALIB_STRAIN_CLEAN_C01/L1-DCS_CALIB_STRAIN_CLEAN_C01_OMICRON-1263591510-60.root
MakeTriggers::Reset: reset all
Omicron::NewChannel: load a new channel...
Omicron::NewChunk: call a new chunk...
Omicron::NewChannel: load a new channel...
Omicron::LoadData: load data vector...
Omicron::Condition: condition data vector...
Sample::Transform: remove DC...
Sample::Transform: resample input data...
Sample::Resample: apply anti-aliasing filters
Sample::Resample: decimate time-series
Spectrum::LoadData: compute PSD
Spectrum::LoadData: compute PSD
Omicron::Project: project data onto the tiles...
Omicron::WriteOutput: write chunk output...
Otile::SaveTriggers: Saving triggers for L1:DCS-CALIB_STRAIN_CLEAN_C01 chunk centered on 1263591600...
Triggers::SortTriggers: sorting triggers
Triggers::Clusterize: cluster 102 triggers...
MakeTriggers::Write: writing /home/hongyin.chen/Full_Dev/CCSNet/L1/triggers/L1:DCS-CALIB_STRAIN_CLEAN_C01/L1-DCS_CALIB_STRAIN_CLEAN_C01_OMICRON-1263591570-60.xml
MakeTriggers::Write: writing /home/hongyin.chen/Full_Dev/CCSNet/L1/triggers/L1:DCS-CALIB_STRAIN_CLEAN_C01/L1-DCS_CALIB_STRAIN_CLEAN_C01_OMICRON-1263591570-60.h5
MakeTriggers::Write: writing /home/hongyin.chen/Full_Dev/CCSNet/L1/triggers/L1:DCS-CALIB_STRAIN_CLEAN_C01/L1-DCS_CALIB_STRAIN_CLEAN_C01_OMICRON-1263591570-60.root
MakeTriggers::Reset: reset all
Omicron::NewChannel: load a new channel...
Omicron::NewChunk: call a new chunk...
Omicron::NewChannel: load a new channel...
Omicron::LoadData: load data vector...
Omicron::Condition: condition data vector...
Sample::Transform: remove DC...
Sample::Transform: resample input data...
Sample::Resample: apply anti-aliasing filters
Sample::Resample: decimate time-series
Spectrum::LoadData: compute PSD
Spectrum::LoadData: compute PSD
Omicron::Project: project data onto the tiles...
Omicron::WriteOutput: write chunk output...
Otile::SaveTriggers: Saving triggers for L1:DCS-CALIB_STRAIN_CLEAN_C01 chunk centered on 1263591660...
Triggers::SortTriggers: sorting triggers
Triggers::Clusterize: cluster 0 triggers...
MakeTriggers::Write: writing /home/hongyin.chen/Full_Dev/CCSNet/L1/triggers/L1:DCS-CALIB_STRAIN_CLEAN_C01/L1-DCS_CALIB_STRAIN_CLEAN_C01_OMICRON-1263591630-60.xml
MakeTriggers::Write: writing /home/hongyin.chen/Full_Dev/CCSNet/L1/triggers/L1:DCS-CALIB_STRAIN_CLEAN_C01/L1-DCS_CALIB_STRAIN_CLEAN_C01_OMICRON-1263591630-60.h5
MakeTriggers::Write: writing /home/hongyin.chen/Full_Dev/CCSNet/L1/triggers/L1:DCS-CALIB_STRAIN_CLEAN_C01/L1-DCS_CALIB_STRAIN_CLEAN_C01_OMICRON-1263591630-60.root
MakeTriggers::Reset: reset all
Omicron::NewChannel: load a new channel...
Omicron::NewChunk: call a new chunk...
Omicron::NewChannel: load a new channel...
Omicron::LoadData: load data vector...
Omicron::Condition: condition data vector...
Sample::Transform: remove DC...
Sample::Transform: resample input data...
Sample::Resample: apply anti-aliasing filters
Sample::Resample: decimate time-series
Spectrum::LoadData: compute PSD
Spectrum::LoadData: compute PSD
Omicron::Project: project data onto the tiles...
Omicron::WriteOutput: write chunk output...
Otile::SaveTriggers: Saving triggers for L1:DCS-CALIB_STRAIN_CLEAN_C01 chunk centered on 1263591720...
Triggers::SortTriggers: sorting triggers
Triggers::Clusterize: cluster 0 triggers...
MakeTriggers::Write: writing /home/hongyin.chen/Full_Dev/CCSNet/L1/triggers/L1:DCS-CALIB_STRAIN_CLEAN_C01/L1-DCS_CALIB_STRAIN_CLEAN_C01_OMICRON-1263591690-60.xml
MakeTriggers::Write: writing /home/hongyin.chen/Full_Dev/CCSNet/L1/triggers/L1:DCS-CALIB_STRAIN_CLEAN_C01/L1-DCS_CALIB_STRAIN_CLEAN_C01_OMICRON-1263591690-60.h5
MakeTriggers::Write: writing /home/hongyin.chen/Full_Dev/CCSNet/L1/triggers/L1:DCS-CALIB_STRAIN_CLEAN_C01/L1-DCS_CALIB_STRAIN_CLEAN_C01_OMICRON-1263591690-60.root
MakeTriggers::Reset: reset all
Omicron::NewChannel: load a new channel...
Omicron::NewChunk: call a new chunk...
Omicron::NewChannel: load a new channel...
Omicron::LoadData: load data vector...
Omicron::Condition: condition data vector...
Sample::Transform: remove DC...
Sample::Transform: resample input data...
Sample::Resample: apply anti-aliasing filters
Sample::Resample: decimate time-series
Spectrum::LoadData: compute PSD
Spectrum::LoadData: compute PSD
Omicron::Project: project data onto the tiles...
Omicron::WriteOutput: write chunk output...
Otile::SaveTriggers: Saving triggers for L1:DCS-CALIB_STRAIN_CLEAN_C01 chunk centered on 1263591780...
Triggers::SortTriggers: sorting triggers
Triggers::Clusterize: cluster 0 triggers...
MakeTriggers::Write: writing /home/hongyin.chen/Full_Dev/CCSNet/L1/triggers/L1:DCS-CALIB_STRAIN_CLEAN_C01/L1-DCS_CALIB_STRAIN_CLEAN_C01_OMICRON-1263591750-60.xml
MakeTriggers::Write: writing /home/hongyin.chen/Full_Dev/CCSNet/L1/triggers/L1:DCS-CALIB_STRAIN_CLEAN_C01/L1-DCS_CALIB_STRAIN_CLEAN_C01_OMICRON-1263591750-60.h5
MakeTriggers::Write: writing /home/hongyin.chen/Full_Dev/CCSNet/L1/triggers/L1:DCS-CALIB_STRAIN_CLEAN_C01/L1-DCS_CALIB_STRAIN_CLEAN_C01_OMICRON-1263591750-60.root
MakeTriggers::Reset: reset all
Omicron::NewChannel: load a new channel...
Omicron::NewChunk: call a new chunk...
Omicron::NewChannel: load a new channel...
Omicron::LoadData: load data vector...
Omicron::Condition: condition data vector...
Sample::Transform: remove DC...
Sample::Transform: resample input data...
Sample::Resample: apply anti-aliasing filters
Sample::Resample: decimate time-series
Spectrum::LoadData: compute PSD
Spectrum::LoadData: compute PSD
Omicron::Project: project data onto the tiles...
Omicron::WriteOutput: write chunk output...
Otile::SaveTriggers: Saving triggers for L1:DCS-CALIB_STRAIN_CLEAN_C01 chunk centered on 1263591840...
Triggers::SortTriggers: sorting triggers
Triggers::Clusterize: cluster 727 triggers...
MakeTriggers::Write: writing /home/hongyin.chen/Full_Dev/CCSNet/L1/triggers/L1:DCS-CALIB_STRAIN_CLEAN_C01/L1-DCS_CALIB_STRAIN_CLEAN_C01_OMICRON-1263591810-60.xml
MakeTriggers::Write: writing /home/hongyin.chen/Full_Dev/CCSNet/L1/triggers/L1:DCS-CALIB_STRAIN_CLEAN_C01/L1-DCS_CALIB_STRAIN_CLEAN_C01_OMICRON-1263591810-60.h5
MakeTriggers::Write: writing /home/hongyin.chen/Full_Dev/CCSNet/L1/triggers/L1:DCS-CALIB_STRAIN_CLEAN_C01/L1-DCS_CALIB_STRAIN_CLEAN_C01_OMICRON-1263591810-60.root
MakeTriggers::Reset: reset all
Omicron::NewChannel: load a new channel...
Omicron::NewChunk: call a new chunk...
Omicron::NewChannel: load a new channel...
Omicron::LoadData: load data vector...
Omicron::Condition: condition data vector...
Sample::Transform: remove DC...
Sample::Transform: resample input data...
Sample::Resample: apply anti-aliasing filters
Sample::Resample: decimate time-series
Spectrum::LoadData: compute PSD
Spectrum::LoadData: compute PSD
Omicron::Project: project data onto the tiles...
Omicron::WriteOutput: write chunk output...
Otile::SaveTriggers: Saving triggers for L1:DCS-CALIB_STRAIN_CLEAN_C01 chunk centered on 1263591900...
Triggers::SortTriggers: sorting triggers
Triggers::Clusterize: cluster 41 triggers...
MakeTriggers::Write: writing /home/hongyin.chen/Full_Dev/CCSNet/L1/triggers/L1:DCS-CALIB_STRAIN_CLEAN_C01/L1-DCS_CALIB_STRAIN_CLEAN_C01_OMICRON-1263591870-60.xml
MakeTriggers::Write: writing /home/hongyin.chen/Full_Dev/CCSNet/L1/triggers/L1:DCS-CALIB_STRAIN_CLEAN_C01/L1-DCS_CALIB_STRAIN_CLEAN_C01_OMICRON-1263591870-60.h5
MakeTriggers::Write: writing /home/hongyin.chen/Full_Dev/CCSNet/L1/triggers/L1:DCS-CALIB_STRAIN_CLEAN_C01/L1-DCS_CALIB_STRAIN_CLEAN_C01_OMICRON-1263591870-60.root
MakeTriggers::Reset: reset all
Omicron::NewChannel: load a new channel...
Omicron::NewChunk: call a new chunk...
Omicron::NewChannel: load a new channel...
Omicron::LoadData: load data vector...
Omicron::Condition: condition data vector...
Sample::Transform: remove DC...
Sample::Transform: resample input data...
Sample::Resample: apply anti-aliasing filters
Sample::Resample: decimate time-series
Spectrum::LoadData: compute PSD
Spectrum::LoadData: compute PSD
Omicron::Project: project data onto the tiles...
Omicron::WriteOutput: write chunk output...
Otile::SaveTriggers: Saving triggers for L1:DCS-CALIB_STRAIN_CLEAN_C01 chunk centered on 1263591960...
Triggers::SortTriggers: sorting triggers
Triggers::Clusterize: cluster 6 triggers...
MakeTriggers::Write: writing /home/hongyin.chen/Full_Dev/CCSNet/L1/triggers/L1:DCS-CALIB_STRAIN_CLEAN_C01/L1-DCS_CALIB_STRAIN_CLEAN_C01_OMICRON-1263591930-60.xml
MakeTriggers::Write: writing /home/hongyin.chen/Full_Dev/CCSNet/L1/triggers/L1:DCS-CALIB_STRAIN_CLEAN_C01/L1-DCS_CALIB_STRAIN_CLEAN_C01_OMICRON-1263591930-60.h5
MakeTriggers::Write: writing /home/hongyin.chen/Full_Dev/CCSNet/L1/triggers/L1:DCS-CALIB_STRAIN_CLEAN_C01/L1-DCS_CALIB_STRAIN_CLEAN_C01_OMICRON-1263591930-60.root
MakeTriggers::Reset: reset all
Omicron::NewChannel: load a new channel...
Omicron::NewChunk: call a new chunk...
>>>>>>>>>> (19:02:54 (UTC) [+44s]: Omicron processing is over <<<<<<<<<<

************* Omicron status info *************
requested start         = 1263591388
requested end           = 1263591992
requested livetime      = 604s
number of loaded chunks = 10

*** L1:DCS-CALIB_STRAIN_CLEAN_C01
number of calls                = 10
number of data calls           = 10
number of conditioning calls   = 10
number of projection calls     = 10
number of write calls          = 10
start_out           = 1263591390
end_out             = 1263591990
trigger livetime    = 600s (99.33775%)
***********************************************

ffl::Reset: reset ffl
