

############################################################################
############################################################################

          ██████╗ ███╗   ███╗██╗ ██████╗██████╗  ██████╗ ███╗   ██╗
         ██╔═══██╗████╗ ████║██║██╔════╝██╔══██╗██╔═══██╗████╗  ██║
         ██║   ██║██╔████╔██║██║██║     ██████╔╝██║   ██║██╔██╗ ██║
         ██║   ██║██║╚██╔╝██║██║██║     ██╔══██╗██║   ██║██║╚██╗██║
         ╚██████╔╝██║ ╚═╝ ██║██║╚██████╗██║  ██║╚██████╔╝██║ ╚████║
          ╚═════╝ ╚═╝     ╚═╝╚═╝ ╚═════╝╚═╝  ╚═╝ ╚═════╝ ╚═╝  ╚═══╝
                                                            2.4.2
############################################################################
############################################################################


file : /home/hongyin.chen/Full_Dev/CCSNet/L1/parameters/parameters-0.txt		ok
ffl::ffl: detect file format
ffl::Convert2Ffl: FFL conversion
ffl::Reset: reset ffl
ffl::LoadFrameFile: load FFL file
ffl::LoadFrameFile: extract frame information
ffl::LoadFrameFile: check frame information
Streams::MakeLVDetector: this stream is now a LV detector: L1 detindex=3
Sample::SetFrequencies: new native sampling frequency (1024Hz)
Sample::SetFrequencies: new working sampling frequency (1024Hz)
Otile::Otile: creating 5 Q-planes
MakeTriggers::InitUserMetaData: init user-defined metadata fields
>>>>>>>>>> (19:02:20 (UTC) [+9s]: Omicron has been successfully initiated <<<<<<<<<<
Omicron::InitSegments: initiate data segments...
Omicron::MakeDirectories: make directory structure...
>>>>>>>>>> (19:02:20 (UTC) [+9s]: Start looping over chunks and channels <<<<<<<<<<
Omicron::NewChunk: call a new chunk...
Omicron::NewChannel: load a new channel...
Omicron::LoadData: load data vector...
Sample::SetFrequencies: new native sampling frequency (16384Hz)
Omicron::Condition: condition data vector...
Sample::Transform: remove DC...
Sample::Transform: resample input data...
Sample::Resample: apply anti-aliasing filters
Sample::Resample: decimate time-series
Spectrum::LoadData: compute PSD
Spectrum::LoadData: compute PSD
Omicron::Project: project data onto the tiles...
Omicron::WriteOutput: write chunk output...
Otile::SaveTriggers: Saving triggers for L1:DCS-CALIB_STRAIN_CLEAN_C01 chunk centered on 1263589620...
Triggers::SortTriggers: sorting triggers
Triggers::Clusterize: cluster 0 triggers...
MakeTriggers::Write: writing /home/hongyin.chen/Full_Dev/CCSNet/L1/triggers/L1:DCS-CALIB_STRAIN_CLEAN_C01/L1-DCS_CALIB_STRAIN_CLEAN_C01_OMICRON-1263589590-60.xml
MakeTriggers::Write: writing /home/hongyin.chen/Full_Dev/CCSNet/L1/triggers/L1:DCS-CALIB_STRAIN_CLEAN_C01/L1-DCS_CALIB_STRAIN_CLEAN_C01_OMICRON-1263589590-60.h5
MakeTriggers::Write: writing /home/hongyin.chen/Full_Dev/CCSNet/L1/triggers/L1:DCS-CALIB_STRAIN_CLEAN_C01/L1-DCS_CALIB_STRAIN_CLEAN_C01_OMICRON-1263589590-60.root
MakeTriggers::Reset: reset all
Omicron::NewChannel: load a new channel...
Omicron::NewChunk: call a new chunk...
Omicron::NewChannel: load a new channel...
Omicron::LoadData: load data vector...
Omicron::Condition: condition data vector...
Sample::Transform: remove DC...
Sample::Transform: resample input data...
Sample::Resample: apply anti-aliasing filters
Sample::Resample: decimate time-series
Spectrum::LoadData: compute PSD
Spectrum::LoadData: compute PSD
Omicron::Project: project data onto the tiles...
Omicron::WriteOutput: write chunk output...
Otile::SaveTriggers: Saving triggers for L1:DCS-CALIB_STRAIN_CLEAN_C01 chunk centered on 1263589680...
Triggers::SortTriggers: sorting triggers
Triggers::Clusterize: cluster 0 triggers...
MakeTriggers::Write: writing /home/hongyin.chen/Full_Dev/CCSNet/L1/triggers/L1:DCS-CALIB_STRAIN_CLEAN_C01/L1-DCS_CALIB_STRAIN_CLEAN_C01_OMICRON-1263589650-60.xml
MakeTriggers::Write: writing /home/hongyin.chen/Full_Dev/CCSNet/L1/triggers/L1:DCS-CALIB_STRAIN_CLEAN_C01/L1-DCS_CALIB_STRAIN_CLEAN_C01_OMICRON-1263589650-60.h5
MakeTriggers::Write: writing /home/hongyin.chen/Full_Dev/CCSNet/L1/triggers/L1:DCS-CALIB_STRAIN_CLEAN_C01/L1-DCS_CALIB_STRAIN_CLEAN_C01_OMICRON-1263589650-60.root
MakeTriggers::Reset: reset all
Omicron::NewChannel: load a new channel...
Omicron::NewChunk: call a new chunk...
Omicron::NewChannel: load a new channel...
Omicron::LoadData: load data vector...
Omicron::Condition: condition data vector...
Sample::Transform: remove DC...
Sample::Transform: resample input data...
Sample::Resample: apply anti-aliasing filters
Sample::Resample: decimate time-series
Spectrum::LoadData: compute PSD
Spectrum::LoadData: compute PSD
Omicron::Project: project data onto the tiles...
Omicron::WriteOutput: write chunk output...
Otile::SaveTriggers: Saving triggers for L1:DCS-CALIB_STRAIN_CLEAN_C01 chunk centered on 1263589740...
Triggers::SortTriggers: sorting triggers
Triggers::Clusterize: cluster 0 triggers...
MakeTriggers::Write: writing /home/hongyin.chen/Full_Dev/CCSNet/L1/triggers/L1:DCS-CALIB_STRAIN_CLEAN_C01/L1-DCS_CALIB_STRAIN_CLEAN_C01_OMICRON-1263589710-60.xml
MakeTriggers::Write: writing /home/hongyin.chen/Full_Dev/CCSNet/L1/triggers/L1:DCS-CALIB_STRAIN_CLEAN_C01/L1-DCS_CALIB_STRAIN_CLEAN_C01_OMICRON-1263589710-60.h5
MakeTriggers::Write: writing /home/hongyin.chen/Full_Dev/CCSNet/L1/triggers/L1:DCS-CALIB_STRAIN_CLEAN_C01/L1-DCS_CALIB_STRAIN_CLEAN_C01_OMICRON-1263589710-60.root
MakeTriggers::Reset: reset all
Omicron::NewChannel: load a new channel...
Omicron::NewChunk: call a new chunk...
Omicron::NewChannel: load a new channel...
Omicron::LoadData: load data vector...
Omicron::Condition: condition data vector...
Sample::Transform: remove DC...
Sample::Transform: resample input data...
Sample::Resample: apply anti-aliasing filters
Sample::Resample: decimate time-series
Spectrum::LoadData: compute PSD
Spectrum::LoadData: compute PSD
Omicron::Project: project data onto the tiles...
Omicron::WriteOutput: write chunk output...
Otile::SaveTriggers: Saving triggers for L1:DCS-CALIB_STRAIN_CLEAN_C01 chunk centered on 1263589800...
Triggers::SortTriggers: sorting triggers
Triggers::Clusterize: cluster 0 triggers...
MakeTriggers::Write: writing /home/hongyin.chen/Full_Dev/CCSNet/L1/triggers/L1:DCS-CALIB_STRAIN_CLEAN_C01/L1-DCS_CALIB_STRAIN_CLEAN_C01_OMICRON-1263589770-60.xml
MakeTriggers::Write: writing /home/hongyin.chen/Full_Dev/CCSNet/L1/triggers/L1:DCS-CALIB_STRAIN_CLEAN_C01/L1-DCS_CALIB_STRAIN_CLEAN_C01_OMICRON-1263589770-60.h5
MakeTriggers::Write: writing /home/hongyin.chen/Full_Dev/CCSNet/L1/triggers/L1:DCS-CALIB_STRAIN_CLEAN_C01/L1-DCS_CALIB_STRAIN_CLEAN_C01_OMICRON-1263589770-60.root
MakeTriggers::Reset: reset all
Omicron::NewChannel: load a new channel...
Omicron::NewChunk: call a new chunk...
Omicron::NewChannel: load a new channel...
Omicron::LoadData: load data vector...
Omicron::Condition: condition data vector...
Sample::Transform: remove DC...
Sample::Transform: resample input data...
Sample::Resample: apply anti-aliasing filters
Sample::Resample: decimate time-series
Spectrum::LoadData: compute PSD
Spectrum::LoadData: compute PSD
Omicron::Project: project data onto the tiles...
Omicron::WriteOutput: write chunk output...
Otile::SaveTriggers: Saving triggers for L1:DCS-CALIB_STRAIN_CLEAN_C01 chunk centered on 1263589860...
Triggers::SortTriggers: sorting triggers
Triggers::Clusterize: cluster 7 triggers...
MakeTriggers::Write: writing /home/hongyin.chen/Full_Dev/CCSNet/L1/triggers/L1:DCS-CALIB_STRAIN_CLEAN_C01/L1-DCS_CALIB_STRAIN_CLEAN_C01_OMICRON-1263589830-60.xml
MakeTriggers::Write: writing /home/hongyin.chen/Full_Dev/CCSNet/L1/triggers/L1:DCS-CALIB_STRAIN_CLEAN_C01/L1-DCS_CALIB_STRAIN_CLEAN_C01_OMICRON-1263589830-60.h5
MakeTriggers::Write: writing /home/hongyin.chen/Full_Dev/CCSNet/L1/triggers/L1:DCS-CALIB_STRAIN_CLEAN_C01/L1-DCS_CALIB_STRAIN_CLEAN_C01_OMICRON-1263589830-60.root
MakeTriggers::Reset: reset all
Omicron::NewChannel: load a new channel...
Omicron::NewChunk: call a new chunk...
Omicron::NewChannel: load a new channel...
Omicron::LoadData: load data vector...
Omicron::Condition: condition data vector...
Sample::Transform: remove DC...
Sample::Transform: resample input data...
Sample::Resample: apply anti-aliasing filters
Sample::Resample: decimate time-series
Spectrum::LoadData: compute PSD
Spectrum::LoadData: compute PSD
Omicron::Project: project data onto the tiles...
Omicron::WriteOutput: write chunk output...
Otile::SaveTriggers: Saving triggers for L1:DCS-CALIB_STRAIN_CLEAN_C01 chunk centered on 1263589920...
Triggers::SortTriggers: sorting triggers
Triggers::Clusterize: cluster 0 triggers...
MakeTriggers::Write: writing /home/hongyin.chen/Full_Dev/CCSNet/L1/triggers/L1:DCS-CALIB_STRAIN_CLEAN_C01/L1-DCS_CALIB_STRAIN_CLEAN_C01_OMICRON-1263589890-60.xml
MakeTriggers::Write: writing /home/hongyin.chen/Full_Dev/CCSNet/L1/triggers/L1:DCS-CALIB_STRAIN_CLEAN_C01/L1-DCS_CALIB_STRAIN_CLEAN_C01_OMICRON-1263589890-60.h5
MakeTriggers::Write: writing /home/hongyin.chen/Full_Dev/CCSNet/L1/triggers/L1:DCS-CALIB_STRAIN_CLEAN_C01/L1-DCS_CALIB_STRAIN_CLEAN_C01_OMICRON-1263589890-60.root
MakeTriggers::Reset: reset all
Omicron::NewChannel: load a new channel...
Omicron::NewChunk: call a new chunk...
Omicron::NewChannel: load a new channel...
Omicron::LoadData: load data vector...
Omicron::Condition: condition data vector...
Sample::Transform: remove DC...
Sample::Transform: resample input data...
Sample::Resample: apply anti-aliasing filters
Sample::Resample: decimate time-series
Spectrum::LoadData: compute PSD
Spectrum::LoadData: compute PSD
Omicron::Project: project data onto the tiles...
Omicron::WriteOutput: write chunk output...
Otile::SaveTriggers: Saving triggers for L1:DCS-CALIB_STRAIN_CLEAN_C01 chunk centered on 1263589980...
Triggers::SortTriggers: sorting triggers
Triggers::Clusterize: cluster 0 triggers...
MakeTriggers::Write: writing /home/hongyin.chen/Full_Dev/CCSNet/L1/triggers/L1:DCS-CALIB_STRAIN_CLEAN_C01/L1-DCS_CALIB_STRAIN_CLEAN_C01_OMICRON-1263589950-60.xml
MakeTriggers::Write: writing /home/hongyin.chen/Full_Dev/CCSNet/L1/triggers/L1:DCS-CALIB_STRAIN_CLEAN_C01/L1-DCS_CALIB_STRAIN_CLEAN_C01_OMICRON-1263589950-60.h5
MakeTriggers::Write: writing /home/hongyin.chen/Full_Dev/CCSNet/L1/triggers/L1:DCS-CALIB_STRAIN_CLEAN_C01/L1-DCS_CALIB_STRAIN_CLEAN_C01_OMICRON-1263589950-60.root
MakeTriggers::Reset: reset all
Omicron::NewChannel: load a new channel...
Omicron::NewChunk: call a new chunk...
Omicron::NewChannel: load a new channel...
Omicron::LoadData: load data vector...
Omicron::Condition: condition data vector...
Sample::Transform: remove DC...
Sample::Transform: resample input data...
Sample::Resample: apply anti-aliasing filters
Sample::Resample: decimate time-series
Spectrum::LoadData: compute PSD
Spectrum::LoadData: compute PSD
Omicron::Project: project data onto the tiles...
Omicron::WriteOutput: write chunk output...
Otile::SaveTriggers: Saving triggers for L1:DCS-CALIB_STRAIN_CLEAN_C01 chunk centered on 1263590040...
Triggers::SortTriggers: sorting triggers
Triggers::Clusterize: cluster 0 triggers...
MakeTriggers::Write: writing /home/hongyin.chen/Full_Dev/CCSNet/L1/triggers/L1:DCS-CALIB_STRAIN_CLEAN_C01/L1-DCS_CALIB_STRAIN_CLEAN_C01_OMICRON-1263590010-60.xml
MakeTriggers::Write: writing /home/hongyin.chen/Full_Dev/CCSNet/L1/triggers/L1:DCS-CALIB_STRAIN_CLEAN_C01/L1-DCS_CALIB_STRAIN_CLEAN_C01_OMICRON-1263590010-60.h5
MakeTriggers::Write: writing /home/hongyin.chen/Full_Dev/CCSNet/L1/triggers/L1:DCS-CALIB_STRAIN_CLEAN_C01/L1-DCS_CALIB_STRAIN_CLEAN_C01_OMICRON-1263590010-60.root
MakeTriggers::Reset: reset all
Omicron::NewChannel: load a new channel...
Omicron::NewChunk: call a new chunk...
Omicron::NewChannel: load a new channel...
Omicron::LoadData: load data vector...
Omicron::Condition: condition data vector...
Sample::Transform: remove DC...
Sample::Transform: resample input data...
Sample::Resample: apply anti-aliasing filters
Sample::Resample: decimate time-series
Spectrum::LoadData: compute PSD
Spectrum::LoadData: compute PSD
Omicron::Project: project data onto the tiles...
Omicron::WriteOutput: write chunk output...
Otile::SaveTriggers: Saving triggers for L1:DCS-CALIB_STRAIN_CLEAN_C01 chunk centered on 1263590100...
Triggers::SortTriggers: sorting triggers
Triggers::Clusterize: cluster 0 triggers...
MakeTriggers::Write: writing /home/hongyin.chen/Full_Dev/CCSNet/L1/triggers/L1:DCS-CALIB_STRAIN_CLEAN_C01/L1-DCS_CALIB_STRAIN_CLEAN_C01_OMICRON-1263590070-60.xml
MakeTriggers::Write: writing /home/hongyin.chen/Full_Dev/CCSNet/L1/triggers/L1:DCS-CALIB_STRAIN_CLEAN_C01/L1-DCS_CALIB_STRAIN_CLEAN_C01_OMICRON-1263590070-60.h5
MakeTriggers::Write: writing /home/hongyin.chen/Full_Dev/CCSNet/L1/triggers/L1:DCS-CALIB_STRAIN_CLEAN_C01/L1-DCS_CALIB_STRAIN_CLEAN_C01_OMICRON-1263590070-60.root
MakeTriggers::Reset: reset all
Omicron::NewChannel: load a new channel...
Omicron::NewChunk: call a new chunk...
Omicron::NewChannel: load a new channel...
Omicron::LoadData: load data vector...
Omicron::Condition: condition data vector...
Sample::Transform: remove DC...
Sample::Transform: resample input data...
Sample::Resample: apply anti-aliasing filters
Sample::Resample: decimate time-series
Spectrum::LoadData: compute PSD
Spectrum::LoadData: compute PSD
Omicron::Project: project data onto the tiles...
Omicron::WriteOutput: write chunk output...
Otile::SaveTriggers: Saving triggers for L1:DCS-CALIB_STRAIN_CLEAN_C01 chunk centered on 1263590160...
Triggers::SortTriggers: sorting triggers
Triggers::Clusterize: cluster 0 triggers...
MakeTriggers::Write: writing /home/hongyin.chen/Full_Dev/CCSNet/L1/triggers/L1:DCS-CALIB_STRAIN_CLEAN_C01/L1-DCS_CALIB_STRAIN_CLEAN_C01_OMICRON-1263590130-60.xml
MakeTriggers::Write: writing /home/hongyin.chen/Full_Dev/CCSNet/L1/triggers/L1:DCS-CALIB_STRAIN_CLEAN_C01/L1-DCS_CALIB_STRAIN_CLEAN_C01_OMICRON-1263590130-60.h5
MakeTriggers::Write: writing /home/hongyin.chen/Full_Dev/CCSNet/L1/triggers/L1:DCS-CALIB_STRAIN_CLEAN_C01/L1-DCS_CALIB_STRAIN_CLEAN_C01_OMICRON-1263590130-60.root
MakeTriggers::Reset: reset all
Omicron::NewChannel: load a new channel...
Omicron::NewChunk: call a new chunk...
>>>>>>>>>> (19:02:32 (UTC) [+21s]: Omicron processing is over <<<<<<<<<<

************* Omicron status info *************
requested start         = 1263589588
requested end           = 1263590192
requested livetime      = 604s
number of loaded chunks = 10

*** L1:DCS-CALIB_STRAIN_CLEAN_C01
number of calls                = 10
number of data calls           = 10
number of conditioning calls   = 10
number of projection calls     = 10
number of write calls          = 10
start_out           = 1263589590
end_out             = 1263590190
trigger livetime    = 600s (99.33775%)
***********************************************

ffl::Reset: reset ffl
