

############################################################################
############################################################################

          ██████╗ ███╗   ███╗██╗ ██████╗██████╗  ██████╗ ███╗   ██╗
         ██╔═══██╗████╗ ████║██║██╔════╝██╔══██╗██╔═══██╗████╗  ██║
         ██║   ██║██╔████╔██║██║██║     ██████╔╝██║   ██║██╔██╗ ██║
         ██║   ██║██║╚██╔╝██║██║██║     ██╔══██╗██║   ██║██║╚██╗██║
         ╚██████╔╝██║ ╚═╝ ██║██║╚██████╗██║  ██║╚██████╔╝██║ ╚████║
          ╚═════╝ ╚═╝     ╚═╝╚═╝ ╚═════╝╚═╝  ╚═╝ ╚═════╝ ╚═╝  ╚═══╝
                                                            2.4.2
############################################################################
############################################################################


file : /home/hongyin.chen/Full_Dev/CCSNet/H1/parameters/parameters-0.txt		ok
ffl::ffl: detect file format
ffl::Convert2Ffl: FFL conversion
ffl::Reset: reset ffl
ffl::LoadFrameFile: load FFL file
ffl::LoadFrameFile: extract frame information
ffl::LoadFrameFile: check frame information
Streams::MakeLVDetector: this stream is now a LV detector: H1 detindex=1
Sample::SetFrequencies: new native sampling frequency (1024Hz)
Sample::SetFrequencies: new working sampling frequency (1024Hz)
Otile::Otile: creating 5 Q-planes
MakeTriggers::InitUserMetaData: init user-defined metadata fields
>>>>>>>>>> (18:59:04 (UTC) [+6s]: Omicron has been successfully initiated <<<<<<<<<<
Omicron::InitSegments: initiate data segments...
Omicron::MakeDirectories: make directory structure...
>>>>>>>>>> (18:59:04 (UTC) [+6s]: Start looping over chunks and channels <<<<<<<<<<
Omicron::NewChunk: call a new chunk...
Omicron::NewChannel: load a new channel...
Omicron::LoadData: load data vector...
Sample::SetFrequencies: new native sampling frequency (16384Hz)
Omicron::Condition: condition data vector...
Sample::Transform: remove DC...
Sample::Transform: resample input data...
Sample::Resample: apply anti-aliasing filters
Sample::Resample: decimate time-series
Spectrum::LoadData: compute PSD
Spectrum::LoadData: compute PSD
Omicron::Project: project data onto the tiles...
Omicron::WriteOutput: write chunk output...
Otile::SaveTriggers: Saving triggers for H1:DCS-CALIB_STRAIN_CLEAN_C01 chunk centered on 1263588420...
Triggers::SortTriggers: sorting triggers
Triggers::Clusterize: cluster 0 triggers...
MakeTriggers::Write: writing /home/hongyin.chen/Full_Dev/CCSNet/H1/triggers/H1:DCS-CALIB_STRAIN_CLEAN_C01/H1-DCS_CALIB_STRAIN_CLEAN_C01_OMICRON-1263588390-60.xml
MakeTriggers::Write: writing /home/hongyin.chen/Full_Dev/CCSNet/H1/triggers/H1:DCS-CALIB_STRAIN_CLEAN_C01/H1-DCS_CALIB_STRAIN_CLEAN_C01_OMICRON-1263588390-60.h5
MakeTriggers::Write: writing /home/hongyin.chen/Full_Dev/CCSNet/H1/triggers/H1:DCS-CALIB_STRAIN_CLEAN_C01/H1-DCS_CALIB_STRAIN_CLEAN_C01_OMICRON-1263588390-60.root
MakeTriggers::Reset: reset all
Omicron::NewChannel: load a new channel...
Omicron::NewChunk: call a new chunk...
Omicron::NewChannel: load a new channel...
Omicron::LoadData: load data vector...
Omicron::Condition: condition data vector...
Sample::Transform: remove DC...
Sample::Transform: resample input data...
Sample::Resample: apply anti-aliasing filters
Sample::Resample: decimate time-series
Spectrum::LoadData: compute PSD
Spectrum::LoadData: compute PSD
Omicron::Project: project data onto the tiles...
Omicron::WriteOutput: write chunk output...
Otile::SaveTriggers: Saving triggers for H1:DCS-CALIB_STRAIN_CLEAN_C01 chunk centered on 1263588480...
Triggers::SortTriggers: sorting triggers
Triggers::Clusterize: cluster 0 triggers...
MakeTriggers::Write: writing /home/hongyin.chen/Full_Dev/CCSNet/H1/triggers/H1:DCS-CALIB_STRAIN_CLEAN_C01/H1-DCS_CALIB_STRAIN_CLEAN_C01_OMICRON-1263588450-60.xml
MakeTriggers::Write: writing /home/hongyin.chen/Full_Dev/CCSNet/H1/triggers/H1:DCS-CALIB_STRAIN_CLEAN_C01/H1-DCS_CALIB_STRAIN_CLEAN_C01_OMICRON-1263588450-60.h5
MakeTriggers::Write: writing /home/hongyin.chen/Full_Dev/CCSNet/H1/triggers/H1:DCS-CALIB_STRAIN_CLEAN_C01/H1-DCS_CALIB_STRAIN_CLEAN_C01_OMICRON-1263588450-60.root
MakeTriggers::Reset: reset all
Omicron::NewChannel: load a new channel...
Omicron::NewChunk: call a new chunk...
Omicron::NewChannel: load a new channel...
Omicron::LoadData: load data vector...
Omicron::Condition: condition data vector...
Sample::Transform: remove DC...
Sample::Transform: resample input data...
Sample::Resample: apply anti-aliasing filters
Sample::Resample: decimate time-series
Spectrum::LoadData: compute PSD
Spectrum::LoadData: compute PSD
Omicron::Project: project data onto the tiles...
Omicron::WriteOutput: write chunk output...
Otile::SaveTriggers: Saving triggers for H1:DCS-CALIB_STRAIN_CLEAN_C01 chunk centered on 1263588540...
Triggers::SortTriggers: sorting triggers
Triggers::Clusterize: cluster 0 triggers...
MakeTriggers::Write: writing /home/hongyin.chen/Full_Dev/CCSNet/H1/triggers/H1:DCS-CALIB_STRAIN_CLEAN_C01/H1-DCS_CALIB_STRAIN_CLEAN_C01_OMICRON-1263588510-60.xml
MakeTriggers::Write: writing /home/hongyin.chen/Full_Dev/CCSNet/H1/triggers/H1:DCS-CALIB_STRAIN_CLEAN_C01/H1-DCS_CALIB_STRAIN_CLEAN_C01_OMICRON-1263588510-60.h5
MakeTriggers::Write: writing /home/hongyin.chen/Full_Dev/CCSNet/H1/triggers/H1:DCS-CALIB_STRAIN_CLEAN_C01/H1-DCS_CALIB_STRAIN_CLEAN_C01_OMICRON-1263588510-60.root
MakeTriggers::Reset: reset all
Omicron::NewChannel: load a new channel...
Omicron::NewChunk: call a new chunk...
Omicron::NewChannel: load a new channel...
Omicron::LoadData: load data vector...
Omicron::Condition: condition data vector...
Sample::Transform: remove DC...
Sample::Transform: resample input data...
Sample::Resample: apply anti-aliasing filters
Sample::Resample: decimate time-series
Spectrum::LoadData: compute PSD
Spectrum::LoadData: compute PSD
Omicron::Project: project data onto the tiles...
Omicron::WriteOutput: write chunk output...
Otile::SaveTriggers: Saving triggers for H1:DCS-CALIB_STRAIN_CLEAN_C01 chunk centered on 1263588600...
Triggers::SortTriggers: sorting triggers
Triggers::Clusterize: cluster 0 triggers...
MakeTriggers::Write: writing /home/hongyin.chen/Full_Dev/CCSNet/H1/triggers/H1:DCS-CALIB_STRAIN_CLEAN_C01/H1-DCS_CALIB_STRAIN_CLEAN_C01_OMICRON-1263588570-60.xml
MakeTriggers::Write: writing /home/hongyin.chen/Full_Dev/CCSNet/H1/triggers/H1:DCS-CALIB_STRAIN_CLEAN_C01/H1-DCS_CALIB_STRAIN_CLEAN_C01_OMICRON-1263588570-60.h5
MakeTriggers::Write: writing /home/hongyin.chen/Full_Dev/CCSNet/H1/triggers/H1:DCS-CALIB_STRAIN_CLEAN_C01/H1-DCS_CALIB_STRAIN_CLEAN_C01_OMICRON-1263588570-60.root
MakeTriggers::Reset: reset all
Omicron::NewChannel: load a new channel...
Omicron::NewChunk: call a new chunk...
Omicron::NewChannel: load a new channel...
Omicron::LoadData: load data vector...
Omicron::Condition: condition data vector...
Sample::Transform: remove DC...
Sample::Transform: resample input data...
Sample::Resample: apply anti-aliasing filters
Sample::Resample: decimate time-series
Spectrum::LoadData: compute PSD
Spectrum::LoadData: compute PSD
Omicron::Project: project data onto the tiles...
Omicron::WriteOutput: write chunk output...
Otile::SaveTriggers: Saving triggers for H1:DCS-CALIB_STRAIN_CLEAN_C01 chunk centered on 1263588660...
Triggers::SortTriggers: sorting triggers
Triggers::Clusterize: cluster 0 triggers...
MakeTriggers::Write: writing /home/hongyin.chen/Full_Dev/CCSNet/H1/triggers/H1:DCS-CALIB_STRAIN_CLEAN_C01/H1-DCS_CALIB_STRAIN_CLEAN_C01_OMICRON-1263588630-60.xml
MakeTriggers::Write: writing /home/hongyin.chen/Full_Dev/CCSNet/H1/triggers/H1:DCS-CALIB_STRAIN_CLEAN_C01/H1-DCS_CALIB_STRAIN_CLEAN_C01_OMICRON-1263588630-60.h5
MakeTriggers::Write: writing /home/hongyin.chen/Full_Dev/CCSNet/H1/triggers/H1:DCS-CALIB_STRAIN_CLEAN_C01/H1-DCS_CALIB_STRAIN_CLEAN_C01_OMICRON-1263588630-60.root
MakeTriggers::Reset: reset all
Omicron::NewChannel: load a new channel...
Omicron::NewChunk: call a new chunk...
Omicron::NewChannel: load a new channel...
Omicron::LoadData: load data vector...
Omicron::Condition: condition data vector...
Sample::Transform: remove DC...
Sample::Transform: resample input data...
Sample::Resample: apply anti-aliasing filters
Sample::Resample: decimate time-series
Spectrum::LoadData: compute PSD
Spectrum::LoadData: compute PSD
Omicron::Project: project data onto the tiles...
Omicron::WriteOutput: write chunk output...
Otile::SaveTriggers: Saving triggers for H1:DCS-CALIB_STRAIN_CLEAN_C01 chunk centered on 1263588720...
Triggers::SortTriggers: sorting triggers
Triggers::Clusterize: cluster 0 triggers...
MakeTriggers::Write: writing /home/hongyin.chen/Full_Dev/CCSNet/H1/triggers/H1:DCS-CALIB_STRAIN_CLEAN_C01/H1-DCS_CALIB_STRAIN_CLEAN_C01_OMICRON-1263588690-60.xml
MakeTriggers::Write: writing /home/hongyin.chen/Full_Dev/CCSNet/H1/triggers/H1:DCS-CALIB_STRAIN_CLEAN_C01/H1-DCS_CALIB_STRAIN_CLEAN_C01_OMICRON-1263588690-60.h5
MakeTriggers::Write: writing /home/hongyin.chen/Full_Dev/CCSNet/H1/triggers/H1:DCS-CALIB_STRAIN_CLEAN_C01/H1-DCS_CALIB_STRAIN_CLEAN_C01_OMICRON-1263588690-60.root
MakeTriggers::Reset: reset all
Omicron::NewChannel: load a new channel...
Omicron::NewChunk: call a new chunk...
Omicron::NewChannel: load a new channel...
Omicron::LoadData: load data vector...
Omicron::Condition: condition data vector...
Sample::Transform: remove DC...
Sample::Transform: resample input data...
Sample::Resample: apply anti-aliasing filters
Sample::Resample: decimate time-series
Spectrum::LoadData: compute PSD
Spectrum::LoadData: compute PSD
Omicron::Project: project data onto the tiles...
Omicron::WriteOutput: write chunk output...
Otile::SaveTriggers: Saving triggers for H1:DCS-CALIB_STRAIN_CLEAN_C01 chunk centered on 1263588780...
Triggers::SortTriggers: sorting triggers
Triggers::Clusterize: cluster 0 triggers...
MakeTriggers::Write: writing /home/hongyin.chen/Full_Dev/CCSNet/H1/triggers/H1:DCS-CALIB_STRAIN_CLEAN_C01/H1-DCS_CALIB_STRAIN_CLEAN_C01_OMICRON-1263588750-60.xml
MakeTriggers::Write: writing /home/hongyin.chen/Full_Dev/CCSNet/H1/triggers/H1:DCS-CALIB_STRAIN_CLEAN_C01/H1-DCS_CALIB_STRAIN_CLEAN_C01_OMICRON-1263588750-60.h5
MakeTriggers::Write: writing /home/hongyin.chen/Full_Dev/CCSNet/H1/triggers/H1:DCS-CALIB_STRAIN_CLEAN_C01/H1-DCS_CALIB_STRAIN_CLEAN_C01_OMICRON-1263588750-60.root
MakeTriggers::Reset: reset all
Omicron::NewChannel: load a new channel...
Omicron::NewChunk: call a new chunk...
Omicron::NewChannel: load a new channel...
Omicron::LoadData: load data vector...
Omicron::Condition: condition data vector...
Sample::Transform: remove DC...
Sample::Transform: resample input data...
Sample::Resample: apply anti-aliasing filters
Sample::Resample: decimate time-series
Spectrum::LoadData: compute PSD
Spectrum::LoadData: compute PSD
Omicron::Project: project data onto the tiles...
Omicron::WriteOutput: write chunk output...
Otile::SaveTriggers: Saving triggers for H1:DCS-CALIB_STRAIN_CLEAN_C01 chunk centered on 1263588840...
Triggers::SortTriggers: sorting triggers
Triggers::Clusterize: cluster 0 triggers...
MakeTriggers::Write: writing /home/hongyin.chen/Full_Dev/CCSNet/H1/triggers/H1:DCS-CALIB_STRAIN_CLEAN_C01/H1-DCS_CALIB_STRAIN_CLEAN_C01_OMICRON-1263588810-60.xml
MakeTriggers::Write: writing /home/hongyin.chen/Full_Dev/CCSNet/H1/triggers/H1:DCS-CALIB_STRAIN_CLEAN_C01/H1-DCS_CALIB_STRAIN_CLEAN_C01_OMICRON-1263588810-60.h5
MakeTriggers::Write: writing /home/hongyin.chen/Full_Dev/CCSNet/H1/triggers/H1:DCS-CALIB_STRAIN_CLEAN_C01/H1-DCS_CALIB_STRAIN_CLEAN_C01_OMICRON-1263588810-60.root
MakeTriggers::Reset: reset all
Omicron::NewChannel: load a new channel...
Omicron::NewChunk: call a new chunk...
Omicron::NewChannel: load a new channel...
Omicron::LoadData: load data vector...
Omicron::Condition: condition data vector...
Sample::Transform: remove DC...
Sample::Transform: resample input data...
Sample::Resample: apply anti-aliasing filters
Sample::Resample: decimate time-series
Spectrum::LoadData: compute PSD
Spectrum::LoadData: compute PSD
Omicron::Project: project data onto the tiles...
Omicron::WriteOutput: write chunk output...
Otile::SaveTriggers: Saving triggers for H1:DCS-CALIB_STRAIN_CLEAN_C01 chunk centered on 1263588900...
Triggers::SortTriggers: sorting triggers
Triggers::Clusterize: cluster 0 triggers...
MakeTriggers::Write: writing /home/hongyin.chen/Full_Dev/CCSNet/H1/triggers/H1:DCS-CALIB_STRAIN_CLEAN_C01/H1-DCS_CALIB_STRAIN_CLEAN_C01_OMICRON-1263588870-60.xml
MakeTriggers::Write: writing /home/hongyin.chen/Full_Dev/CCSNet/H1/triggers/H1:DCS-CALIB_STRAIN_CLEAN_C01/H1-DCS_CALIB_STRAIN_CLEAN_C01_OMICRON-1263588870-60.h5
MakeTriggers::Write: writing /home/hongyin.chen/Full_Dev/CCSNet/H1/triggers/H1:DCS-CALIB_STRAIN_CLEAN_C01/H1-DCS_CALIB_STRAIN_CLEAN_C01_OMICRON-1263588870-60.root
MakeTriggers::Reset: reset all
Omicron::NewChannel: load a new channel...
Omicron::NewChunk: call a new chunk...
Omicron::NewChannel: load a new channel...
Omicron::LoadData: load data vector...
Omicron::Condition: condition data vector...
Sample::Transform: remove DC...
Sample::Transform: resample input data...
Sample::Resample: apply anti-aliasing filters
Sample::Resample: decimate time-series
Spectrum::LoadData: compute PSD
Spectrum::LoadData: compute PSD
Omicron::Project: project data onto the tiles...
Omicron::WriteOutput: write chunk output...
Otile::SaveTriggers: Saving triggers for H1:DCS-CALIB_STRAIN_CLEAN_C01 chunk centered on 1263588960...
Triggers::SortTriggers: sorting triggers
Triggers::Clusterize: cluster 0 triggers...
MakeTriggers::Write: writing /home/hongyin.chen/Full_Dev/CCSNet/H1/triggers/H1:DCS-CALIB_STRAIN_CLEAN_C01/H1-DCS_CALIB_STRAIN_CLEAN_C01_OMICRON-1263588930-60.xml
MakeTriggers::Write: writing /home/hongyin.chen/Full_Dev/CCSNet/H1/triggers/H1:DCS-CALIB_STRAIN_CLEAN_C01/H1-DCS_CALIB_STRAIN_CLEAN_C01_OMICRON-1263588930-60.h5
MakeTriggers::Write: writing /home/hongyin.chen/Full_Dev/CCSNet/H1/triggers/H1:DCS-CALIB_STRAIN_CLEAN_C01/H1-DCS_CALIB_STRAIN_CLEAN_C01_OMICRON-1263588930-60.root
MakeTriggers::Reset: reset all
Omicron::NewChannel: load a new channel...
Omicron::NewChunk: call a new chunk...
>>>>>>>>>> (18:59:25 (UTC) [+27s]: Omicron processing is over <<<<<<<<<<

************* Omicron status info *************
requested start         = 1263588388
requested end           = 1263588992
requested livetime      = 604s
number of loaded chunks = 10

*** H1:DCS-CALIB_STRAIN_CLEAN_C01
number of calls                = 10
number of data calls           = 10
number of conditioning calls   = 10
number of projection calls     = 10
number of write calls          = 10
start_out           = 1263588390
end_out             = 1263588990
trigger livetime    = 600s (99.33775%)
***********************************************

ffl::Reset: reset ffl
