

############################################################################
############################################################################

          ██████╗ ███╗   ███╗██╗ ██████╗██████╗  ██████╗ ███╗   ██╗
         ██╔═══██╗████╗ ████║██║██╔════╝██╔══██╗██╔═══██╗████╗  ██║
         ██║   ██║██╔████╔██║██║██║     ██████╔╝██║   ██║██╔██╗ ██║
         ██║   ██║██║╚██╔╝██║██║██║     ██╔══██╗██║   ██║██║╚██╗██║
         ╚██████╔╝██║ ╚═╝ ██║██║╚██████╗██║  ██║╚██████╔╝██║ ╚████║
          ╚═════╝ ╚═╝     ╚═╝╚═╝ ╚═════╝╚═╝  ╚═╝ ╚═════╝ ╚═╝  ╚═══╝
                                                            2.4.2
############################################################################
############################################################################


file : /home/hongyin.chen/Full_Dev/CCSNet/H1/parameters/parameters-0.txt		ok
ffl::ffl: detect file format
ffl::Convert2Ffl: FFL conversion
ffl::Reset: reset ffl
ffl::LoadFrameFile: load FFL file
ffl::LoadFrameFile: extract frame information
ffl::LoadFrameFile: check frame information
Streams::MakeLVDetector: this stream is now a LV detector: H1 detindex=1
Sample::SetFrequencies: new native sampling frequency (1024Hz)
Sample::SetFrequencies: new working sampling frequency (1024Hz)
Otile::Otile: creating 5 Q-planes
MakeTriggers::InitUserMetaData: init user-defined metadata fields
>>>>>>>>>> (18:58:43 (UTC) [+9s]: Omicron has been successfully initiated <<<<<<<<<<
Omicron::InitSegments: initiate data segments...
Omicron::MakeDirectories: make directory structure...
>>>>>>>>>> (18:58:43 (UTC) [+9s]: Start looping over chunks and channels <<<<<<<<<<
Omicron::NewChunk: call a new chunk...
Omicron::NewChannel: load a new channel...
Omicron::LoadData: load data vector...
Sample::SetFrequencies: new native sampling frequency (16384Hz)
Omicron::Condition: condition data vector...
Sample::Transform: remove DC...
Sample::Transform: resample input data...
Sample::Resample: apply anti-aliasing filters
Sample::Resample: decimate time-series
Spectrum::LoadData: compute PSD
Spectrum::LoadData: compute PSD
Omicron::Project: project data onto the tiles...
Omicron::WriteOutput: write chunk output...
Otile::SaveTriggers: Saving triggers for H1:DCS-CALIB_STRAIN_CLEAN_C01 chunk centered on 1263590220...
Triggers::SortTriggers: sorting triggers
Triggers::Clusterize: cluster 0 triggers...
MakeTriggers::Write: writing /home/hongyin.chen/Full_Dev/CCSNet/H1/triggers/H1:DCS-CALIB_STRAIN_CLEAN_C01/H1-DCS_CALIB_STRAIN_CLEAN_C01_OMICRON-1263590190-60.xml
MakeTriggers::Write: writing /home/hongyin.chen/Full_Dev/CCSNet/H1/triggers/H1:DCS-CALIB_STRAIN_CLEAN_C01/H1-DCS_CALIB_STRAIN_CLEAN_C01_OMICRON-1263590190-60.h5
MakeTriggers::Write: writing /home/hongyin.chen/Full_Dev/CCSNet/H1/triggers/H1:DCS-CALIB_STRAIN_CLEAN_C01/H1-DCS_CALIB_STRAIN_CLEAN_C01_OMICRON-1263590190-60.root
MakeTriggers::Reset: reset all
Omicron::NewChannel: load a new channel...
Omicron::NewChunk: call a new chunk...
Omicron::NewChannel: load a new channel...
Omicron::LoadData: load data vector...
Omicron::Condition: condition data vector...
Sample::Transform: remove DC...
Sample::Transform: resample input data...
Sample::Resample: apply anti-aliasing filters
Sample::Resample: decimate time-series
Spectrum::LoadData: compute PSD
Spectrum::LoadData: compute PSD
Omicron::Project: project data onto the tiles...
Omicron::WriteOutput: write chunk output...
Otile::SaveTriggers: Saving triggers for H1:DCS-CALIB_STRAIN_CLEAN_C01 chunk centered on 1263590280...
Triggers::SortTriggers: sorting triggers
Triggers::Clusterize: cluster 53 triggers...
MakeTriggers::Write: writing /home/hongyin.chen/Full_Dev/CCSNet/H1/triggers/H1:DCS-CALIB_STRAIN_CLEAN_C01/H1-DCS_CALIB_STRAIN_CLEAN_C01_OMICRON-1263590250-60.xml
MakeTriggers::Write: writing /home/hongyin.chen/Full_Dev/CCSNet/H1/triggers/H1:DCS-CALIB_STRAIN_CLEAN_C01/H1-DCS_CALIB_STRAIN_CLEAN_C01_OMICRON-1263590250-60.h5
MakeTriggers::Write: writing /home/hongyin.chen/Full_Dev/CCSNet/H1/triggers/H1:DCS-CALIB_STRAIN_CLEAN_C01/H1-DCS_CALIB_STRAIN_CLEAN_C01_OMICRON-1263590250-60.root
MakeTriggers::Reset: reset all
Omicron::NewChannel: load a new channel...
Omicron::NewChunk: call a new chunk...
Omicron::NewChannel: load a new channel...
Omicron::LoadData: load data vector...
Omicron::Condition: condition data vector...
Sample::Transform: remove DC...
Sample::Transform: resample input data...
Sample::Resample: apply anti-aliasing filters
Sample::Resample: decimate time-series
Spectrum::LoadData: compute PSD
Spectrum::LoadData: compute PSD
Omicron::Project: project data onto the tiles...
Omicron::WriteOutput: write chunk output...
Otile::SaveTriggers: Saving triggers for H1:DCS-CALIB_STRAIN_CLEAN_C01 chunk centered on 1263590340...
Triggers::SortTriggers: sorting triggers
Triggers::Clusterize: cluster 0 triggers...
MakeTriggers::Write: writing /home/hongyin.chen/Full_Dev/CCSNet/H1/triggers/H1:DCS-CALIB_STRAIN_CLEAN_C01/H1-DCS_CALIB_STRAIN_CLEAN_C01_OMICRON-1263590310-60.xml
MakeTriggers::Write: writing /home/hongyin.chen/Full_Dev/CCSNet/H1/triggers/H1:DCS-CALIB_STRAIN_CLEAN_C01/H1-DCS_CALIB_STRAIN_CLEAN_C01_OMICRON-1263590310-60.h5
MakeTriggers::Write: writing /home/hongyin.chen/Full_Dev/CCSNet/H1/triggers/H1:DCS-CALIB_STRAIN_CLEAN_C01/H1-DCS_CALIB_STRAIN_CLEAN_C01_OMICRON-1263590310-60.root
MakeTriggers::Reset: reset all
Omicron::NewChannel: load a new channel...
Omicron::NewChunk: call a new chunk...
Omicron::NewChannel: load a new channel...
Omicron::LoadData: load data vector...
Omicron::Condition: condition data vector...
Sample::Transform: remove DC...
Sample::Transform: resample input data...
Sample::Resample: apply anti-aliasing filters
Sample::Resample: decimate time-series
Spectrum::LoadData: compute PSD
Spectrum::LoadData: compute PSD
Omicron::Project: project data onto the tiles...
Omicron::WriteOutput: write chunk output...
Otile::SaveTriggers: Saving triggers for H1:DCS-CALIB_STRAIN_CLEAN_C01 chunk centered on 1263590400...
Triggers::SortTriggers: sorting triggers
Triggers::Clusterize: cluster 0 triggers...
MakeTriggers::Write: writing /home/hongyin.chen/Full_Dev/CCSNet/H1/triggers/H1:DCS-CALIB_STRAIN_CLEAN_C01/H1-DCS_CALIB_STRAIN_CLEAN_C01_OMICRON-1263590370-60.xml
MakeTriggers::Write: writing /home/hongyin.chen/Full_Dev/CCSNet/H1/triggers/H1:DCS-CALIB_STRAIN_CLEAN_C01/H1-DCS_CALIB_STRAIN_CLEAN_C01_OMICRON-1263590370-60.h5
MakeTriggers::Write: writing /home/hongyin.chen/Full_Dev/CCSNet/H1/triggers/H1:DCS-CALIB_STRAIN_CLEAN_C01/H1-DCS_CALIB_STRAIN_CLEAN_C01_OMICRON-1263590370-60.root
MakeTriggers::Reset: reset all
Omicron::NewChannel: load a new channel...
Omicron::NewChunk: call a new chunk...
Omicron::NewChannel: load a new channel...
Omicron::LoadData: load data vector...
Omicron::Condition: condition data vector...
Sample::Transform: remove DC...
Sample::Transform: resample input data...
Sample::Resample: apply anti-aliasing filters
Sample::Resample: decimate time-series
Spectrum::LoadData: compute PSD
Spectrum::LoadData: compute PSD
Omicron::Project: project data onto the tiles...
Omicron::WriteOutput: write chunk output...
Otile::SaveTriggers: Saving triggers for H1:DCS-CALIB_STRAIN_CLEAN_C01 chunk centered on 1263590460...
Triggers::SortTriggers: sorting triggers
Triggers::Clusterize: cluster 0 triggers...
MakeTriggers::Write: writing /home/hongyin.chen/Full_Dev/CCSNet/H1/triggers/H1:DCS-CALIB_STRAIN_CLEAN_C01/H1-DCS_CALIB_STRAIN_CLEAN_C01_OMICRON-1263590430-60.xml
MakeTriggers::Write: writing /home/hongyin.chen/Full_Dev/CCSNet/H1/triggers/H1:DCS-CALIB_STRAIN_CLEAN_C01/H1-DCS_CALIB_STRAIN_CLEAN_C01_OMICRON-1263590430-60.h5
MakeTriggers::Write: writing /home/hongyin.chen/Full_Dev/CCSNet/H1/triggers/H1:DCS-CALIB_STRAIN_CLEAN_C01/H1-DCS_CALIB_STRAIN_CLEAN_C01_OMICRON-1263590430-60.root
MakeTriggers::Reset: reset all
Omicron::NewChannel: load a new channel...
Omicron::NewChunk: call a new chunk...
Omicron::NewChannel: load a new channel...
Omicron::LoadData: load data vector...
Omicron::Condition: condition data vector...
Sample::Transform: remove DC...
Sample::Transform: resample input data...
Sample::Resample: apply anti-aliasing filters
Sample::Resample: decimate time-series
Spectrum::LoadData: compute PSD
Spectrum::LoadData: compute PSD
Omicron::Project: project data onto the tiles...
Omicron::WriteOutput: write chunk output...
Otile::SaveTriggers: Saving triggers for H1:DCS-CALIB_STRAIN_CLEAN_C01 chunk centered on 1263590520...
Triggers::SortTriggers: sorting triggers
Triggers::Clusterize: cluster 0 triggers...
MakeTriggers::Write: writing /home/hongyin.chen/Full_Dev/CCSNet/H1/triggers/H1:DCS-CALIB_STRAIN_CLEAN_C01/H1-DCS_CALIB_STRAIN_CLEAN_C01_OMICRON-1263590490-60.xml
MakeTriggers::Write: writing /home/hongyin.chen/Full_Dev/CCSNet/H1/triggers/H1:DCS-CALIB_STRAIN_CLEAN_C01/H1-DCS_CALIB_STRAIN_CLEAN_C01_OMICRON-1263590490-60.h5
MakeTriggers::Write: writing /home/hongyin.chen/Full_Dev/CCSNet/H1/triggers/H1:DCS-CALIB_STRAIN_CLEAN_C01/H1-DCS_CALIB_STRAIN_CLEAN_C01_OMICRON-1263590490-60.root
MakeTriggers::Reset: reset all
Omicron::NewChannel: load a new channel...
Omicron::NewChunk: call a new chunk...
Omicron::NewChannel: load a new channel...
Omicron::LoadData: load data vector...
Omicron::Condition: condition data vector...
Sample::Transform: remove DC...
Sample::Transform: resample input data...
Sample::Resample: apply anti-aliasing filters
Sample::Resample: decimate time-series
Spectrum::LoadData: compute PSD
Spectrum::LoadData: compute PSD
Omicron::Project: project data onto the tiles...
Omicron::WriteOutput: write chunk output...
Otile::SaveTriggers: Saving triggers for H1:DCS-CALIB_STRAIN_CLEAN_C01 chunk centered on 1263590580...
Triggers::SortTriggers: sorting triggers
Triggers::Clusterize: cluster 0 triggers...
MakeTriggers::Write: writing /home/hongyin.chen/Full_Dev/CCSNet/H1/triggers/H1:DCS-CALIB_STRAIN_CLEAN_C01/H1-DCS_CALIB_STRAIN_CLEAN_C01_OMICRON-1263590550-60.xml
MakeTriggers::Write: writing /home/hongyin.chen/Full_Dev/CCSNet/H1/triggers/H1:DCS-CALIB_STRAIN_CLEAN_C01/H1-DCS_CALIB_STRAIN_CLEAN_C01_OMICRON-1263590550-60.h5
MakeTriggers::Write: writing /home/hongyin.chen/Full_Dev/CCSNet/H1/triggers/H1:DCS-CALIB_STRAIN_CLEAN_C01/H1-DCS_CALIB_STRAIN_CLEAN_C01_OMICRON-1263590550-60.root
MakeTriggers::Reset: reset all
Omicron::NewChannel: load a new channel...
Omicron::NewChunk: call a new chunk...
Omicron::NewChannel: load a new channel...
Omicron::LoadData: load data vector...
Omicron::Condition: condition data vector...
Sample::Transform: remove DC...
Sample::Transform: resample input data...
Sample::Resample: apply anti-aliasing filters
Sample::Resample: decimate time-series
Spectrum::LoadData: compute PSD
Spectrum::LoadData: compute PSD
Omicron::Project: project data onto the tiles...
Omicron::WriteOutput: write chunk output...
Otile::SaveTriggers: Saving triggers for H1:DCS-CALIB_STRAIN_CLEAN_C01 chunk centered on 1263590640...
Triggers::SortTriggers: sorting triggers
Triggers::Clusterize: cluster 0 triggers...
MakeTriggers::Write: writing /home/hongyin.chen/Full_Dev/CCSNet/H1/triggers/H1:DCS-CALIB_STRAIN_CLEAN_C01/H1-DCS_CALIB_STRAIN_CLEAN_C01_OMICRON-1263590610-60.xml
MakeTriggers::Write: writing /home/hongyin.chen/Full_Dev/CCSNet/H1/triggers/H1:DCS-CALIB_STRAIN_CLEAN_C01/H1-DCS_CALIB_STRAIN_CLEAN_C01_OMICRON-1263590610-60.h5
MakeTriggers::Write: writing /home/hongyin.chen/Full_Dev/CCSNet/H1/triggers/H1:DCS-CALIB_STRAIN_CLEAN_C01/H1-DCS_CALIB_STRAIN_CLEAN_C01_OMICRON-1263590610-60.root
MakeTriggers::Reset: reset all
Omicron::NewChannel: load a new channel...
Omicron::NewChunk: call a new chunk...
Omicron::NewChannel: load a new channel...
Omicron::LoadData: load data vector...
Omicron::Condition: condition data vector...
Sample::Transform: remove DC...
Sample::Transform: resample input data...
Sample::Resample: apply anti-aliasing filters
Sample::Resample: decimate time-series
Spectrum::LoadData: compute PSD
Spectrum::LoadData: compute PSD
Omicron::Project: project data onto the tiles...
Omicron::WriteOutput: write chunk output...
Otile::SaveTriggers: Saving triggers for H1:DCS-CALIB_STRAIN_CLEAN_C01 chunk centered on 1263590700...
Triggers::SortTriggers: sorting triggers
Triggers::Clusterize: cluster 0 triggers...
MakeTriggers::Write: writing /home/hongyin.chen/Full_Dev/CCSNet/H1/triggers/H1:DCS-CALIB_STRAIN_CLEAN_C01/H1-DCS_CALIB_STRAIN_CLEAN_C01_OMICRON-1263590670-60.xml
MakeTriggers::Write: writing /home/hongyin.chen/Full_Dev/CCSNet/H1/triggers/H1:DCS-CALIB_STRAIN_CLEAN_C01/H1-DCS_CALIB_STRAIN_CLEAN_C01_OMICRON-1263590670-60.h5
MakeTriggers::Write: writing /home/hongyin.chen/Full_Dev/CCSNet/H1/triggers/H1:DCS-CALIB_STRAIN_CLEAN_C01/H1-DCS_CALIB_STRAIN_CLEAN_C01_OMICRON-1263590670-60.root
MakeTriggers::Reset: reset all
Omicron::NewChannel: load a new channel...
Omicron::NewChunk: call a new chunk...
Omicron::NewChannel: load a new channel...
Omicron::LoadData: load data vector...
Omicron::Condition: condition data vector...
Sample::Transform: remove DC...
Sample::Transform: resample input data...
Sample::Resample: apply anti-aliasing filters
Sample::Resample: decimate time-series
Spectrum::LoadData: compute PSD
Spectrum::LoadData: compute PSD
Omicron::Project: project data onto the tiles...
Omicron::WriteOutput: write chunk output...
Otile::SaveTriggers: Saving triggers for H1:DCS-CALIB_STRAIN_CLEAN_C01 chunk centered on 1263590760...
Triggers::SortTriggers: sorting triggers
Triggers::Clusterize: cluster 0 triggers...
MakeTriggers::Write: writing /home/hongyin.chen/Full_Dev/CCSNet/H1/triggers/H1:DCS-CALIB_STRAIN_CLEAN_C01/H1-DCS_CALIB_STRAIN_CLEAN_C01_OMICRON-1263590730-60.xml
MakeTriggers::Write: writing /home/hongyin.chen/Full_Dev/CCSNet/H1/triggers/H1:DCS-CALIB_STRAIN_CLEAN_C01/H1-DCS_CALIB_STRAIN_CLEAN_C01_OMICRON-1263590730-60.h5
MakeTriggers::Write: writing /home/hongyin.chen/Full_Dev/CCSNet/H1/triggers/H1:DCS-CALIB_STRAIN_CLEAN_C01/H1-DCS_CALIB_STRAIN_CLEAN_C01_OMICRON-1263590730-60.root
MakeTriggers::Reset: reset all
Omicron::NewChannel: load a new channel...
Omicron::NewChunk: call a new chunk...
>>>>>>>>>> (18:58:53 (UTC) [+19s]: Omicron processing is over <<<<<<<<<<

************* Omicron status info *************
requested start         = 1263590188
requested end           = 1263590792
requested livetime      = 604s
number of loaded chunks = 10

*** H1:DCS-CALIB_STRAIN_CLEAN_C01
number of calls                = 10
number of data calls           = 10
number of conditioning calls   = 10
number of projection calls     = 10
number of write calls          = 10
start_out           = 1263590190
end_out             = 1263590790
trigger livetime    = 600s (99.33775%)
***********************************************

ffl::Reset: reset ffl
