

############################################################################
############################################################################

          ██████╗ ███╗   ███╗██╗ ██████╗██████╗  ██████╗ ███╗   ██╗
         ██╔═══██╗████╗ ████║██║██╔════╝██╔══██╗██╔═══██╗████╗  ██║
         ██║   ██║██╔████╔██║██║██║     ██████╔╝██║   ██║██╔██╗ ██║
         ██║   ██║██║╚██╔╝██║██║██║     ██╔══██╗██║   ██║██║╚██╗██║
         ╚██████╔╝██║ ╚═╝ ██║██║╚██████╗██║  ██║╚██████╔╝██║ ╚████║
          ╚═════╝ ╚═╝     ╚═╝╚═╝ ╚═════╝╚═╝  ╚═╝ ╚═════╝ ╚═╝  ╚═══╝
                                                            2.4.2
############################################################################
############################################################################


file : /home/hongyin.chen/Full_Dev/CCSNet/H1/parameters/parameters-0.txt		ok
ffl::ffl: detect file format
ffl::Convert2Ffl: FFL conversion
ffl::Reset: reset ffl
ffl::LoadFrameFile: load FFL file
ffl::LoadFrameFile: extract frame information
ffl::LoadFrameFile: check frame information
Streams::MakeLVDetector: this stream is now a LV detector: H1 detindex=1
Sample::SetFrequencies: new native sampling frequency (1024Hz)
Sample::SetFrequencies: new working sampling frequency (1024Hz)
Otile::Otile: creating 5 Q-planes
MakeTriggers::InitUserMetaData: init user-defined metadata fields
>>>>>>>>>> (18:58:46 (UTC) [+10s]: Omicron has been successfully initiated <<<<<<<<<<
Omicron::InitSegments: initiate data segments...
Omicron::MakeDirectories: make directory structure...
>>>>>>>>>> (18:58:46 (UTC) [+10s]: Start looping over chunks and channels <<<<<<<<<<
Omicron::NewChunk: call a new chunk...
Omicron::NewChannel: load a new channel...
Omicron::LoadData: load data vector...
Sample::SetFrequencies: new native sampling frequency (16384Hz)
Omicron::Condition: condition data vector...
Sample::Transform: remove DC...
Sample::Transform: resample input data...
Sample::Resample: apply anti-aliasing filters
Sample::Resample: decimate time-series
Spectrum::LoadData: compute PSD
Spectrum::LoadData: compute PSD
Omicron::Project: project data onto the tiles...
Omicron::WriteOutput: write chunk output...
Otile::SaveTriggers: Saving triggers for H1:DCS-CALIB_STRAIN_CLEAN_C01 chunk centered on 1263590820...
Triggers::SortTriggers: sorting triggers
Triggers::Clusterize: cluster 0 triggers...
MakeTriggers::Write: writing /home/hongyin.chen/Full_Dev/CCSNet/H1/triggers/H1:DCS-CALIB_STRAIN_CLEAN_C01/H1-DCS_CALIB_STRAIN_CLEAN_C01_OMICRON-1263590790-60.xml
MakeTriggers::Write: writing /home/hongyin.chen/Full_Dev/CCSNet/H1/triggers/H1:DCS-CALIB_STRAIN_CLEAN_C01/H1-DCS_CALIB_STRAIN_CLEAN_C01_OMICRON-1263590790-60.h5
MakeTriggers::Write: writing /home/hongyin.chen/Full_Dev/CCSNet/H1/triggers/H1:DCS-CALIB_STRAIN_CLEAN_C01/H1-DCS_CALIB_STRAIN_CLEAN_C01_OMICRON-1263590790-60.root
MakeTriggers::Reset: reset all
Omicron::NewChannel: load a new channel...
Omicron::NewChunk: call a new chunk...
Omicron::NewChannel: load a new channel...
Omicron::LoadData: load data vector...
Omicron::Condition: condition data vector...
Sample::Transform: remove DC...
Sample::Transform: resample input data...
Sample::Resample: apply anti-aliasing filters
Sample::Resample: decimate time-series
Spectrum::LoadData: compute PSD
Spectrum::LoadData: compute PSD
Omicron::Project: project data onto the tiles...
Omicron::WriteOutput: write chunk output...
Otile::SaveTriggers: Saving triggers for H1:DCS-CALIB_STRAIN_CLEAN_C01 chunk centered on 1263590880...
Triggers::SortTriggers: sorting triggers
Triggers::Clusterize: cluster 0 triggers...
MakeTriggers::Write: writing /home/hongyin.chen/Full_Dev/CCSNet/H1/triggers/H1:DCS-CALIB_STRAIN_CLEAN_C01/H1-DCS_CALIB_STRAIN_CLEAN_C01_OMICRON-1263590850-60.xml
MakeTriggers::Write: writing /home/hongyin.chen/Full_Dev/CCSNet/H1/triggers/H1:DCS-CALIB_STRAIN_CLEAN_C01/H1-DCS_CALIB_STRAIN_CLEAN_C01_OMICRON-1263590850-60.h5
MakeTriggers::Write: writing /home/hongyin.chen/Full_Dev/CCSNet/H1/triggers/H1:DCS-CALIB_STRAIN_CLEAN_C01/H1-DCS_CALIB_STRAIN_CLEAN_C01_OMICRON-1263590850-60.root
MakeTriggers::Reset: reset all
Omicron::NewChannel: load a new channel...
Omicron::NewChunk: call a new chunk...
Omicron::NewChannel: load a new channel...
Omicron::LoadData: load data vector...
Omicron::Condition: condition data vector...
Sample::Transform: remove DC...
Sample::Transform: resample input data...
Sample::Resample: apply anti-aliasing filters
Sample::Resample: decimate time-series
Spectrum::LoadData: compute PSD
Spectrum::LoadData: compute PSD
Omicron::Project: project data onto the tiles...
Omicron::WriteOutput: write chunk output...
Otile::SaveTriggers: Saving triggers for H1:DCS-CALIB_STRAIN_CLEAN_C01 chunk centered on 1263590940...
Triggers::SortTriggers: sorting triggers
Triggers::Clusterize: cluster 0 triggers...
MakeTriggers::Write: writing /home/hongyin.chen/Full_Dev/CCSNet/H1/triggers/H1:DCS-CALIB_STRAIN_CLEAN_C01/H1-DCS_CALIB_STRAIN_CLEAN_C01_OMICRON-1263590910-60.xml
MakeTriggers::Write: writing /home/hongyin.chen/Full_Dev/CCSNet/H1/triggers/H1:DCS-CALIB_STRAIN_CLEAN_C01/H1-DCS_CALIB_STRAIN_CLEAN_C01_OMICRON-1263590910-60.h5
MakeTriggers::Write: writing /home/hongyin.chen/Full_Dev/CCSNet/H1/triggers/H1:DCS-CALIB_STRAIN_CLEAN_C01/H1-DCS_CALIB_STRAIN_CLEAN_C01_OMICRON-1263590910-60.root
MakeTriggers::Reset: reset all
Omicron::NewChannel: load a new channel...
Omicron::NewChunk: call a new chunk...
Omicron::NewChannel: load a new channel...
Omicron::LoadData: load data vector...
Omicron::Condition: condition data vector...
Sample::Transform: remove DC...
Sample::Transform: resample input data...
Sample::Resample: apply anti-aliasing filters
Sample::Resample: decimate time-series
Spectrum::LoadData: compute PSD
Spectrum::LoadData: compute PSD
Omicron::Project: project data onto the tiles...
Omicron::WriteOutput: write chunk output...
Otile::SaveTriggers: Saving triggers for H1:DCS-CALIB_STRAIN_CLEAN_C01 chunk centered on 1263590982...
Triggers::SortTriggers: sorting triggers
Triggers::Clusterize: cluster 0 triggers...
MakeTriggers::Write: writing /home/hongyin.chen/Full_Dev/CCSNet/H1/triggers/H1:DCS-CALIB_STRAIN_CLEAN_C01/H1-DCS_CALIB_STRAIN_CLEAN_C01_OMICRON-1263590970-42.xml
MakeTriggers::Write: writing /home/hongyin.chen/Full_Dev/CCSNet/H1/triggers/H1:DCS-CALIB_STRAIN_CLEAN_C01/H1-DCS_CALIB_STRAIN_CLEAN_C01_OMICRON-1263590970-42.h5
MakeTriggers::Write: writing /home/hongyin.chen/Full_Dev/CCSNet/H1/triggers/H1:DCS-CALIB_STRAIN_CLEAN_C01/H1-DCS_CALIB_STRAIN_CLEAN_C01_OMICRON-1263590970-42.root
MakeTriggers::Reset: reset all
Omicron::NewChannel: load a new channel...
Omicron::NewChunk: call a new chunk...
>>>>>>>>>> (18:58:57 (UTC) [+21s]: Omicron processing is over <<<<<<<<<<

************* Omicron status info *************
requested start         = 1263590788
requested end           = 1263591014
requested livetime      = 226s
number of loaded chunks = 4

*** H1:DCS-CALIB_STRAIN_CLEAN_C01
number of calls                = 4
number of data calls           = 4
number of conditioning calls   = 4
number of projection calls     = 4
number of write calls          = 4
start_out           = 1263590790
end_out             = 1263591012
trigger livetime    = 222s (98.23009%)
***********************************************

ffl::Reset: reset ffl
