10/14/22 11:57:22 ******************************************************
10/14/22 11:57:22 ** condor_scheduniv_exec.16844076.0 (CONDOR_DAGMAN) STARTING UP
10/14/22 11:57:22 ** /usr/bin/condor_dagman
10/14/22 11:57:22 ** SubsystemInfo: name=DAGMAN type=DAGMAN(10) class=CLIENT(2)
10/14/22 11:57:22 ** Configuration: subsystem:DAGMAN local:<NONE> class:CLIENT
10/14/22 11:57:22 ** $CondorVersion: 9.0.17 Sep 29 2022 BuildID: 607845 PackageID: 9.0.17-1 $
10/14/22 11:57:22 ** $CondorPlatform: x86_64_CentOS7 $
10/14/22 11:57:22 ** PID = 3944899
10/14/22 11:57:22 ** Log last touched time unavailable (No such file or directory)
10/14/22 11:57:22 ******************************************************
10/14/22 11:57:22 Using config source: /etc/condor/condor_config
10/14/22 11:57:22 Using local config sources: 
10/14/22 11:57:22    /etc/condor/config.d/00-htcondor-9.0.config
10/14/22 11:57:22    /etc/condor/config.d/00-ldas
10/14/22 11:57:22    /etc/condor/config.d/02-scheduler
10/14/22 11:57:22    /etc/condor/config.d/10-cgroup
10/14/22 11:57:22    /etc/condor/config.d/10-security
10/14/22 11:57:22    /etc/condor/config.d/30-scratch-mount
10/14/22 11:57:22    /etc/condor/config.d/40-vault-credmon.conf
10/14/22 11:57:22    /etc/condor/config.d/50-transfer-limits
10/14/22 11:57:22    /etc/condor/config.d/90-singularity-osg
10/14/22 11:57:22    /etc/condor/config.d/90-singularity-shm
10/14/22 11:57:22    /etc/condor/config.d/99-memory
10/14/22 11:57:22    /etc/condor/config.d/99-request-disk
10/14/22 11:57:22    /etc/condor/config.d/99-transform
10/14/22 11:57:22    /etc/condor/config.d/99-transform-matchos
10/14/22 11:57:22    /etc/condor/condor_config.local
10/14/22 11:57:22 config Macros = 168, Sorted = 168, StringBytes = 8082, TablesBytes = 6200
10/14/22 11:57:22 CLASSAD_CACHING is ENABLED
10/14/22 11:57:22 Daemon Log is logging: D_ALWAYS D_ERROR
10/14/22 11:57:22 DaemonCore: No command port requested.
10/14/22 11:57:22 DAGMAN_USE_STRICT setting: 1
10/14/22 11:57:22 DAGMAN_VERBOSITY setting: 3
10/14/22 11:57:22 DAGMAN_DEBUG_CACHE_SIZE setting: 5242880
10/14/22 11:57:22 DAGMAN_DEBUG_CACHE_ENABLE setting: True
10/14/22 11:57:22 DAGMAN_SUBMIT_DELAY setting: 0
10/14/22 11:57:22 DAGMAN_MAX_SUBMIT_ATTEMPTS setting: 6
10/14/22 11:57:22 DAGMAN_STARTUP_CYCLE_DETECT setting: False
10/14/22 11:57:22 DAGMAN_MAX_SUBMITS_PER_INTERVAL setting: 100
10/14/22 11:57:22 DAGMAN_AGGRESSIVE_SUBMIT setting: False
10/14/22 11:57:22 DAGMAN_USER_LOG_SCAN_INTERVAL setting: 5
10/14/22 11:57:22 DAGMAN_QUEUE_UPDATE_INTERVAL setting: 300
10/14/22 11:57:22 DAGMAN_DEFAULT_PRIORITY setting: 0
10/14/22 11:57:22 DAGMAN_SUPPRESS_NOTIFICATION setting: True
10/14/22 11:57:22 allow_events (DAGMAN_ALLOW_EVENTS) setting: 114
10/14/22 11:57:22 DAGMAN_RETRY_SUBMIT_FIRST setting: True
10/14/22 11:57:22 DAGMAN_RETRY_NODE_FIRST setting: False
10/14/22 11:57:22 DAGMAN_MAX_JOBS_IDLE setting: 1000
10/14/22 11:57:22 DAGMAN_MAX_JOBS_SUBMITTED setting: 12000
10/14/22 11:57:22 DAGMAN_MAX_PRE_SCRIPTS setting: 20
10/14/22 11:57:22 DAGMAN_MAX_POST_SCRIPTS setting: 20
10/14/22 11:57:22 DAGMAN_MAX_HOLD_SCRIPTS setting: 20
10/14/22 11:57:22 DAGMAN_MUNGE_NODE_NAMES setting: True
10/14/22 11:57:22 DAGMAN_PROHIBIT_MULTI_JOBS setting: False
10/14/22 11:57:22 DAGMAN_SUBMIT_DEPTH_FIRST setting: True
10/14/22 11:57:22 DAGMAN_ALWAYS_RUN_POST setting: False
10/14/22 11:57:22 DAGMAN_CONDOR_SUBMIT_EXE setting: /usr/bin/condor_submit
10/14/22 11:57:22 DAGMAN_USE_CONDOR_SUBMIT setting: True
10/14/22 11:57:22 DAGMAN_ABORT_DUPLICATES setting: True
10/14/22 11:57:22 DAGMAN_ABORT_ON_SCARY_SUBMIT setting: True
10/14/22 11:57:22 DAGMAN_PENDING_REPORT_INTERVAL setting: 600
10/14/22 11:57:22 DAGMAN_AUTO_RESCUE setting: True
10/14/22 11:57:22 DAGMAN_MAX_RESCUE_NUM setting: 100
10/14/22 11:57:22 DAGMAN_WRITE_PARTIAL_RESCUE setting: True
10/14/22 11:57:22 DAGMAN_DEFAULT_NODE_LOG setting: @(DAG_DIR)/@(DAG_FILE).nodes.log
10/14/22 11:57:22 DAGMAN_GENERATE_SUBDAG_SUBMITS setting: True
10/14/22 11:57:22 DAGMAN_MAX_JOB_HOLDS setting: 100
10/14/22 11:57:22 DAGMAN_HOLD_CLAIM_TIME setting: 20
10/14/22 11:57:22 ALL_DEBUG setting: 
10/14/22 11:57:22 DAGMAN_DEBUG setting: 
10/14/22 11:57:22 DAGMAN_SUPPRESS_JOB_LOGS setting: False
10/14/22 11:57:22 DAGMAN_REMOVE_NODE_JOBS setting: True
10/14/22 11:57:22 DAGMAN will adjust edges after parsing
10/14/22 11:57:22 Enabling log line cache for increased NFS performance.
10/14/22 11:57:22 argv[0] == "condor_scheduniv_exec.16844076.0"
10/14/22 11:57:22 argv[1] == "-Lockfile"
10/14/22 11:57:22 argv[2] == "/home/hongyin.chen/Full_Dev/CCSNet/H1/condor/omicron.dag.lock"
10/14/22 11:57:22 argv[3] == "-AutoRescue"
10/14/22 11:57:22 argv[4] == "1"
10/14/22 11:57:22 argv[5] == "-DoRescueFrom"
10/14/22 11:57:22 argv[6] == "0"
10/14/22 11:57:22 argv[7] == "-Dag"
10/14/22 11:57:22 argv[8] == "/home/hongyin.chen/Full_Dev/CCSNet/H1/condor/omicron.dag"
10/14/22 11:57:22 argv[9] == "-Suppress_notification"
10/14/22 11:57:22 argv[10] == "-CsdVersion"
10/14/22 11:57:22 argv[11] == "$CondorVersion: 9.0.17 Sep 29 2022 BuildID: 607845 PackageID: 9.0.17-1 $"
10/14/22 11:57:22 argv[12] == "-Force"
10/14/22 11:57:22 argv[13] == "-Dagman"
10/14/22 11:57:22 argv[14] == "/usr/bin/condor_dagman"
10/14/22 11:57:22 Can't open directory "/etc/condor/passwords.d" as PRIV_ROOT, errno: 13 (Permission denied)
10/14/22 11:57:22 Can't open directory "/etc/condor/passwords.d" as PRIV_ROOT, errno: 13 (Permission denied)
10/14/22 11:57:22 Workflow batch-id: <16844076.0>
10/14/22 11:57:22 Workflow batch-name: <omicron.dag+16844076>
10/14/22 11:57:22 Workflow accounting_group: <>
10/14/22 11:57:22 Workflow accounting_group_user: <>
10/14/22 11:57:22 Warning: failed to get attribute DAGNodeName
10/14/22 11:57:22 DAGMAN_LOG_ON_NFS_IS_ERROR setting: False
10/14/22 11:57:22 Default node log file is: </home/hongyin.chen/Full_Dev/CCSNet/H1/condor/omicron.dag.nodes.log>
10/14/22 11:57:22 DAG Lockfile will be written to /home/hongyin.chen/Full_Dev/CCSNet/H1/condor/omicron.dag.lock
10/14/22 11:57:22 DAG Input file is /home/hongyin.chen/Full_Dev/CCSNet/H1/condor/omicron.dag
10/14/22 11:57:22 Parsing 1 dagfiles
10/14/22 11:57:22 Parsing /home/hongyin.chen/Full_Dev/CCSNet/H1/condor/omicron.dag ...
10/14/22 11:57:22 Adjusting edges
10/14/22 11:57:22 Warning: category postprocessing has no throttle value set
10/14/22 11:57:22 Warning: category omicron has no throttle value set
10/14/22 11:57:22 Dag contains 7 total jobs
10/14/22 11:57:22 Bootstrapping...
10/14/22 11:57:22 Number of pre-completed nodes: 0
10/14/22 11:57:22 MultiLogFiles: truncating log file /home/hongyin.chen/Full_Dev/CCSNet/H1/condor/omicron.dag.nodes.log
10/14/22 11:57:22 DAG status: 0 (DAG_STATUS_OK)
10/14/22 11:57:22 Of 7 nodes total:
10/14/22 11:57:22  Done     Pre   Queued    Post   Ready   Un-Ready   Failed
10/14/22 11:57:22   ===     ===      ===     ===     ===        ===      ===
10/14/22 11:57:22     0       0        0       0       5          2        0
10/14/22 11:57:22 0 job proc(s) currently held
10/14/22 11:57:22 DAGMan Runtime Statistics: [ EventCycleTimeCount = 0.0; EventCycleTimeSum = 0.0; LogProcessCycleTimeCount = 0.0; LogProcessCycleTimeSum = 0.0; SleepCycleTimeCount = 0.0; SleepCycleTimeSum = 0.0; SubmitCycleTimeCount = 0.0; SubmitCycleTimeSum = 0.0; ]
10/14/22 11:57:22 Registering condor_event_timer...
10/14/22 11:57:23 Submitting HTCondor Node a8fe155f7409812679db59b25267b682 job(s)...
10/14/22 11:57:23 Adding a DAGMan workflow log /home/hongyin.chen/Full_Dev/CCSNet/H1/condor/omicron.dag.nodes.log
10/14/22 11:57:23 Masking the events recorded in the DAGMAN workflow log
10/14/22 11:57:23 Mask for workflow log is 0,1,2,4,5,7,9,10,11,12,13,16,17,24,27,35,36
10/14/22 11:57:23 submitting: /usr/bin/condor_submit -a dag_node_name' '=' 'a8fe155f7409812679db59b25267b682 -a +DAGManJobId' '=' '16844076 -a DAGManJobId' '=' '16844076 -batch-name omicron.dag+16844076 -batch-id 16844076.0 -a submit_event_notes' '=' 'DAG' 'Node:' 'a8fe155f7409812679db59b25267b682 -a dagman_log' '=' '/home/hongyin.chen/Full_Dev/CCSNet/H1/condor/omicron.dag.nodes.log -a +DAGManNodesMask' '=' '"0,1,2,4,5,7,9,10,11,12,13,16,17,24,27,35,36" -a JOB=a8fe155f7409812679db59b25267b682 -a macroargument0' '=' '1263590788 -a macroargument1' '=' '1263591014 -a macroargument2' '=' '/home/hongyin.chen/Full_Dev/CCSNet/H1/parameters/parameters-0.txt -a DAG_STATUS' '=' '0 -a FAILED_COUNT' '=' '0 -a +KeepClaimIdle' '=' '20 -a notification' '=' 'never -a +DAGParentNodeNames' '=' '"" /home/hongyin.chen/Full_Dev/CCSNet/H1/condor/omicron.sub
10/14/22 11:57:23 From submit: /usr/bin/condor_submit: /home/hongyin.chen/miniconda3/lib/libuuid.so.1: no version information available (required by /usr/lib64/libcondor_utils_9_0_17.so)
10/14/22 11:57:23 From submit: Submitting job(s).
10/14/22 11:57:23 From submit: 1 job(s) submitted to cluster 16844077.
10/14/22 11:57:23 From submit: WARNING: the line 'JOB = a8fe155f7409812679db59b25267b682' was unused by condor_submit. Is it a typo?
10/14/22 11:57:23 	assigned HTCondor ID (16844077.0.0)
10/14/22 11:57:23 Submitting HTCondor Node 85a296703df940c9378cf859967482ed job(s)...
10/14/22 11:57:23 Adding a DAGMan workflow log /home/hongyin.chen/Full_Dev/CCSNet/H1/condor/omicron.dag.nodes.log
10/14/22 11:57:23 Masking the events recorded in the DAGMAN workflow log
10/14/22 11:57:23 Mask for workflow log is 0,1,2,4,5,7,9,10,11,12,13,16,17,24,27,35,36
10/14/22 11:57:23 submitting: /usr/bin/condor_submit -a dag_node_name' '=' '85a296703df940c9378cf859967482ed -a +DAGManJobId' '=' '16844076 -a DAGManJobId' '=' '16844076 -batch-name omicron.dag+16844076 -batch-id 16844076.0 -a submit_event_notes' '=' 'DAG' 'Node:' '85a296703df940c9378cf859967482ed -a dagman_log' '=' '/home/hongyin.chen/Full_Dev/CCSNet/H1/condor/omicron.dag.nodes.log -a +DAGManNodesMask' '=' '"0,1,2,4,5,7,9,10,11,12,13,16,17,24,27,35,36" -a JOB=85a296703df940c9378cf859967482ed -a macroargument0' '=' '1263590188 -a macroargument1' '=' '1263590792 -a macroargument2' '=' '/home/hongyin.chen/Full_Dev/CCSNet/H1/parameters/parameters-0.txt -a DAG_STATUS' '=' '0 -a FAILED_COUNT' '=' '0 -a +KeepClaimIdle' '=' '20 -a notification' '=' 'never -a +DAGParentNodeNames' '=' '"" /home/hongyin.chen/Full_Dev/CCSNet/H1/condor/omicron.sub
10/14/22 11:57:23 From submit: /usr/bin/condor_submit: /home/hongyin.chen/miniconda3/lib/libuuid.so.1: no version information available (required by /usr/lib64/libcondor_utils_9_0_17.so)
10/14/22 11:57:23 From submit: Submitting job(s).
10/14/22 11:57:23 From submit: 1 job(s) submitted to cluster 16844078.
10/14/22 11:57:23 From submit: WARNING: the line 'JOB = 85a296703df940c9378cf859967482ed' was unused by condor_submit. Is it a typo?
10/14/22 11:57:23 	assigned HTCondor ID (16844078.0.0)
10/14/22 11:57:23 Submitting HTCondor Node e580e82b786d3da67205ae23d19f8286 job(s)...
10/14/22 11:57:23 Adding a DAGMan workflow log /home/hongyin.chen/Full_Dev/CCSNet/H1/condor/omicron.dag.nodes.log
10/14/22 11:57:23 Masking the events recorded in the DAGMAN workflow log
10/14/22 11:57:23 Mask for workflow log is 0,1,2,4,5,7,9,10,11,12,13,16,17,24,27,35,36
10/14/22 11:57:23 submitting: /usr/bin/condor_submit -a dag_node_name' '=' 'e580e82b786d3da67205ae23d19f8286 -a +DAGManJobId' '=' '16844076 -a DAGManJobId' '=' '16844076 -batch-name omicron.dag+16844076 -batch-id 16844076.0 -a submit_event_notes' '=' 'DAG' 'Node:' 'e580e82b786d3da67205ae23d19f8286 -a dagman_log' '=' '/home/hongyin.chen/Full_Dev/CCSNet/H1/condor/omicron.dag.nodes.log -a +DAGManNodesMask' '=' '"0,1,2,4,5,7,9,10,11,12,13,16,17,24,27,35,36" -a JOB=e580e82b786d3da67205ae23d19f8286 -a macroargument0' '=' '1263589588 -a macroargument1' '=' '1263590192 -a macroargument2' '=' '/home/hongyin.chen/Full_Dev/CCSNet/H1/parameters/parameters-0.txt -a DAG_STATUS' '=' '0 -a FAILED_COUNT' '=' '0 -a +KeepClaimIdle' '=' '20 -a notification' '=' 'never -a +DAGParentNodeNames' '=' '"" /home/hongyin.chen/Full_Dev/CCSNet/H1/condor/omicron.sub
10/14/22 11:57:23 From submit: /usr/bin/condor_submit: /home/hongyin.chen/miniconda3/lib/libuuid.so.1: no version information available (required by /usr/lib64/libcondor_utils_9_0_17.so)
10/14/22 11:57:23 From submit: Submitting job(s).
10/14/22 11:57:23 From submit: 1 job(s) submitted to cluster 16844079.
10/14/22 11:57:23 From submit: WARNING: the line 'JOB = e580e82b786d3da67205ae23d19f8286' was unused by condor_submit. Is it a typo?
10/14/22 11:57:23 	assigned HTCondor ID (16844079.0.0)
10/14/22 11:57:23 Submitting HTCondor Node 976f827aae542ab3aa1093e01ce5e7b3 job(s)...
10/14/22 11:57:23 Adding a DAGMan workflow log /home/hongyin.chen/Full_Dev/CCSNet/H1/condor/omicron.dag.nodes.log
10/14/22 11:57:23 Masking the events recorded in the DAGMAN workflow log
10/14/22 11:57:23 Mask for workflow log is 0,1,2,4,5,7,9,10,11,12,13,16,17,24,27,35,36
10/14/22 11:57:23 submitting: /usr/bin/condor_submit -a dag_node_name' '=' '976f827aae542ab3aa1093e01ce5e7b3 -a +DAGManJobId' '=' '16844076 -a DAGManJobId' '=' '16844076 -batch-name omicron.dag+16844076 -batch-id 16844076.0 -a submit_event_notes' '=' 'DAG' 'Node:' '976f827aae542ab3aa1093e01ce5e7b3 -a dagman_log' '=' '/home/hongyin.chen/Full_Dev/CCSNet/H1/condor/omicron.dag.nodes.log -a +DAGManNodesMask' '=' '"0,1,2,4,5,7,9,10,11,12,13,16,17,24,27,35,36" -a JOB=976f827aae542ab3aa1093e01ce5e7b3 -a macroargument0' '=' '1263588988 -a macroargument1' '=' '1263589592 -a macroargument2' '=' '/home/hongyin.chen/Full_Dev/CCSNet/H1/parameters/parameters-0.txt -a DAG_STATUS' '=' '0 -a FAILED_COUNT' '=' '0 -a +KeepClaimIdle' '=' '20 -a notification' '=' 'never -a +DAGParentNodeNames' '=' '"" /home/hongyin.chen/Full_Dev/CCSNet/H1/condor/omicron.sub
10/14/22 11:57:23 From submit: /usr/bin/condor_submit: /home/hongyin.chen/miniconda3/lib/libuuid.so.1: no version information available (required by /usr/lib64/libcondor_utils_9_0_17.so)
10/14/22 11:57:23 From submit: Submitting job(s).
10/14/22 11:57:23 From submit: 1 job(s) submitted to cluster 16844080.
10/14/22 11:57:23 From submit: WARNING: the line 'JOB = 976f827aae542ab3aa1093e01ce5e7b3' was unused by condor_submit. Is it a typo?
10/14/22 11:57:23 	assigned HTCondor ID (16844080.0.0)
10/14/22 11:57:23 Submitting HTCondor Node 015d0b274ac59c03b0fa5af4dcfbcc6d job(s)...
10/14/22 11:57:23 Adding a DAGMan workflow log /home/hongyin.chen/Full_Dev/CCSNet/H1/condor/omicron.dag.nodes.log
10/14/22 11:57:23 Masking the events recorded in the DAGMAN workflow log
10/14/22 11:57:23 Mask for workflow log is 0,1,2,4,5,7,9,10,11,12,13,16,17,24,27,35,36
10/14/22 11:57:23 submitting: /usr/bin/condor_submit -a dag_node_name' '=' '015d0b274ac59c03b0fa5af4dcfbcc6d -a +DAGManJobId' '=' '16844076 -a DAGManJobId' '=' '16844076 -batch-name omicron.dag+16844076 -batch-id 16844076.0 -a submit_event_notes' '=' 'DAG' 'Node:' '015d0b274ac59c03b0fa5af4dcfbcc6d -a dagman_log' '=' '/home/hongyin.chen/Full_Dev/CCSNet/H1/condor/omicron.dag.nodes.log -a +DAGManNodesMask' '=' '"0,1,2,4,5,7,9,10,11,12,13,16,17,24,27,35,36" -a JOB=015d0b274ac59c03b0fa5af4dcfbcc6d -a macroargument0' '=' '1263588388 -a macroargument1' '=' '1263588992 -a macroargument2' '=' '/home/hongyin.chen/Full_Dev/CCSNet/H1/parameters/parameters-0.txt -a DAG_STATUS' '=' '0 -a FAILED_COUNT' '=' '0 -a +KeepClaimIdle' '=' '20 -a notification' '=' 'never -a +DAGParentNodeNames' '=' '"" /home/hongyin.chen/Full_Dev/CCSNet/H1/condor/omicron.sub
10/14/22 11:57:23 From submit: /usr/bin/condor_submit: /home/hongyin.chen/miniconda3/lib/libuuid.so.1: no version information available (required by /usr/lib64/libcondor_utils_9_0_17.so)
10/14/22 11:57:23 From submit: Submitting job(s).
10/14/22 11:57:23 From submit: 1 job(s) submitted to cluster 16844081.
10/14/22 11:57:23 From submit: WARNING: the line 'JOB = 015d0b274ac59c03b0fa5af4dcfbcc6d' was unused by condor_submit. Is it a typo?
10/14/22 11:57:23 	assigned HTCondor ID (16844081.0.0)
10/14/22 11:57:23 Just submitted 5 jobs this cycle...
10/14/22 11:57:23 DAG status: 0 (DAG_STATUS_OK)
10/14/22 11:57:23 Of 7 nodes total:
10/14/22 11:57:23  Done     Pre   Queued    Post   Ready   Un-Ready   Failed
10/14/22 11:57:23   ===     ===      ===     ===     ===        ===      ===
10/14/22 11:57:23     0       0        5       0       0          2        0
10/14/22 11:57:23 0 job proc(s) currently held
10/14/22 11:57:23 DAGMan Runtime Statistics: [ EventCycleTimeCount = 0.0; EventCycleTimeSum = 0.0; LogProcessCycleTimeCount = 0.0; LogProcessCycleTimeSum = 0.0; SleepCycleTimeCount = 0.0; SleepCycleTimeSum = 0.0; SubmitCycleTimeAvg = 0.2567219734191895; SubmitCycleTimeCount = 1.0; SubmitCycleTimeMax = 0.2567219734191895; SubmitCycleTimeMin = 0.2567219734191895; SubmitCycleTimeStd = 0.2567219734191895; SubmitCycleTimeSum = 0.2567219734191895; ]
10/14/22 11:57:28 Currently monitoring 1 HTCondor log file(s)
10/14/22 11:57:28 Reassigning the id of job a8fe155f7409812679db59b25267b682 from (16844077.0.0) to (16844077.0.0)
10/14/22 11:57:28 Event: ULOG_SUBMIT for HTCondor Node a8fe155f7409812679db59b25267b682 (16844077.0.0) {10/14/22 11:57:23}
10/14/22 11:57:28 Number of idle job procs: 1
10/14/22 11:57:28 Reassigning the id of job 85a296703df940c9378cf859967482ed from (16844078.0.0) to (16844078.0.0)
10/14/22 11:57:28 Event: ULOG_SUBMIT for HTCondor Node 85a296703df940c9378cf859967482ed (16844078.0.0) {10/14/22 11:57:23}
10/14/22 11:57:28 Number of idle job procs: 2
10/14/22 11:57:28 Reassigning the id of job e580e82b786d3da67205ae23d19f8286 from (16844079.0.0) to (16844079.0.0)
10/14/22 11:57:28 Event: ULOG_SUBMIT for HTCondor Node e580e82b786d3da67205ae23d19f8286 (16844079.0.0) {10/14/22 11:57:23}
10/14/22 11:57:28 Number of idle job procs: 3
10/14/22 11:57:28 Reassigning the id of job 976f827aae542ab3aa1093e01ce5e7b3 from (16844080.0.0) to (16844080.0.0)
10/14/22 11:57:28 Event: ULOG_SUBMIT for HTCondor Node 976f827aae542ab3aa1093e01ce5e7b3 (16844080.0.0) {10/14/22 11:57:23}
10/14/22 11:57:28 Number of idle job procs: 4
10/14/22 11:57:28 Reassigning the id of job 015d0b274ac59c03b0fa5af4dcfbcc6d from (16844081.0.0) to (16844081.0.0)
10/14/22 11:57:28 Event: ULOG_SUBMIT for HTCondor Node 015d0b274ac59c03b0fa5af4dcfbcc6d (16844081.0.0) {10/14/22 11:57:23}
10/14/22 11:57:28 Number of idle job procs: 5
10/14/22 11:58:38 Currently monitoring 1 HTCondor log file(s)
10/14/22 11:58:38 Event: ULOG_EXECUTE for HTCondor Node 85a296703df940c9378cf859967482ed (16844078.0.0) {10/14/22 11:58:33}
10/14/22 11:58:38 Number of idle job procs: 4
10/14/22 11:58:38 Event: ULOG_EXECUTE for HTCondor Node e580e82b786d3da67205ae23d19f8286 (16844079.0.0) {10/14/22 11:58:34}
10/14/22 11:58:38 Number of idle job procs: 3
10/14/22 11:58:38 Event: ULOG_EXECUTE for HTCondor Node a8fe155f7409812679db59b25267b682 (16844077.0.0) {10/14/22 11:58:34}
10/14/22 11:58:38 Number of idle job procs: 2
10/14/22 11:58:53 Currently monitoring 1 HTCondor log file(s)
10/14/22 11:58:53 Event: ULOG_JOB_TERMINATED for HTCondor Node 85a296703df940c9378cf859967482ed (16844078.0.0) {10/14/22 11:58:53}
10/14/22 11:58:53 Number of idle job procs: 2
10/14/22 11:58:53 Node 85a296703df940c9378cf859967482ed job proc (16844078.0.0) completed successfully.
10/14/22 11:58:53 Node 85a296703df940c9378cf859967482ed job completed
10/14/22 11:58:53 Event: ULOG_EXECUTE for HTCondor Node 976f827aae542ab3aa1093e01ce5e7b3 (16844080.0.0) {10/14/22 11:58:53}
10/14/22 11:58:53 Number of idle job procs: 1
10/14/22 11:58:53 DAG status: 0 (DAG_STATUS_OK)
10/14/22 11:58:53 Of 7 nodes total:
10/14/22 11:58:53  Done     Pre   Queued    Post   Ready   Un-Ready   Failed
10/14/22 11:58:53   ===     ===      ===     ===     ===        ===      ===
10/14/22 11:58:53     1       0        4       0       0          2        0
10/14/22 11:58:53 0 job proc(s) currently held
10/14/22 11:58:53 DAGMan Runtime Statistics: [ EventCycleTimeAvg = 0.01451533370547824; EventCycleTimeCount = 18.0; EventCycleTimeMax = 0.2570040225982666; EventCycleTimeMin = 4.506111145019531E-05; EventCycleTimeStd = 0.06051772111564306; EventCycleTimeSum = 0.2612760066986084; LogProcessCycleTimeAvg = 0.0004512468973795573; LogProcessCycleTimeCount = 3.0; LogProcessCycleTimeMax = 0.0006048679351806641; LogProcessCycleTimeMin = 0.0003190040588378906; LogProcessCycleTimeStd = 0.0001441260195180292; LogProcessCycleTimeSum = 0.001353740692138672; SleepCycleTimeAvg = 5.004817326863606; SleepCycleTimeCount = 18.0; SleepCycleTimeMax = 5.005947113037109; SleepCycleTimeMin = 5.004183053970337; SleepCycleTimeStd = 0.0003892434138899149; SleepCycleTimeSum = 90.08671188354492; SubmitCycleTimeAvg = 0.01360205600136205; SubmitCycleTimeCount = 19.0; SubmitCycleTimeMax = 0.2567219734191895; SubmitCycleTimeMin = 2.193450927734375E-05; SubmitCycleTimeStd = 0.05887430327192502; SubmitCycleTimeSum = 0.2584390640258789; ]
10/14/22 11:58:58 Currently monitoring 1 HTCondor log file(s)
10/14/22 11:58:58 Event: ULOG_JOB_TERMINATED for HTCondor Node a8fe155f7409812679db59b25267b682 (16844077.0.0) {10/14/22 11:58:57}
10/14/22 11:58:58 Number of idle job procs: 1
10/14/22 11:58:58 Node a8fe155f7409812679db59b25267b682 job proc (16844077.0.0) completed successfully.
10/14/22 11:58:58 Node a8fe155f7409812679db59b25267b682 job completed
10/14/22 11:58:58 Event: ULOG_EXECUTE for HTCondor Node 015d0b274ac59c03b0fa5af4dcfbcc6d (16844081.0.0) {10/14/22 11:58:57}
10/14/22 11:58:58 Number of idle job procs: 0
10/14/22 11:58:58 DAG status: 0 (DAG_STATUS_OK)
10/14/22 11:58:58 Of 7 nodes total:
10/14/22 11:58:58  Done     Pre   Queued    Post   Ready   Un-Ready   Failed
10/14/22 11:58:58   ===     ===      ===     ===     ===        ===      ===
10/14/22 11:58:58     2       0        3       0       0          2        0
10/14/22 11:58:58 0 job proc(s) currently held
10/14/22 11:58:58 DAGMan Runtime Statistics: [ EventCycleTimeAvg = 0.01380958055195055; EventCycleTimeCount = 19.0; EventCycleTimeMax = 0.2570040225982666; EventCycleTimeMin = 4.506111145019531E-05; EventCycleTimeStd = 0.05889305448730919; EventCycleTimeSum = 0.2623820304870605; LogProcessCycleTimeAvg = 0.0004256963729858398; LogProcessCycleTimeCount = 4.0; LogProcessCycleTimeMax = 0.0006048679351806641; LogProcessCycleTimeMin = 0.0003190040588378906; LogProcessCycleTimeStd = 0.0001282946745656916; LogProcessCycleTimeSum = 0.001702785491943359; SleepCycleTimeAvg = 5.004830310219212; SleepCycleTimeCount = 19.0; SleepCycleTimeMax = 5.005947113037109; SleepCycleTimeMin = 5.004183053970337; SleepCycleTimeStd = 0.0003824865676671801; SleepCycleTimeSum = 95.09177589416504; SubmitCycleTimeAvg = 0.01292359828948975; SubmitCycleTimeCount = 20.0; SubmitCycleTimeMax = 0.2567219734191895; SubmitCycleTimeMin = 2.193450927734375E-05; SubmitCycleTimeStd = 0.05738430942383872; SubmitCycleTimeSum = 0.2584719657897949; ]
10/14/22 11:59:08 Currently monitoring 1 HTCondor log file(s)
10/14/22 11:59:08 Event: ULOG_JOB_TERMINATED for HTCondor Node 976f827aae542ab3aa1093e01ce5e7b3 (16844080.0.0) {10/14/22 11:59:04}
10/14/22 11:59:08 Number of idle job procs: 0
10/14/22 11:59:08 Node 976f827aae542ab3aa1093e01ce5e7b3 job proc (16844080.0.0) completed successfully.
10/14/22 11:59:08 Node 976f827aae542ab3aa1093e01ce5e7b3 job completed
10/14/22 11:59:08 DAG status: 0 (DAG_STATUS_OK)
10/14/22 11:59:08 Of 7 nodes total:
10/14/22 11:59:08  Done     Pre   Queued    Post   Ready   Un-Ready   Failed
10/14/22 11:59:08   ===     ===      ===     ===     ===        ===      ===
10/14/22 11:59:08     3       0        2       0       0          2        0
10/14/22 11:59:08 0 job proc(s) currently held
10/14/22 11:59:08 DAGMan Runtime Statistics: [ EventCycleTimeAvg = 0.01253700256347656; EventCycleTimeCount = 21.0; EventCycleTimeMax = 0.2570040225982666; EventCycleTimeMin = 4.506111145019531E-05; EventCycleTimeStd = 0.05601527509205049; EventCycleTimeSum = 0.2632770538330078; LogProcessCycleTimeAvg = 0.0004031658172607422; LogProcessCycleTimeCount = 5.0; LogProcessCycleTimeMax = 0.0006048679351806641; LogProcessCycleTimeMin = 0.0003130435943603516; LogProcessCycleTimeStd = 0.0001219949685349612; LogProcessCycleTimeSum = 0.002015829086303711; SleepCycleTimeAvg = 5.004795664832706; SleepCycleTimeCount = 21.0; SleepCycleTimeMax = 5.005947113037109; SleepCycleTimeMin = 5.004172086715698; SleepCycleTimeStd = 0.0003902682307518973; SleepCycleTimeSum = 105.1007089614868; SubmitCycleTimeAvg = 0.01175159757787531; SubmitCycleTimeCount = 22.0; SubmitCycleTimeMax = 0.2567219734191895; SubmitCycleTimeMin = 2.193450927734375E-05; SubmitCycleTimeStd = 0.05471502329275704; SubmitCycleTimeSum = 0.2585351467132568; ]
10/14/22 11:59:13 Currently monitoring 1 HTCondor log file(s)
10/14/22 11:59:13 Event: ULOG_JOB_TERMINATED for HTCondor Node e580e82b786d3da67205ae23d19f8286 (16844079.0.0) {10/14/22 11:59:12}
10/14/22 11:59:13 Number of idle job procs: 0
10/14/22 11:59:13 Node e580e82b786d3da67205ae23d19f8286 job proc (16844079.0.0) completed successfully.
10/14/22 11:59:13 Node e580e82b786d3da67205ae23d19f8286 job completed
10/14/22 11:59:13 DAG status: 0 (DAG_STATUS_OK)
10/14/22 11:59:13 Of 7 nodes total:
10/14/22 11:59:13  Done     Pre   Queued    Post   Ready   Un-Ready   Failed
10/14/22 11:59:13   ===     ===      ===     ===     ===        ===      ===
10/14/22 11:59:13     4       0        1       0       0          2        0
10/14/22 11:59:13 0 job proc(s) currently held
10/14/22 11:59:13 DAGMan Runtime Statistics: [ EventCycleTimeAvg = 0.01200386610898105; EventCycleTimeCount = 22.0; EventCycleTimeMax = 0.2570040225982666; EventCycleTimeMin = 4.506111145019531E-05; EventCycleTimeStd = 0.05472247610056349; EventCycleTimeSum = 0.264085054397583; LogProcessCycleTimeAvg = 0.0003913243611653646; LogProcessCycleTimeCount = 6.0; LogProcessCycleTimeMax = 0.0006048679351806641; LogProcessCycleTimeMin = 0.0003130435943603516; LogProcessCycleTimeStd = 0.0001129049971127474; LogProcessCycleTimeSum = 0.002347946166992188; SleepCycleTimeAvg = 5.004768404093656; SleepCycleTimeCount = 22.0; SleepCycleTimeMax = 5.005947113037109; SleepCycleTimeMin = 5.004172086715698; SleepCycleTimeStd = 0.0004017533190058937; SleepCycleTimeSum = 110.1049048900604; SubmitCycleTimeAvg = 0.01124230675075365; SubmitCycleTimeCount = 23.0; SubmitCycleTimeMax = 0.2567219734191895; SubmitCycleTimeMin = 2.193450927734375E-05; SubmitCycleTimeStd = 0.05351280819012166; SubmitCycleTimeSum = 0.258573055267334; ]
10/14/22 11:59:28 Currently monitoring 1 HTCondor log file(s)
10/14/22 11:59:28 Event: ULOG_JOB_TERMINATED for HTCondor Node 015d0b274ac59c03b0fa5af4dcfbcc6d (16844081.0.0) {10/14/22 11:59:25}
10/14/22 11:59:28 Number of idle job procs: 0
10/14/22 11:59:28 Node 015d0b274ac59c03b0fa5af4dcfbcc6d job proc (16844081.0.0) completed successfully.
10/14/22 11:59:28 Node 015d0b274ac59c03b0fa5af4dcfbcc6d job completed
10/14/22 11:59:28 DAG status: 0 (DAG_STATUS_OK)
10/14/22 11:59:28 Of 7 nodes total:
10/14/22 11:59:28  Done     Pre   Queued    Post   Ready   Un-Ready   Failed
10/14/22 11:59:28   ===     ===      ===     ===     ===        ===      ===
10/14/22 11:59:28     5       0        0       0       1          1        0
10/14/22 11:59:28 0 job proc(s) currently held
10/14/22 11:59:28 DAGMan Runtime Statistics: [ EventCycleTimeAvg = 0.01061247825622559; EventCycleTimeCount = 25.0; EventCycleTimeMax = 0.2570040225982666; EventCycleTimeMin = 4.506111145019531E-05; EventCycleTimeStd = 0.05133251931315632; EventCycleTimeSum = 0.2653119564056396; LogProcessCycleTimeAvg = 0.0003811291285923549; LogProcessCycleTimeCount = 7.0; LogProcessCycleTimeMax = 0.0006048679351806641; LogProcessCycleTimeMin = 0.0003130435943603516; LogProcessCycleTimeStd = 0.0001065389506927655; LogProcessCycleTimeSum = 0.002667903900146484; SleepCycleTimeAvg = 5.00474663734436; SleepCycleTimeCount = 25.0; SleepCycleTimeMax = 5.005947113037109; SleepCycleTimeMin = 5.004172086715698; SleepCycleTimeStd = 0.0003906652962978567; SleepCycleTimeSum = 125.118665933609; SubmitCycleTimeAvg = 0.009958120492788462; SubmitCycleTimeCount = 26.0; SubmitCycleTimeMax = 0.2567219734191895; SubmitCycleTimeMin = 2.193450927734375E-05; SubmitCycleTimeStd = 0.05033027842358123; SubmitCycleTimeSum = 0.2589111328125; ]
10/14/22 11:59:33 Submitting HTCondor Node 0d9e5c0599bf9fc2f4e58149ed7f0d4f job(s)...
10/14/22 11:59:33 Adding a DAGMan workflow log /home/hongyin.chen/Full_Dev/CCSNet/H1/condor/omicron.dag.nodes.log
10/14/22 11:59:33 Masking the events recorded in the DAGMAN workflow log
10/14/22 11:59:33 Mask for workflow log is 0,1,2,4,5,7,9,10,11,12,13,16,17,24,27,35,36
10/14/22 11:59:33 submitting: /usr/bin/condor_submit -a dag_node_name' '=' '0d9e5c0599bf9fc2f4e58149ed7f0d4f -a +DAGManJobId' '=' '16844076 -a DAGManJobId' '=' '16844076 -batch-name omicron.dag+16844076 -batch-id 16844076.0 -a submit_event_notes' '=' 'DAG' 'Node:' '0d9e5c0599bf9fc2f4e58149ed7f0d4f -a dagman_log' '=' '/home/hongyin.chen/Full_Dev/CCSNet/H1/condor/omicron.dag.nodes.log -a +DAGManNodesMask' '=' '"0,1,2,4,5,7,9,10,11,12,13,16,17,24,27,35,36" -a JOB=0d9e5c0599bf9fc2f4e58149ed7f0d4f -a macroargument0' '=' '/home/hongyin.chen/Full_Dev/CCSNet/H1/condor/post-process-0-1263588388-1263591014.sh -a DAG_STATUS' '=' '0 -a FAILED_COUNT' '=' '0 -a +KeepClaimIdle' '=' '20 -a notification' '=' 'never -a +DAGParentNodeNames' '=' '"015d0b274ac59c03b0fa5af4dcfbcc6d,976f827aae542ab3aa1093e01ce5e7b3,e580e82b786d3da67205ae23d19f8286,85a296703df940c9378cf859967482ed,a8fe155f7409812679db59b25267b682" /home/hongyin.chen/Full_Dev/CCSNet/H1/condor/post-processing.sub
10/14/22 11:59:33 From submit: /usr/bin/condor_submit: /home/hongyin.chen/miniconda3/lib/libuuid.so.1: no version information available (required by /usr/lib64/libcondor_utils_9_0_17.so)
10/14/22 11:59:33 From submit: Submitting job(s).
10/14/22 11:59:33 From submit: 1 job(s) submitted to cluster 16844082.
10/14/22 11:59:33 From submit: WARNING: the line 'JOB = 0d9e5c0599bf9fc2f4e58149ed7f0d4f' was unused by condor_submit. Is it a typo?
10/14/22 11:59:33 	assigned HTCondor ID (16844082.0.0)
10/14/22 11:59:33 Just submitted 1 job this cycle...
10/14/22 11:59:33 DAG status: 0 (DAG_STATUS_OK)
10/14/22 11:59:33 Of 7 nodes total:
10/14/22 11:59:33  Done     Pre   Queued    Post   Ready   Un-Ready   Failed
10/14/22 11:59:33   ===     ===      ===     ===     ===        ===      ===
10/14/22 11:59:33     5       0        1       0       0          1        0
10/14/22 11:59:33 0 job proc(s) currently held
10/14/22 11:59:33 DAGMan Runtime Statistics: [ EventCycleTimeAvg = 0.01023496114290678; EventCycleTimeCount = 26.0; EventCycleTimeMax = 0.2570040225982666; EventCycleTimeMin = 4.506111145019531E-05; EventCycleTimeStd = 0.05033221568653825; EventCycleTimeSum = 0.2661089897155762; LogProcessCycleTimeAvg = 0.0003811291285923549; LogProcessCycleTimeCount = 7.0; LogProcessCycleTimeMax = 0.0006048679351806641; LogProcessCycleTimeMin = 0.0003130435943603516; LogProcessCycleTimeStd = 0.0001065389506927655; LogProcessCycleTimeSum = 0.002667903900146484; SleepCycleTimeAvg = 5.004725923905005; SleepCycleTimeCount = 26.0; SleepCycleTimeMax = 5.005947113037109; SleepCycleTimeMin = 5.004172086715698; SleepCycleTimeStd = 0.0003970765801523271; SleepCycleTimeSum = 130.1228740215302; SubmitCycleTimeAvg = 0.01173445030494973; SubmitCycleTimeCount = 27.0; SubmitCycleTimeMax = 0.2567219734191895; SubmitCycleTimeMin = 2.193450927734375E-05; SubmitCycleTimeStd = 0.05020859456430218; SubmitCycleTimeSum = 0.3168301582336426; ]
10/14/22 11:59:38 Currently monitoring 1 HTCondor log file(s)
10/14/22 11:59:38 Reassigning the id of job 0d9e5c0599bf9fc2f4e58149ed7f0d4f from (16844082.0.0) to (16844082.0.0)
10/14/22 11:59:38 Event: ULOG_SUBMIT for HTCondor Node 0d9e5c0599bf9fc2f4e58149ed7f0d4f (16844082.0.0) {10/14/22 11:59:33}
10/14/22 11:59:38 Number of idle job procs: 1
10/14/22 11:59:43 Currently monitoring 1 HTCondor log file(s)
10/14/22 11:59:43 Event: ULOG_EXECUTE for HTCondor Node 0d9e5c0599bf9fc2f4e58149ed7f0d4f (16844082.0.0) {10/14/22 11:59:41}
10/14/22 11:59:43 Number of idle job procs: 0
10/14/22 12:00:28 Currently monitoring 1 HTCondor log file(s)
10/14/22 12:00:28 Event: ULOG_JOB_TERMINATED for HTCondor Node 0d9e5c0599bf9fc2f4e58149ed7f0d4f (16844082.0.0) {10/14/22 12:00:25}
10/14/22 12:00:28 Number of idle job procs: 0
10/14/22 12:00:28 Node 0d9e5c0599bf9fc2f4e58149ed7f0d4f job proc (16844082.0.0) completed successfully.
10/14/22 12:00:28 Node 0d9e5c0599bf9fc2f4e58149ed7f0d4f job completed
10/14/22 12:00:28 DAG status: 0 (DAG_STATUS_OK)
10/14/22 12:00:28 Of 7 nodes total:
10/14/22 12:00:28  Done     Pre   Queued    Post   Ready   Un-Ready   Failed
10/14/22 12:00:28   ===     ===      ===     ===     ===        ===      ===
10/14/22 12:00:28     6       0        0       0       1          0        0
10/14/22 12:00:28 0 job proc(s) currently held
10/14/22 12:00:28 DAGMan Runtime Statistics: [ EventCycleTimeAvg = 0.008831546113297745; EventCycleTimeCount = 37.0; EventCycleTimeMax = 0.2570040225982666; EventCycleTimeMin = 4.506111145019531E-05; EventCycleTimeStd = 0.04300114039394595; EventCycleTimeSum = 0.3267672061920166; LogProcessCycleTimeAvg = 0.0003419876098632813; LogProcessCycleTimeCount = 10.0; LogProcessCycleTimeMax = 0.0006048679351806641; LogProcessCycleTimeMin = 0.0001840591430664062; LogProcessCycleTimeStd = 0.0001140166737227991; LogProcessCycleTimeSum = 0.003419876098632812; SleepCycleTimeAvg = 5.004736668354756; SleepCycleTimeCount = 37.0; SleepCycleTimeMax = 5.005947113037109; SleepCycleTimeMin = 5.004172086715698; SleepCycleTimeStd = 0.0003426686090254631; SleepCycleTimeSum = 185.175256729126; SubmitCycleTimeAvg = 0.008363974721808182; SubmitCycleTimeCount = 38.0; SubmitCycleTimeMax = 0.2567219734191895; SubmitCycleTimeMin = 2.193450927734375E-05; SubmitCycleTimeStd = 0.04242743581415492; SubmitCycleTimeSum = 0.3178310394287109; ]
10/14/22 12:00:33 Submitting HTCondor Node 8016a08a4793d302a3f93b3019aecb0c job(s)...
10/14/22 12:00:33 Adding a DAGMan workflow log /home/hongyin.chen/Full_Dev/CCSNet/H1/condor/omicron.dag.nodes.log
10/14/22 12:00:33 Masking the events recorded in the DAGMAN workflow log
10/14/22 12:00:33 Mask for workflow log is 0,1,2,4,5,7,9,10,11,12,13,16,17,24,27,35,36
10/14/22 12:00:33 submitting: /usr/bin/condor_submit -a dag_node_name' '=' '8016a08a4793d302a3f93b3019aecb0c -a +DAGManJobId' '=' '16844076 -a DAGManJobId' '=' '16844076 -batch-name omicron.dag+16844076 -batch-id 16844076.0 -a submit_event_notes' '=' 'DAG' 'Node:' '8016a08a4793d302a3f93b3019aecb0c -a dagman_log' '=' '/home/hongyin.chen/Full_Dev/CCSNet/H1/condor/omicron.dag.nodes.log -a +DAGManNodesMask' '=' '"0,1,2,4,5,7,9,10,11,12,13,16,17,24,27,35,36" -a JOB=8016a08a4793d302a3f93b3019aecb0c -a DAG_STATUS' '=' '0 -a FAILED_COUNT' '=' '0 -a notification' '=' 'never -a +DAGParentNodeNames' '=' '"0d9e5c0599bf9fc2f4e58149ed7f0d4f" /home/hongyin.chen/Full_Dev/CCSNet/H1/condor/post-processing-rm.sub
10/14/22 12:00:33 From submit: /usr/bin/condor_submit: /home/hongyin.chen/miniconda3/lib/libuuid.so.1: no version information available (required by /usr/lib64/libcondor_utils_9_0_17.so)
10/14/22 12:00:34 From submit: Submitting job(s).
10/14/22 12:00:34 From submit: 1 job(s) submitted to cluster 16844083.
10/14/22 12:00:34 From submit: WARNING: the line 'JOB = 8016a08a4793d302a3f93b3019aecb0c' was unused by condor_submit. Is it a typo?
10/14/22 12:00:34 	assigned HTCondor ID (16844083.0.0)
10/14/22 12:00:34 Just submitted 1 job this cycle...
10/14/22 12:00:34 DAG status: 0 (DAG_STATUS_OK)
10/14/22 12:00:34 Of 7 nodes total:
10/14/22 12:00:34  Done     Pre   Queued    Post   Ready   Un-Ready   Failed
10/14/22 12:00:34   ===     ===      ===     ===     ===        ===      ===
10/14/22 12:00:34     6       0        1       0       0          0        0
10/14/22 12:00:34 0 job proc(s) currently held
10/14/22 12:00:34 DAGMan Runtime Statistics: [ EventCycleTimeAvg = 0.008624873663249769; EventCycleTimeCount = 38.0; EventCycleTimeMax = 0.2570040225982666; EventCycleTimeMin = 4.506111145019531E-05; EventCycleTimeStd = 0.04243519252445399; EventCycleTimeSum = 0.3277451992034912; LogProcessCycleTimeAvg = 0.0003419876098632813; LogProcessCycleTimeCount = 10.0; LogProcessCycleTimeMax = 0.0006048679351806641; LogProcessCycleTimeMin = 0.0001840591430664062; LogProcessCycleTimeStd = 0.0001140166737227991; LogProcessCycleTimeSum = 0.003419876098632812; SleepCycleTimeAvg = 5.004743387824611; SleepCycleTimeCount = 38.0; SleepCycleTimeMax = 5.005947113037109; SleepCycleTimeMin = 5.004172086715698; SleepCycleTimeStd = 0.0003405348154010719; SleepCycleTimeSum = 190.1802487373352; SubmitCycleTimeAvg = 0.009961537825755583; SubmitCycleTimeCount = 39.0; SubmitCycleTimeMax = 0.2567219734191895; SubmitCycleTimeMin = 2.193450927734375E-05; SubmitCycleTimeStd = 0.04303780545124132; SubmitCycleTimeSum = 0.3884999752044678; ]
10/14/22 12:00:39 Currently monitoring 1 HTCondor log file(s)
10/14/22 12:00:39 Reassigning the id of job 8016a08a4793d302a3f93b3019aecb0c from (16844083.0.0) to (16844083.0.0)
10/14/22 12:00:39 Event: ULOG_SUBMIT for HTCondor Node 8016a08a4793d302a3f93b3019aecb0c (16844083.0.0) {10/14/22 12:00:34}
10/14/22 12:00:39 Number of idle job procs: 1
10/14/22 12:00:39 Event: ULOG_EXECUTE for HTCondor Node 8016a08a4793d302a3f93b3019aecb0c (16844083.0.0) {10/14/22 12:00:34}
10/14/22 12:00:39 Number of idle job procs: 0
10/14/22 12:00:39 Event: ULOG_JOB_TERMINATED for HTCondor Node 8016a08a4793d302a3f93b3019aecb0c (16844083.0.0) {10/14/22 12:00:34}
10/14/22 12:00:39 Number of idle job procs: 0
10/14/22 12:00:39 Node 8016a08a4793d302a3f93b3019aecb0c job proc (16844083.0.0) completed successfully.
10/14/22 12:00:39 Node 8016a08a4793d302a3f93b3019aecb0c job completed
10/14/22 12:00:39 DAG status: 0 (DAG_STATUS_OK)
10/14/22 12:00:39 Of 7 nodes total:
10/14/22 12:00:39  Done     Pre   Queued    Post   Ready   Un-Ready   Failed
10/14/22 12:00:39   ===     ===      ===     ===     ===        ===      ===
10/14/22 12:00:39     7       0        0       0       0          0        0
10/14/22 12:00:39 0 job proc(s) currently held
10/14/22 12:00:39 DAGMan Runtime Statistics: [ EventCycleTimeAvg = 0.01022467246422401; EventCycleTimeCount = 39.0; EventCycleTimeMax = 0.2570040225982666; EventCycleTimeMin = 4.506111145019531E-05; EventCycleTimeStd = 0.04304848911813824; EventCycleTimeSum = 0.3987622261047363; LogProcessCycleTimeAvg = 0.0003545501015403054; LogProcessCycleTimeCount = 11.0; LogProcessCycleTimeMax = 0.0006048679351806641; LogProcessCycleTimeMin = 0.0001840591430664062; LogProcessCycleTimeStd = 0.0001159128977578355; LogProcessCycleTimeSum = 0.003900051116943359; SleepCycleTimeAvg = 5.004749273642515; SleepCycleTimeCount = 39.0; SleepCycleTimeMax = 5.005947113037109; SleepCycleTimeMin = 5.004172086715698; SleepCycleTimeStd = 0.0003380286225443344; SleepCycleTimeSum = 195.1852216720581; SubmitCycleTimeAvg = 0.009713351726531982; SubmitCycleTimeCount = 40.0; SubmitCycleTimeMax = 0.2567219734191895; SubmitCycleTimeMin = 2.193450927734375E-05; SubmitCycleTimeStd = 0.0425114442559674; SubmitCycleTimeSum = 0.3885340690612793; ]
10/14/22 12:00:39 All jobs Completed!
10/14/22 12:00:39 Note: 0 total job deferrals because of -MaxJobs limit (12000)
10/14/22 12:00:39 Note: 0 total job deferrals because of -MaxIdle limit (1000)
10/14/22 12:00:39 Note: 0 total job deferrals because of node category throttles
10/14/22 12:00:39 Note: 0 total PRE script deferrals because of -MaxPre limit (20) or DEFER
10/14/22 12:00:39 Note: 0 total POST script deferrals because of -MaxPost limit (20) or DEFER
10/14/22 12:00:39 Note: 0 total HOLD script deferrals because of -MaxHold limit (20) or DEFER
10/14/22 12:00:39 DAG status: 0 (DAG_STATUS_OK)
10/14/22 12:00:39 Of 7 nodes total:
10/14/22 12:00:39  Done     Pre   Queued    Post   Ready   Un-Ready   Failed
10/14/22 12:00:39   ===     ===      ===     ===     ===        ===      ===
10/14/22 12:00:39     7       0        0       0       0          0        0
10/14/22 12:00:39 0 job proc(s) currently held
10/14/22 12:00:39 DAGMan Runtime Statistics: [ EventCycleTimeAvg = 0.01022467246422401; EventCycleTimeCount = 39.0; EventCycleTimeMax = 0.2570040225982666; EventCycleTimeMin = 4.506111145019531E-05; EventCycleTimeStd = 0.04304848911813824; EventCycleTimeSum = 0.3987622261047363; LogProcessCycleTimeAvg = 0.0003545501015403054; LogProcessCycleTimeCount = 11.0; LogProcessCycleTimeMax = 0.0006048679351806641; LogProcessCycleTimeMin = 0.0001840591430664062; LogProcessCycleTimeStd = 0.0001159128977578355; LogProcessCycleTimeSum = 0.003900051116943359; SleepCycleTimeAvg = 5.004749273642515; SleepCycleTimeCount = 39.0; SleepCycleTimeMax = 5.005947113037109; SleepCycleTimeMin = 5.004172086715698; SleepCycleTimeStd = 0.0003380286225443344; SleepCycleTimeSum = 195.1852216720581; SubmitCycleTimeAvg = 0.009713351726531982; SubmitCycleTimeCount = 40.0; SubmitCycleTimeMax = 0.2567219734191895; SubmitCycleTimeMin = 2.193450927734375E-05; SubmitCycleTimeStd = 0.0425114442559674; SubmitCycleTimeSum = 0.3885340690612793; ]
10/14/22 12:00:39 Wrote metrics file /home/hongyin.chen/Full_Dev/CCSNet/H1/condor/omicron.dag.metrics.
10/14/22 12:00:39 DAGMan Runtime Statistics: [ EventCycleTimeAvg = 0.01022467246422401; EventCycleTimeCount = 39.0; EventCycleTimeMax = 0.2570040225982666; EventCycleTimeMin = 4.506111145019531E-05; EventCycleTimeStd = 0.04304848911813824; EventCycleTimeSum = 0.3987622261047363; LogProcessCycleTimeAvg = 0.0003545501015403054; LogProcessCycleTimeCount = 11.0; LogProcessCycleTimeMax = 0.0006048679351806641; LogProcessCycleTimeMin = 0.0001840591430664062; LogProcessCycleTimeStd = 0.0001159128977578355; LogProcessCycleTimeSum = 0.003900051116943359; SleepCycleTimeAvg = 5.004749273642515; SleepCycleTimeCount = 39.0; SleepCycleTimeMax = 5.005947113037109; SleepCycleTimeMin = 5.004172086715698; SleepCycleTimeStd = 0.0003380286225443344; SleepCycleTimeSum = 195.1852216720581; SubmitCycleTimeAvg = 0.009713351726531982; SubmitCycleTimeCount = 40.0; SubmitCycleTimeMax = 0.2567219734191895; SubmitCycleTimeMin = 2.193450927734375E-05; SubmitCycleTimeStd = 0.0425114442559674; SubmitCycleTimeSum = 0.3885340690612793; ]
10/14/22 12:00:39 **** condor_scheduniv_exec.16844076.0 (condor_DAGMAN) pid 3944899 EXITING WITH STATUS 0
