Building DAG of jobs...
Using shell: /usr/bin/bash
Provided cores: 1 (use --cores to define parallelism)
Rules claiming more threads will be scaled down.
Job stats:
job            count
-----------  -------
test_ccsnet        1
total              1

Select jobs to execute...

[Sat Feb 22 17:47:01 2025]
rule test_ccsnet:
    output: /home/andy/sm.txt
    jobid: 0
    reason: Forced execution
    resources: tmpdir=/tmp

[Sat Feb 22 17:47:01 2025]
Finished job 0.
1 of 1 steps (100%) done
Complete log: .snakemake/log/2025-02-22T174700.962909.snakemake.log
